        -:    0:Source:/Library/Developer/CommandLineTools/SDKs/MacOSX14.2.sdk/usr/include/c++/v1/__algorithm/reverse.h
        -:    0:Graph:/Users/ivanmovile/CLionProjects/Stack/cmake-build-debug/_deps/googletest-build/googletest/CMakeFiles/gtest.dir/src/gtest-all.cc.gcno
        -:    0:Data:/Users/ivanmovile/CLionProjects/Stack/cmake-build-debug/_deps/googletest-build/googletest/CMakeFiles/gtest.dir/src/gtest-all.cc.gcda
        -:    0:Runs:1
        -:    0:Programs:1
        -:    1://===----------------------------------------------------------------------===//
        -:    2://
        -:    3:// Part of the LLVM Project, under the Apache License v2.0 with LLVM Exceptions.
        -:    4:// See https://llvm.org/LICENSE.txt for license information.
        -:    5:// SPDX-License-Identifier: Apache-2.0 WITH LLVM-exception
        -:    6://
        -:    7://===----------------------------------------------------------------------===//
        -:    8:
        -:    9:#ifndef _LIBCPP___ALGORITHM_REVERSE_H
        -:   10:#define _LIBCPP___ALGORITHM_REVERSE_H
        -:   11:
        -:   12:#include <__algorithm/iter_swap.h>
        -:   13:#include <__algorithm/iterator_operations.h>
        -:   14:#include <__config>
        -:   15:#include <__iterator/iterator_traits.h>
        -:   16:#include <__utility/move.h>
        -:   17:
        -:   18:#if !defined(_LIBCPP_HAS_NO_PRAGMA_SYSTEM_HEADER)
        -:   19:#  pragma GCC system_header
        -:   20:#endif
        -:   21:
        -:   22:_LIBCPP_BEGIN_NAMESPACE_STD
        -:   23:
        -:   24:template <class _AlgPolicy, class _BidirectionalIterator>
        -:   25:inline _LIBCPP_INLINE_VISIBILITY _LIBCPP_CONSTEXPR_SINCE_CXX20
        -:   26:void
        -:   27:__reverse_impl(_BidirectionalIterator __first, _BidirectionalIterator __last, bidirectional_iterator_tag)
        -:   28:{
        -:   29:    while (__first != __last)
        -:   30:    {
        -:   31:        if (__first == --__last)
        -:   32:            break;
        -:   33:        _IterOps<_AlgPolicy>::iter_swap(__first, __last);
        -:   34:        ++__first;
        -:   35:    }
        -:   36:}
        -:   37:
        -:   38:template <class _AlgPolicy, class _RandomAccessIterator>
        -:   39:inline _LIBCPP_INLINE_VISIBILITY _LIBCPP_CONSTEXPR_SINCE_CXX20
        -:   40:void
function _ZNSt3__114__reverse_implB7v160006INS_17_ClassicAlgPolicyENS_11__wrap_iterIPN7testing8internal13edit_distance8EditTypeEEEEEvT0_S9_NS_26random_access_iterator_tagE called 0 returned 0% blocks executed 0%
    #####:   41:__reverse_impl(_RandomAccessIterator __first, _RandomAccessIterator __last, random_access_iterator_tag)
        -:   42:{
    #####:   43:    if (__first != __last)
    $$$$$:   43-block  0
    $$$$$:   43-block  1
    #####:   44:        for (; __first < --__last; ++__first)
    $$$$$:   44-block  0
    $$$$$:   44-block  1
branch  0 never executed
branch  1 never executed
    $$$$$:   44-block  2
    #####:   45:            _IterOps<_AlgPolicy>::iter_swap(__first, __last);
    $$$$$:   45-block  0
    $$$$$:   45-block  1
    #####:   46:}
    $$$$$:   46-block  0
        -:   47:
        -:   48:template <class _AlgPolicy, class _BidirectionalIterator, class _Sentinel>
        -:   49:_LIBCPP_HIDE_FROM_ABI _LIBCPP_CONSTEXPR_SINCE_CXX20
function _ZNSt3__19__reverseB7v160006INS_17_ClassicAlgPolicyENS_11__wrap_iterIPN7testing8internal13edit_distance8EditTypeEEES8_EEvT0_T1_ called 0 returned 0% blocks executed 0%
    #####:   50:void __reverse(_BidirectionalIterator __first, _Sentinel __last) {
        -:   51:  using _IterCategory = typename _IterOps<_AlgPolicy>::template __iterator_category<_BidirectionalIterator>;
    #####:   52:  std::__reverse_impl<_AlgPolicy>(std::move(__first), std::move(__last), _IterCategory());
    #####:   53:}
    $$$$$:   53-block  0
        -:   54:
        -:   55:template <class _BidirectionalIterator>
        -:   56:inline _LIBCPP_INLINE_VISIBILITY _LIBCPP_CONSTEXPR_SINCE_CXX20
        -:   57:void
function _ZNSt3__17reverseB7v160006INS_11__wrap_iterIPN7testing8internal13edit_distance8EditTypeEEEEEvT_S8_ called 0 returned 0% blocks executed 0%
    #####:   58:reverse(_BidirectionalIterator __first, _BidirectionalIterator __last)
        -:   59:{
    #####:   60:  std::__reverse<_ClassicAlgPolicy>(std::move(__first), std::move(__last));
    #####:   61:}
    $$$$$:   61-block  0
        -:   62:
        -:   63:_LIBCPP_END_NAMESPACE_STD
        -:   64:
        -:   65:#endif // _LIBCPP___ALGORITHM_REVERSE_H
