        -:    0:Source:/Library/Developer/CommandLineTools/SDKs/MacOSX14.2.sdk/usr/include/c++/v1/__memory/allocator_traits.h
        -:    0:Graph:/Users/ivanmovile/CLionProjects/Stack/cmake-build-debug/_deps/googletest-build/googletest/CMakeFiles/gtest.dir/src/gtest-all.cc.gcno
        -:    0:Data:/Users/ivanmovile/CLionProjects/Stack/cmake-build-debug/_deps/googletest-build/googletest/CMakeFiles/gtest.dir/src/gtest-all.cc.gcda
        -:    0:Runs:1
        -:    0:Programs:1
        -:    1:// -*- C++ -*-
        -:    2://===----------------------------------------------------------------------===//
        -:    3://
        -:    4:// Part of the LLVM Project, under the Apache License v2.0 with LLVM Exceptions.
        -:    5:// See https://llvm.org/LICENSE.txt for license information.
        -:    6:// SPDX-License-Identifier: Apache-2.0 WITH LLVM-exception
        -:    7://
        -:    8://===----------------------------------------------------------------------===//
        -:    9:
        -:   10:#ifndef _LIBCPP___MEMORY_ALLOCATOR_TRAITS_H
        -:   11:#define _LIBCPP___MEMORY_ALLOCATOR_TRAITS_H
        -:   12:
        -:   13:#include <__config>
        -:   14:#include <__memory/construct_at.h>
        -:   15:#include <__memory/pointer_traits.h>
        -:   16:#include <__type_traits/enable_if.h>
        -:   17:#include <__type_traits/is_copy_constructible.h>
        -:   18:#include <__type_traits/is_empty.h>
        -:   19:#include <__type_traits/is_move_constructible.h>
        -:   20:#include <__type_traits/make_unsigned.h>
        -:   21:#include <__type_traits/remove_reference.h>
        -:   22:#include <__type_traits/void_t.h>
        -:   23:#include <__utility/declval.h>
        -:   24:#include <__utility/forward.h>
        -:   25:#include <limits>
        -:   26:
        -:   27:#if !defined(_LIBCPP_HAS_NO_PRAGMA_SYSTEM_HEADER)
        -:   28:#  pragma GCC system_header
        -:   29:#endif
        -:   30:
        -:   31:_LIBCPP_PUSH_MACROS
        -:   32:#include <__undef_macros>
        -:   33:
        -:   34:_LIBCPP_BEGIN_NAMESPACE_STD
        -:   35:
        -:   36:#define _LIBCPP_ALLOCATOR_TRAITS_HAS_XXX(NAME, PROPERTY)                \
        -:   37:    template <class _Tp, class = void> struct NAME : false_type { };    \
        -:   38:    template <class _Tp>               struct NAME<_Tp, __void_t<typename _Tp:: PROPERTY > > : true_type { }
        -:   39:
        -:   40:// __pointer
        -:   41:_LIBCPP_ALLOCATOR_TRAITS_HAS_XXX(__has_pointer, pointer);
        -:   42:template <class _Tp, class _Alloc,
        -:   43:          class _RawAlloc = __libcpp_remove_reference_t<_Alloc>,
        -:   44:          bool = __has_pointer<_RawAlloc>::value>
        -:   45:struct __pointer {
        -:   46:    using type _LIBCPP_NODEBUG = typename _RawAlloc::pointer;
        -:   47:};
        -:   48:template <class _Tp, class _Alloc, class _RawAlloc>
        -:   49:struct __pointer<_Tp, _Alloc, _RawAlloc, false> {
        -:   50:    using type _LIBCPP_NODEBUG = _Tp*;
        -:   51:};
        -:   52:
        -:   53:// __const_pointer
        -:   54:_LIBCPP_ALLOCATOR_TRAITS_HAS_XXX(__has_const_pointer, const_pointer);
        -:   55:template <class _Tp, class _Ptr, class _Alloc,
        -:   56:          bool = __has_const_pointer<_Alloc>::value>
        -:   57:struct __const_pointer {
        -:   58:    using type _LIBCPP_NODEBUG = typename _Alloc::const_pointer;
        -:   59:};
        -:   60:template <class _Tp, class _Ptr, class _Alloc>
        -:   61:struct __const_pointer<_Tp, _Ptr, _Alloc, false> {
        -:   62:#ifdef _LIBCPP_CXX03_LANG
        -:   63:    using type = typename pointer_traits<_Ptr>::template rebind<const _Tp>::other;
        -:   64:#else
        -:   65:    using type _LIBCPP_NODEBUG = typename pointer_traits<_Ptr>::template rebind<const _Tp>;
        -:   66:#endif
        -:   67:};
        -:   68:
        -:   69:// __void_pointer
        -:   70:_LIBCPP_ALLOCATOR_TRAITS_HAS_XXX(__has_void_pointer, void_pointer);
        -:   71:template <class _Ptr, class _Alloc,
        -:   72:          bool = __has_void_pointer<_Alloc>::value>
        -:   73:struct __void_pointer {
        -:   74:    using type _LIBCPP_NODEBUG = typename _Alloc::void_pointer;
        -:   75:};
        -:   76:template <class _Ptr, class _Alloc>
        -:   77:struct __void_pointer<_Ptr, _Alloc, false> {
        -:   78:#ifdef _LIBCPP_CXX03_LANG
        -:   79:    using type _LIBCPP_NODEBUG = typename pointer_traits<_Ptr>::template rebind<void>::other;
        -:   80:#else
        -:   81:    using type _LIBCPP_NODEBUG = typename pointer_traits<_Ptr>::template rebind<void>;
        -:   82:#endif
        -:   83:};
        -:   84:
        -:   85:// __const_void_pointer
        -:   86:_LIBCPP_ALLOCATOR_TRAITS_HAS_XXX(__has_const_void_pointer, const_void_pointer);
        -:   87:template <class _Ptr, class _Alloc,
        -:   88:          bool = __has_const_void_pointer<_Alloc>::value>
        -:   89:struct __const_void_pointer {
        -:   90:    using type _LIBCPP_NODEBUG = typename _Alloc::const_void_pointer;
        -:   91:};
        -:   92:template <class _Ptr, class _Alloc>
        -:   93:struct __const_void_pointer<_Ptr, _Alloc, false> {
        -:   94:#ifdef _LIBCPP_CXX03_LANG
        -:   95:    using type _LIBCPP_NODEBUG = typename pointer_traits<_Ptr>::template rebind<const void>::other;
        -:   96:#else
        -:   97:    using type _LIBCPP_NODEBUG = typename pointer_traits<_Ptr>::template rebind<const void>;
        -:   98:#endif
        -:   99:};
        -:  100:
        -:  101:// __size_type
        -:  102:_LIBCPP_ALLOCATOR_TRAITS_HAS_XXX(__has_size_type, size_type);
        -:  103:template <class _Alloc, class _DiffType, bool = __has_size_type<_Alloc>::value>
        -:  104:struct __size_type : make_unsigned<_DiffType> { };
        -:  105:template <class _Alloc, class _DiffType>
        -:  106:struct __size_type<_Alloc, _DiffType, true> {
        -:  107:    using type _LIBCPP_NODEBUG = typename _Alloc::size_type;
        -:  108:};
        -:  109:
        -:  110:// __alloc_traits_difference_type
        -:  111:_LIBCPP_ALLOCATOR_TRAITS_HAS_XXX(__has_alloc_traits_difference_type, difference_type);
        -:  112:template <class _Alloc, class _Ptr, bool = __has_alloc_traits_difference_type<_Alloc>::value>
        -:  113:struct __alloc_traits_difference_type {
        -:  114:    using type _LIBCPP_NODEBUG = typename pointer_traits<_Ptr>::difference_type;
        -:  115:};
        -:  116:template <class _Alloc, class _Ptr>
        -:  117:struct __alloc_traits_difference_type<_Alloc, _Ptr, true> {
        -:  118:    using type _LIBCPP_NODEBUG = typename _Alloc::difference_type;
        -:  119:};
        -:  120:
        -:  121:// __propagate_on_container_copy_assignment
        -:  122:_LIBCPP_ALLOCATOR_TRAITS_HAS_XXX(__has_propagate_on_container_copy_assignment, propagate_on_container_copy_assignment);
        -:  123:template <class _Alloc, bool = __has_propagate_on_container_copy_assignment<_Alloc>::value>
        -:  124:struct __propagate_on_container_copy_assignment : false_type { };
        -:  125:template <class _Alloc>
        -:  126:struct __propagate_on_container_copy_assignment<_Alloc, true> {
        -:  127:    using type _LIBCPP_NODEBUG = typename _Alloc::propagate_on_container_copy_assignment;
        -:  128:};
        -:  129:
        -:  130:// __propagate_on_container_move_assignment
        -:  131:_LIBCPP_ALLOCATOR_TRAITS_HAS_XXX(__has_propagate_on_container_move_assignment, propagate_on_container_move_assignment);
        -:  132:template <class _Alloc, bool = __has_propagate_on_container_move_assignment<_Alloc>::value>
        -:  133:struct __propagate_on_container_move_assignment : false_type { };
        -:  134:template <class _Alloc>
        -:  135:struct __propagate_on_container_move_assignment<_Alloc, true> {
        -:  136:    using type _LIBCPP_NODEBUG = typename _Alloc::propagate_on_container_move_assignment;
        -:  137:};
        -:  138:
        -:  139:// __propagate_on_container_swap
        -:  140:_LIBCPP_ALLOCATOR_TRAITS_HAS_XXX(__has_propagate_on_container_swap, propagate_on_container_swap);
        -:  141:template <class _Alloc, bool = __has_propagate_on_container_swap<_Alloc>::value>
        -:  142:struct __propagate_on_container_swap : false_type { };
        -:  143:template <class _Alloc>
        -:  144:struct __propagate_on_container_swap<_Alloc, true> {
        -:  145:    using type _LIBCPP_NODEBUG = typename _Alloc::propagate_on_container_swap;
        -:  146:};
        -:  147:
        -:  148:// __is_always_equal
        -:  149:_LIBCPP_ALLOCATOR_TRAITS_HAS_XXX(__has_is_always_equal, is_always_equal);
        -:  150:template <class _Alloc, bool = __has_is_always_equal<_Alloc>::value>
        -:  151:struct __is_always_equal : is_empty<_Alloc> { };
        -:  152:template <class _Alloc>
        -:  153:struct __is_always_equal<_Alloc, true> {
        -:  154:    using type _LIBCPP_NODEBUG = typename _Alloc::is_always_equal;
        -:  155:};
        -:  156:
        -:  157:// __allocator_traits_rebind
        -:  158:_LIBCPP_SUPPRESS_DEPRECATED_PUSH
        -:  159:template <class _Tp, class _Up, class = void>
        -:  160:struct __has_rebind_other : false_type { };
        -:  161:template <class _Tp, class _Up>
        -:  162:struct __has_rebind_other<_Tp, _Up, __void_t<typename _Tp::template rebind<_Up>::other> > : true_type { };
        -:  163:
        -:  164:template <class _Tp, class _Up, bool = __has_rebind_other<_Tp, _Up>::value>
        -:  165:struct __allocator_traits_rebind {
        -:  166:  static_assert(__has_rebind_other<_Tp, _Up>::value, "This allocator has to implement rebind");
        -:  167:  using type _LIBCPP_NODEBUG = typename _Tp::template rebind<_Up>::other;
        -:  168:};
        -:  169:template <template <class, class...> class _Alloc, class _Tp, class ..._Args, class _Up>
        -:  170:struct __allocator_traits_rebind<_Alloc<_Tp, _Args...>, _Up, true> {
        -:  171:    using type _LIBCPP_NODEBUG = typename _Alloc<_Tp, _Args...>::template rebind<_Up>::other;
        -:  172:};
        -:  173:template <template <class, class...> class _Alloc, class _Tp, class ..._Args, class _Up>
        -:  174:struct __allocator_traits_rebind<_Alloc<_Tp, _Args...>, _Up, false> {
        -:  175:    using type _LIBCPP_NODEBUG = _Alloc<_Up, _Args...>;
        -:  176:};
        -:  177:_LIBCPP_SUPPRESS_DEPRECATED_POP
        -:  178:
        -:  179:template<class _Alloc, class _Tp>
        -:  180:using __allocator_traits_rebind_t = typename __allocator_traits_rebind<_Alloc, _Tp>::type;
        -:  181:
        -:  182:_LIBCPP_SUPPRESS_DEPRECATED_PUSH
        -:  183:
        -:  184:// __has_allocate_hint
        -:  185:template <class _Alloc, class _SizeType, class _ConstVoidPtr, class = void>
        -:  186:struct __has_allocate_hint : false_type { };
        -:  187:
        -:  188:template <class _Alloc, class _SizeType, class _ConstVoidPtr>
        -:  189:struct __has_allocate_hint<_Alloc, _SizeType, _ConstVoidPtr, decltype(
        -:  190:    (void)std::declval<_Alloc>().allocate(std::declval<_SizeType>(), std::declval<_ConstVoidPtr>())
        -:  191:)> : true_type { };
        -:  192:
        -:  193:// __has_construct
        -:  194:template <class, class _Alloc, class ..._Args>
        -:  195:struct __has_construct_impl : false_type { };
        -:  196:
        -:  197:template <class _Alloc, class ..._Args>
        -:  198:struct __has_construct_impl<decltype(
        -:  199:    (void)std::declval<_Alloc>().construct(std::declval<_Args>()...)
        -:  200:), _Alloc, _Args...> : true_type { };
        -:  201:
        -:  202:template <class _Alloc, class ..._Args>
        -:  203:struct __has_construct : __has_construct_impl<void, _Alloc, _Args...> { };
        -:  204:
        -:  205:// __has_destroy
        -:  206:template <class _Alloc, class _Pointer, class = void>
        -:  207:struct __has_destroy : false_type { };
        -:  208:
        -:  209:template <class _Alloc, class _Pointer>
        -:  210:struct __has_destroy<_Alloc, _Pointer, decltype(
        -:  211:    (void)std::declval<_Alloc>().destroy(std::declval<_Pointer>())
        -:  212:)> : true_type { };
        -:  213:
        -:  214:// __has_max_size
        -:  215:template <class _Alloc, class = void>
        -:  216:struct __has_max_size : false_type { };
        -:  217:
        -:  218:template <class _Alloc>
        -:  219:struct __has_max_size<_Alloc, decltype(
        -:  220:    (void)std::declval<_Alloc&>().max_size()
        -:  221:)> : true_type { };
        -:  222:
        -:  223:// __has_select_on_container_copy_construction
        -:  224:template <class _Alloc, class = void>
        -:  225:struct __has_select_on_container_copy_construction : false_type { };
        -:  226:
        -:  227:template <class _Alloc>
        -:  228:struct __has_select_on_container_copy_construction<_Alloc, decltype(
        -:  229:    (void)std::declval<_Alloc>().select_on_container_copy_construction()
        -:  230:)> : true_type { };
        -:  231:
        -:  232:_LIBCPP_SUPPRESS_DEPRECATED_POP
        -:  233:
        -:  234:template <class _Alloc>
        -:  235:struct _LIBCPP_TEMPLATE_VIS allocator_traits
        -:  236:{
        -:  237:    using allocator_type = _Alloc;
        -:  238:    using value_type = typename allocator_type::value_type;
        -:  239:    using pointer = typename __pointer<value_type, allocator_type>::type;
        -:  240:    using const_pointer = typename __const_pointer<value_type, pointer, allocator_type>::type;
        -:  241:    using void_pointer = typename __void_pointer<pointer, allocator_type>::type;
        -:  242:    using const_void_pointer = typename __const_void_pointer<pointer, allocator_type>::type;
        -:  243:    using difference_type = typename __alloc_traits_difference_type<allocator_type, pointer>::type;
        -:  244:    using size_type = typename __size_type<allocator_type, difference_type>::type;
        -:  245:    using propagate_on_container_copy_assignment = typename __propagate_on_container_copy_assignment<allocator_type>::type;
        -:  246:    using propagate_on_container_move_assignment = typename __propagate_on_container_move_assignment<allocator_type>::type;
        -:  247:    using propagate_on_container_swap = typename __propagate_on_container_swap<allocator_type>::type;
        -:  248:    using is_always_equal = typename __is_always_equal<allocator_type>::type;
        -:  249:
        -:  250:#ifndef _LIBCPP_CXX03_LANG
        -:  251:    template <class _Tp>
        -:  252:    using rebind_alloc = __allocator_traits_rebind_t<allocator_type, _Tp>;
        -:  253:    template <class _Tp>
        -:  254:    using rebind_traits = allocator_traits<rebind_alloc<_Tp> >;
        -:  255:#else  // _LIBCPP_CXX03_LANG
        -:  256:    template <class _Tp>
        -:  257:    struct rebind_alloc {
        -:  258:        using other = __allocator_traits_rebind_t<allocator_type, _Tp>;
        -:  259:    };
        -:  260:    template <class _Tp>
        -:  261:    struct rebind_traits {
        -:  262:        using other = allocator_traits<typename rebind_alloc<_Tp>::other>;
        -:  263:    };
        -:  264:#endif // _LIBCPP_CXX03_LANG
        -:  265:
        -:  266:    _LIBCPP_NODISCARD_AFTER_CXX17 _LIBCPP_INLINE_VISIBILITY _LIBCPP_CONSTEXPR_SINCE_CXX20
function _ZNSt3__116allocator_traitsINS_9allocatorIcEEE8allocateB7v160006ERS2_m called 0 returned 0% blocks executed 0%
function _ZNSt3__116allocator_traitsINS_9allocatorINS_11__hash_nodeINS_12basic_stringIcNS_11char_traitsIcEENS1_IcEEEEPvEEEEE8allocateB7v160006ERSA_m called 0 returned 0% blocks executed 0%
function _ZNSt3__116allocator_traitsINS_9allocatorIPNS_16__hash_node_baseIPNS_11__hash_nodeINS_12basic_stringIcNS_11char_traitsIcEENS1_IcEEEEPvEEEEEEE8allocateB7v160006ERSE_m called 0 returned 0% blocks executed 0%
function _ZNSt3__116allocator_traitsINS_9allocatorINS_11__tree_nodeINS_12__value_typeINS_12basic_stringIcNS_11char_traitsIcEENS1_IcEEEEmEEPvEEEEE8allocateB7v160006ERSC_m called 0 returned 0% blocks executed 0%
function _ZNSt3__116allocator_traitsINS_9allocatorINS_11__list_nodeINS_4pairIcPKcEEPvEEEEE8allocateB7v160006ERS9_m called 0 returned 0% blocks executed 0%
function _ZNSt3__116allocator_traitsINS_9allocatorINS_11__tree_nodeINS_12basic_stringIcNS_11char_traitsIcEENS1_IcEEEEPvEEEEE8allocateB7v160006ERSA_m called 0 returned 0% blocks executed 0%
function _ZNSt3__116allocator_traitsINS_9allocatorINS_11__tree_nodeINS_12__value_typeINS_12basic_stringIcNS_11char_traitsIcEENS1_IcEEEEN7testing8internal34TypeParameterizedTestSuiteRegistry30TypeParameterizedTestSuiteInfoEEEPvEEEEE8allocateB7v160006ERSG_m called 0 returned 0% blocks executed 0%
    #####:  267:    static pointer allocate(allocator_type& __a, size_type __n) {
    #####:  268:        return __a.allocate(__n);
    $$$$$:  268-block  0
    $$$$$:  268-block  1
    $$$$$:  268-block  2
    $$$$$:  268-block  3
    $$$$$:  268-block  4
    $$$$$:  268-block  5
    $$$$$:  268-block  6
        -:  269:    }
        -:  270:
        -:  271:    template <class _Ap = _Alloc, class =
        -:  272:        __enable_if_t<__has_allocate_hint<_Ap, size_type, const_void_pointer>::value> >
        -:  273:    _LIBCPP_NODISCARD_AFTER_CXX17 _LIBCPP_INLINE_VISIBILITY _LIBCPP_CONSTEXPR_SINCE_CXX20
        -:  274:    static pointer allocate(allocator_type& __a, size_type __n, const_void_pointer __hint) {
        -:  275:        _LIBCPP_SUPPRESS_DEPRECATED_PUSH
        -:  276:        return __a.allocate(__n, __hint);
        -:  277:        _LIBCPP_SUPPRESS_DEPRECATED_POP
        -:  278:    }
        -:  279:    template <class _Ap = _Alloc, class = void, class =
        -:  280:        __enable_if_t<!__has_allocate_hint<_Ap, size_type, const_void_pointer>::value> >
        -:  281:    _LIBCPP_NODISCARD_AFTER_CXX17 _LIBCPP_INLINE_VISIBILITY _LIBCPP_CONSTEXPR_SINCE_CXX20
        -:  282:    static pointer allocate(allocator_type& __a, size_type __n, const_void_pointer) {
        -:  283:        return __a.allocate(__n);
        -:  284:    }
        -:  285:
        -:  286:    _LIBCPP_INLINE_VISIBILITY _LIBCPP_CONSTEXPR_SINCE_CXX20
function _ZNSt3__116allocator_traitsINS_9allocatorIPcEEE10deallocateB7v160006ERS3_PS2_m called 0 returned 0% blocks executed 0%
function _ZNSt3__116allocator_traitsINS_9allocatorINS_12basic_stringIcNS_11char_traitsIcEENS1_IcEEEEEEE10deallocateB7v160006ERS7_PS6_m called 12 returned 100% blocks executed 100%
function _ZNSt3__116allocator_traitsINS_9allocatorIcEEE10deallocateB7v160006ERS2_Pcm called 0 returned 0% blocks executed 0%
function _ZNSt3__116allocator_traitsINS_9allocatorIN7testing14TestPartResultEEEE10deallocateB7v160006ERS4_PS3_m called 0 returned 0% blocks executed 0%
function _ZNSt3__116allocator_traitsINS_9allocatorIPNS_16__hash_node_baseIPNS_11__hash_nodeINS_12basic_stringIcNS_11char_traitsIcEENS1_IcEEEEPvEEEEEEE10deallocateB7v160006ERSE_PSD_m called 0 returned 0% blocks executed 0%
function _ZNSt3__116allocator_traitsINS_9allocatorINS_11__hash_nodeINS_12basic_stringIcNS_11char_traitsIcEENS1_IcEEEEPvEEEEE10deallocateB7v160006ERSA_PS9_m called 0 returned 0% blocks executed 0%
function _ZNSt3__116allocator_traitsINS_9allocatorIdEEE10deallocateB7v160006ERS2_Pdm called 0 returned 0% blocks executed 0%
function _ZNSt3__116allocator_traitsINS_9allocatorINS_6vectorIdNS1_IdEEEEEEE10deallocateB7v160006ERS5_PS4_m called 0 returned 0% blocks executed 0%
function _ZNSt3__116allocator_traitsINS_9allocatorIN7testing8internal13edit_distance8EditTypeEEEE10deallocateB7v160006ERS6_PS5_m called 0 returned 0% blocks executed 0%
function _ZNSt3__116allocator_traitsINS_9allocatorINS_6vectorIN7testing8internal13edit_distance8EditTypeENS1_IS6_EEEEEEE10deallocateB7v160006ERS9_PS8_m called 0 returned 0% blocks executed 0%
function _ZNSt3__116allocator_traitsINS_9allocatorImEEE10deallocateB7v160006ERS2_Pmm called 0 returned 0% blocks executed 0%
function _ZNSt3__116allocator_traitsINS_9allocatorINS_11__tree_nodeINS_12__value_typeINS_12basic_stringIcNS_11char_traitsIcEENS1_IcEEEEmEEPvEEEEE10deallocateB7v160006ERSC_PSB_m called 0 returned 0% blocks executed 0%
function _ZNSt3__116allocator_traitsINS_9allocatorINS_11__list_nodeINS_4pairIcPKcEEPvEEEEE10deallocateB7v160006ERS9_PS8_m called 0 returned 0% blocks executed 0%
function _ZNSt3__116allocator_traitsINS_9allocatorIN7testing12TestPropertyEEEE10deallocateB7v160006ERS4_PS3_m called 0 returned 0% blocks executed 0%
function _ZNSt3__116allocator_traitsINS_9allocatorIiEEE10deallocateB7v160006ERS2_Pim called 4 returned 100% blocks executed 100%
function _ZNSt3__116allocator_traitsINS_9allocatorIPN7testing8TestInfoEEEE10deallocateB7v160006ERS5_PS4_m called 4 returned 100% blocks executed 100%
function _ZNSt3__116allocator_traitsINS_9allocatorIPN7testing17TestEventListenerEEEE10deallocateB7v160006ERS5_PS4_m called 0 returned 0% blocks executed 0%
function _ZNSt3__116allocator_traitsINS_9allocatorIPN7testing11EnvironmentEEEE10deallocateB7v160006ERS5_PS4_m called 0 returned 0% blocks executed 0%
function _ZNSt3__116allocator_traitsINS_9allocatorIN7testing8internal9TraceInfoEEEE10deallocateB7v160006ERS5_PS4_m called 0 returned 0% blocks executed 0%
function _ZNSt3__116allocator_traitsINS_9allocatorINS_11__tree_nodeINS_12__value_typeINS_12basic_stringIcNS_11char_traitsIcEENS1_IcEEEEN7testing8internal34TypeParameterizedTestSuiteRegistry30TypeParameterizedTestSuiteInfoEEEPvEEEEE10deallocateB7v160006ERSG_PSF_m called 0 returned 0% blocks executed 0%
function _ZNSt3__116allocator_traitsINS_9allocatorIPN7testing8internal30ParameterizedTestSuiteInfoBaseEEEE10deallocateB7v160006ERS6_PS5_m called 0 returned 0% blocks executed 0%
function _ZNSt3__116allocator_traitsINS_9allocatorIPN7testing9TestSuiteEEEE10deallocateB7v160006ERS5_PS4_m called 0 returned 0% blocks executed 0%
function _ZNSt3__116allocator_traitsINS_9allocatorINS_11__tree_nodeINS_12basic_stringIcNS_11char_traitsIcEENS1_IcEEEEPvEEEEE10deallocateB7v160006ERSA_PS9_m called 0 returned 0% blocks executed 0%
       20:  287:    static void deallocate(allocator_type& __a, pointer __p, size_type __n) _NOEXCEPT {
       20:  288:        __a.deallocate(__p, __n);
       20:  289:    }
    $$$$$:  289-block  0
       12:  289-block  1
    $$$$$:  289-block  2
    $$$$$:  289-block  3
    $$$$$:  289-block  4
    $$$$$:  289-block  5
    $$$$$:  289-block  6
    $$$$$:  289-block  7
    $$$$$:  289-block  8
    $$$$$:  289-block  9
    $$$$$:  289-block 10
    $$$$$:  289-block 11
    $$$$$:  289-block 12
    $$$$$:  289-block 13
        4:  289-block 14
        4:  289-block 15
    $$$$$:  289-block 16
    $$$$$:  289-block 17
    $$$$$:  289-block 18
    $$$$$:  289-block 19
    $$$$$:  289-block 20
    $$$$$:  289-block 21
    $$$$$:  289-block 22
        -:  290:
        -:  291:    template <class _Tp, class... _Args, class =
        -:  292:        __enable_if_t<__has_construct<allocator_type, _Tp*, _Args...>::value> >
        -:  293:    _LIBCPP_INLINE_VISIBILITY _LIBCPP_CONSTEXPR_SINCE_CXX20
        -:  294:    static void construct(allocator_type& __a, _Tp* __p, _Args&&... __args) {
        -:  295:        _LIBCPP_SUPPRESS_DEPRECATED_PUSH
        -:  296:        __a.construct(__p, _VSTD::forward<_Args>(__args)...);
        -:  297:        _LIBCPP_SUPPRESS_DEPRECATED_POP
        -:  298:    }
        -:  299:    template <class _Tp, class... _Args, class = void, class =
        -:  300:        __enable_if_t<!__has_construct<allocator_type, _Tp*, _Args...>::value> >
        -:  301:    _LIBCPP_INLINE_VISIBILITY _LIBCPP_CONSTEXPR_SINCE_CXX20
function _ZNSt3__116allocator_traitsINS_9allocatorIPcEEE9constructB7v160006IS2_JS2_EvvEEvRS3_PT_DpOT0_ called 0 returned 0% blocks executed 0%
function _ZNSt3__116allocator_traitsINS_9allocatorINS_12basic_stringIcNS_11char_traitsIcEENS1_IcEEEEEEE9constructB7v160006IS6_JRS6_EvvEEvRS7_PT_DpOT0_ called 3 returned 100% blocks executed 100%
function _ZNSt3__116allocator_traitsINS_9allocatorINS_12basic_stringIcNS_11char_traitsIcEENS1_IcEEEEEEE9constructB7v160006IS6_JRKS6_EvvEEvRS7_PT_DpOT0_ called 0 returned 0% blocks executed 0%
function _ZNSt3__116allocator_traitsINS_9allocatorIN7testing14TestPartResultEEEE9constructB7v160006IS3_JRKS3_EvvEEvRS4_PT_DpOT0_ called 0 returned 0% blocks executed 0%
function _ZNSt3__116allocator_traitsINS_9allocatorIN7testing14TestPartResultEEEE9constructB7v160006IS3_JS3_EvvEEvRS4_PT_DpOT0_ called 0 returned 0% blocks executed 0%
function _ZNSt3__116allocator_traitsINS_9allocatorINS_12basic_stringIcNS_11char_traitsIcEENS1_IcEEEEEEE9constructB7v160006IS6_JS6_EvvEEvRS7_PT_DpOT0_ called 19 returned 100% blocks executed 100%
function _ZNSt3__116allocator_traitsINS_9allocatorINS_11__hash_nodeINS_12basic_stringIcNS_11char_traitsIcEENS1_IcEEEEPvEEEEE9constructB7v160006IS7_JS7_EvvEEvRSA_PT_DpOT0_ called 0 returned 0% blocks executed 0%
function _ZNSt3__116allocator_traitsINS_9allocatorIdEEE9constructB7v160006IdJEvvEEvRS2_PT_DpOT0_ called 0 returned 0% blocks executed 0%
function _ZNSt3__116allocator_traitsINS_9allocatorINS_6vectorIdNS1_IdEEEEEEE9constructB7v160006IS4_JRKS4_EvvEEvRS5_PT_DpOT0_ called 0 returned 0% blocks executed 0%
function _ZNSt3__116allocator_traitsINS_9allocatorIdEEE9constructB7v160006IdJRdEvvEEvRS2_PT_DpOT0_ called 0 returned 0% blocks executed 0%
function _ZNSt3__116allocator_traitsINS_9allocatorIN7testing8internal13edit_distance8EditTypeEEEE9constructB7v160006IS5_JEvvEEvRS6_PT_DpOT0_ called 0 returned 0% blocks executed 0%
function _ZNSt3__116allocator_traitsINS_9allocatorINS_6vectorIN7testing8internal13edit_distance8EditTypeENS1_IS6_EEEEEEE9constructB7v160006IS8_JRKS8_EvvEEvRS9_PT_DpOT0_ called 0 returned 0% blocks executed 0%
function _ZNSt3__116allocator_traitsINS_9allocatorIN7testing8internal13edit_distance8EditTypeEEEE9constructB7v160006IS5_JRS5_EvvEEvRS6_PT_DpOT0_ called 0 returned 0% blocks executed 0%
function _ZNSt3__116allocator_traitsINS_9allocatorIN7testing8internal13edit_distance8EditTypeEEEE9constructB7v160006IS5_JRKS5_EvvEEvRS6_PT_DpOT0_ called 0 returned 0% blocks executed 0%
function _ZNSt3__116allocator_traitsINS_9allocatorImEEE9constructB7v160006ImJmEvvEEvRS2_PT_DpOT0_ called 0 returned 0% blocks executed 0%
function _ZNSt3__116allocator_traitsINS_9allocatorINS_11__tree_nodeINS_12__value_typeINS_12basic_stringIcNS_11char_traitsIcEENS1_IcEEEEmEEPvEEEEE9constructB7v160006INS_4pairIKS8_mEEJRKNS_21piecewise_construct_tENS_5tupleIJRSG_EEENSL_IJEEEEvvEEvRSC_PT_DpOT0_ called 0 returned 0% blocks executed 0%
function _ZNSt3__116allocator_traitsINS_9allocatorINS_11__list_nodeINS_4pairIcPKcEEPvEEEEE9constructB7v160006IS6_JS6_EvvEEvRS9_PT_DpOT0_ called 0 returned 0% blocks executed 0%
function _ZNSt3__116allocator_traitsINS_9allocatorIN7testing12TestPropertyEEEE9constructB7v160006IS3_JRKS3_EvvEEvRS4_PT_DpOT0_ called 0 returned 0% blocks executed 0%
function _ZNSt3__116allocator_traitsINS_9allocatorIN7testing12TestPropertyEEEE9constructB7v160006IS3_JS3_EvvEEvRS4_PT_DpOT0_ called 0 returned 0% blocks executed 0%
function _ZNSt3__116allocator_traitsINS_9allocatorINS_12basic_stringIcNS_11char_traitsIcEENS1_IcEEEEEEE9constructB7v160006IS6_JRKPKcEvvEEvRS7_PT_DpOT0_ called 0 returned 0% blocks executed 0%
function _ZNSt3__116allocator_traitsINS_9allocatorIPN7testing8TestInfoEEEE9constructB7v160006IS4_JRKS4_EvvEEvRS5_PT_DpOT0_ called 14 returned 100% blocks executed 100%
function _ZNSt3__116allocator_traitsINS_9allocatorIiEEE9constructB7v160006IiJiEvvEEvRS2_PT_DpOT0_ called 15 returned 100% blocks executed 100%
function _ZNSt3__116allocator_traitsINS_9allocatorIPN7testing17TestEventListenerEEEE9constructB7v160006IS4_JRKS4_EvvEEvRS5_PT_DpOT0_ called 1 returned 100% blocks executed 100%
function _ZNSt3__116allocator_traitsINS_9allocatorIPN7testing11EnvironmentEEEE9constructB7v160006IS4_JRKS4_EvvEEvRS5_PT_DpOT0_ called 0 returned 0% blocks executed 0%
function _ZNSt3__116allocator_traitsINS_9allocatorIN7testing8internal9TraceInfoEEEE9constructB7v160006IS4_JRKS4_EvvEEvRS5_PT_DpOT0_ called 0 returned 0% blocks executed 0%
function _ZNSt3__116allocator_traitsINS_9allocatorIN7testing8internal9TraceInfoEEEE9constructB7v160006IS4_JS4_EvvEEvRS5_PT_DpOT0_ called 0 returned 0% blocks executed 0%
function _ZNSt3__116allocator_traitsINS_9allocatorIPN7testing9TestSuiteEEEE9constructB7v160006IS4_JRKS4_EvvEEvRS5_PT_DpOT0_ called 1 returned 100% blocks executed 100%
function _ZNSt3__116allocator_traitsINS_9allocatorIPN7testing9TestSuiteEEEE9constructB7v160006IS4_JS4_EvvEEvRS5_PT_DpOT0_ called 0 returned 0% blocks executed 0%
function _ZNSt3__116allocator_traitsINS_9allocatorINS_11__tree_nodeINS_12basic_stringIcNS_11char_traitsIcEENS1_IcEEEEPvEEEEE9constructB7v160006IS7_JRKS7_EvvEEvRSA_PT_DpOT0_ called 0 returned 0% blocks executed 0%
function _ZNSt3__116allocator_traitsINS_9allocatorINS_11__tree_nodeINS_12basic_stringIcNS_11char_traitsIcEENS1_IcEEEEPvEEEEE9constructB7v160006IS7_JS7_EvvEEvRSA_PT_DpOT0_ called 0 returned 0% blocks executed 0%
function _ZNSt3__116allocator_traitsINS_9allocatorINS_11__tree_nodeINS_12__value_typeINS_12basic_stringIcNS_11char_traitsIcEENS1_IcEEEEN7testing8internal34TypeParameterizedTestSuiteRegistry30TypeParameterizedTestSuiteInfoEEEPvEEEEE9constructB7v160006INS_4pairIKS8_SC_EEJS8_SC_EvvEEvRSG_PT_DpOT0_ called 0 returned 0% blocks executed 0%
       53:  302:    static void construct(allocator_type&, _Tp* __p, _Args&&... __args) {
        -:  303:#if _LIBCPP_STD_VER > 17
       53:  304:        _VSTD::construct_at(__p, _VSTD::forward<_Args>(__args)...);
        -:  305:#else
        -:  306:        ::new ((void*)__p) _Tp(_VSTD::forward<_Args>(__args)...);
        -:  307:#endif
       53:  308:    }
    $$$$$:  308-block  0
        3:  308-block  1
    $$$$$:  308-block  2
    $$$$$:  308-block  3
    $$$$$:  308-block  4
       19:  308-block  5
    $$$$$:  308-block  6
    $$$$$:  308-block  7
    $$$$$:  308-block  8
    $$$$$:  308-block  9
    $$$$$:  308-block 10
    $$$$$:  308-block 11
    $$$$$:  308-block 12
    $$$$$:  308-block 13
    $$$$$:  308-block 14
    $$$$$:  308-block 15
    $$$$$:  308-block 16
    $$$$$:  308-block 17
    $$$$$:  308-block 18
    $$$$$:  308-block 19
       14:  308-block 20
       15:  308-block 21
        1:  308-block 22
    $$$$$:  308-block 23
    $$$$$:  308-block 24
    $$$$$:  308-block 25
        1:  308-block 26
    $$$$$:  308-block 27
    $$$$$:  308-block 28
    $$$$$:  308-block 29
    $$$$$:  308-block 30
        -:  309:
        -:  310:    template <class _Tp, class =
        -:  311:        __enable_if_t<__has_destroy<allocator_type, _Tp*>::value> >
        -:  312:    _LIBCPP_INLINE_VISIBILITY _LIBCPP_CONSTEXPR_SINCE_CXX20
        -:  313:    static void destroy(allocator_type& __a, _Tp* __p) {
        -:  314:        _LIBCPP_SUPPRESS_DEPRECATED_PUSH
        -:  315:        __a.destroy(__p);
        -:  316:        _LIBCPP_SUPPRESS_DEPRECATED_POP
        -:  317:    }
        -:  318:    template <class _Tp, class = void, class =
        -:  319:        __enable_if_t<!__has_destroy<allocator_type, _Tp*>::value> >
        -:  320:    _LIBCPP_INLINE_VISIBILITY _LIBCPP_CONSTEXPR_SINCE_CXX20
function _ZNSt3__116allocator_traitsINS_9allocatorIPcEEE7destroyB7v160006IS2_vvEEvRS3_PT_ called 0 returned 0% blocks executed 0%
function _ZNSt3__116allocator_traitsINS_9allocatorINS_12basic_stringIcNS_11char_traitsIcEENS1_IcEEEEEEE7destroyB7v160006IS6_vvEEvRS7_PT_ called 19 returned 100% blocks executed 100%
function _ZNSt3__116allocator_traitsINS_9allocatorIN7testing14TestPartResultEEEE7destroyB7v160006IS3_vvEEvRS4_PT_ called 0 returned 0% blocks executed 0%
function _ZNSt3__116allocator_traitsINS_9allocatorINS_11__hash_nodeINS_12basic_stringIcNS_11char_traitsIcEENS1_IcEEEEPvEEEEE7destroyB7v160006IS7_vvEEvRSA_PT_ called 0 returned 0% blocks executed 0%
function _ZNSt3__116allocator_traitsINS_9allocatorIdEEE7destroyB7v160006IdvvEEvRS2_PT_ called 0 returned 0% blocks executed 0%
function _ZNSt3__116allocator_traitsINS_9allocatorINS_6vectorIdNS1_IdEEEEEEE7destroyB7v160006IS4_vvEEvRS5_PT_ called 0 returned 0% blocks executed 0%
function _ZNSt3__116allocator_traitsINS_9allocatorIN7testing8internal13edit_distance8EditTypeEEEE7destroyB7v160006IS5_vvEEvRS6_PT_ called 0 returned 0% blocks executed 0%
function _ZNSt3__116allocator_traitsINS_9allocatorINS_6vectorIN7testing8internal13edit_distance8EditTypeENS1_IS6_EEEEEEE7destroyB7v160006IS8_vvEEvRS9_PT_ called 0 returned 0% blocks executed 0%
function _ZNSt3__116allocator_traitsINS_9allocatorImEEE7destroyB7v160006ImvvEEvRS2_PT_ called 0 returned 0% blocks executed 0%
function _ZNSt3__116allocator_traitsINS_9allocatorINS_11__tree_nodeINS_12__value_typeINS_12basic_stringIcNS_11char_traitsIcEENS1_IcEEEEmEEPvEEEEE7destroyB7v160006INS_4pairIKS8_mEEvvEEvRSC_PT_ called 0 returned 0% blocks executed 0%
function _ZNSt3__116allocator_traitsINS_9allocatorINS_11__list_nodeINS_4pairIcPKcEEPvEEEEE7destroyB7v160006IS6_vvEEvRS9_PT_ called 0 returned 0% blocks executed 0%
function _ZNSt3__116allocator_traitsINS_9allocatorIN7testing12TestPropertyEEEE7destroyB7v160006IS3_vvEEvRS4_PT_ called 0 returned 0% blocks executed 0%
function _ZNSt3__116allocator_traitsINS_9allocatorIiEEE7destroyB7v160006IivvEEvRS2_PT_ called 15 returned 100% blocks executed 100%
function _ZNSt3__116allocator_traitsINS_9allocatorIPN7testing8TestInfoEEEE7destroyB7v160006IS4_vvEEvRS5_PT_ called 15 returned 100% blocks executed 100%
function _ZNSt3__116allocator_traitsINS_9allocatorIPN7testing17TestEventListenerEEEE7destroyB7v160006IS4_vvEEvRS5_PT_ called 0 returned 0% blocks executed 0%
function _ZNSt3__116allocator_traitsINS_9allocatorIPN7testing11EnvironmentEEEE7destroyB7v160006IS4_vvEEvRS5_PT_ called 0 returned 0% blocks executed 0%
function _ZNSt3__116allocator_traitsINS_9allocatorIN7testing8internal9TraceInfoEEEE7destroyB7v160006IS4_vvEEvRS5_PT_ called 0 returned 0% blocks executed 0%
function _ZNSt3__116allocator_traitsINS_9allocatorINS_11__tree_nodeINS_12__value_typeINS_12basic_stringIcNS_11char_traitsIcEENS1_IcEEEEN7testing8internal34TypeParameterizedTestSuiteRegistry30TypeParameterizedTestSuiteInfoEEEPvEEEEE7destroyB7v160006INS_4pairIKS8_SC_EEvvEEvRSG_PT_ called 0 returned 0% blocks executed 0%
function _ZNSt3__116allocator_traitsINS_9allocatorIPN7testing8internal30ParameterizedTestSuiteInfoBaseEEEE7destroyB7v160006IS5_vvEEvRS6_PT_ called 0 returned 0% blocks executed 0%
function _ZNSt3__116allocator_traitsINS_9allocatorIPN7testing9TestSuiteEEEE7destroyB7v160006IS4_vvEEvRS5_PT_ called 0 returned 0% blocks executed 0%
function _ZNSt3__116allocator_traitsINS_9allocatorINS_11__tree_nodeINS_12basic_stringIcNS_11char_traitsIcEENS1_IcEEEEPvEEEEE7destroyB7v160006IS7_vvEEvRSA_PT_ called 0 returned 0% blocks executed 0%
       49:  321:    static void destroy(allocator_type&, _Tp* __p) {
        -:  322:#if _LIBCPP_STD_VER > 17
       49:  323:        _VSTD::destroy_at(__p);
        -:  324:#else
        -:  325:        __p->~_Tp();
        -:  326:#endif
       49:  327:    }
    $$$$$:  327-block  0
       19:  327-block  1
    $$$$$:  327-block  2
    $$$$$:  327-block  3
    $$$$$:  327-block  4
    $$$$$:  327-block  5
    $$$$$:  327-block  6
    $$$$$:  327-block  7
    $$$$$:  327-block  8
    $$$$$:  327-block  9
    $$$$$:  327-block 10
    $$$$$:  327-block 11
       15:  327-block 12
       15:  327-block 13
    $$$$$:  327-block 14
    $$$$$:  327-block 15
    $$$$$:  327-block 16
    $$$$$:  327-block 17
    $$$$$:  327-block 18
    $$$$$:  327-block 19
    $$$$$:  327-block 20
        -:  328:
        -:  329:    template <class _Ap = _Alloc, class =
        -:  330:        __enable_if_t<__has_max_size<const _Ap>::value> >
        -:  331:    _LIBCPP_INLINE_VISIBILITY _LIBCPP_CONSTEXPR_SINCE_CXX20
        -:  332:    static size_type max_size(const allocator_type& __a) _NOEXCEPT {
        -:  333:        _LIBCPP_SUPPRESS_DEPRECATED_PUSH
        -:  334:        return __a.max_size();
        -:  335:        _LIBCPP_SUPPRESS_DEPRECATED_POP
        -:  336:    }
        -:  337:    template <class _Ap = _Alloc, class = void, class =
        -:  338:        __enable_if_t<!__has_max_size<const _Ap>::value> >
        -:  339:    _LIBCPP_INLINE_VISIBILITY _LIBCPP_CONSTEXPR_SINCE_CXX20
function _ZNSt3__116allocator_traitsINS_9allocatorIPcEEE8max_sizeB7v160006IS3_vvEEmRKS3_ called 0 returned 0% blocks executed 0%
function _ZNSt3__116allocator_traitsINS_9allocatorIcEEE8max_sizeB7v160006IS2_vvEEmRKS2_ called 32 returned 100% blocks executed 100%
function _ZNSt3__116allocator_traitsINS_9allocatorINS_12basic_stringIcNS_11char_traitsIcEENS1_IcEEEEEEE8max_sizeB7v160006IS7_vvEEmRKS7_ called 26 returned 100% blocks executed 100%
function _ZNSt3__116allocator_traitsINS_9allocatorIN7testing14TestPartResultEEEE8max_sizeB7v160006IS4_vvEEmRKS4_ called 0 returned 0% blocks executed 0%
function _ZNSt3__116allocator_traitsINS_9allocatorINS_11__hash_nodeINS_12basic_stringIcNS_11char_traitsIcEENS1_IcEEEEPvEEEEE8max_sizeB7v160006ISA_vvEEmRKSA_ called 0 returned 0% blocks executed 0%
function _ZNSt3__116allocator_traitsINS_9allocatorIPNS_16__hash_node_baseIPNS_11__hash_nodeINS_12basic_stringIcNS_11char_traitsIcEENS1_IcEEEEPvEEEEEEE8max_sizeB7v160006ISE_vvEEmRKSE_ called 0 returned 0% blocks executed 0%
function _ZNSt3__116allocator_traitsINS_9allocatorIdEEE8max_sizeB7v160006IS2_vvEEmRKS2_ called 0 returned 0% blocks executed 0%
function _ZNSt3__116allocator_traitsINS_9allocatorINS_6vectorIdNS1_IdEEEEEEE8max_sizeB7v160006IS5_vvEEmRKS5_ called 0 returned 0% blocks executed 0%
function _ZNSt3__116allocator_traitsINS_9allocatorIN7testing8internal13edit_distance8EditTypeEEEE8max_sizeB7v160006IS6_vvEEmRKS6_ called 0 returned 0% blocks executed 0%
function _ZNSt3__116allocator_traitsINS_9allocatorINS_6vectorIN7testing8internal13edit_distance8EditTypeENS1_IS6_EEEEEEE8max_sizeB7v160006IS9_vvEEmRKS9_ called 0 returned 0% blocks executed 0%
function _ZNSt3__116allocator_traitsINS_9allocatorImEEE8max_sizeB7v160006IS2_vvEEmRKS2_ called 0 returned 0% blocks executed 0%
function _ZNSt3__116allocator_traitsINS_9allocatorINS_11__tree_nodeINS_12__value_typeINS_12basic_stringIcNS_11char_traitsIcEENS1_IcEEEEmEEPvEEEEE8max_sizeB7v160006ISC_vvEEmRKSC_ called 0 returned 0% blocks executed 0%
function _ZNSt3__116allocator_traitsINS_9allocatorINS_11__list_nodeINS_4pairIcPKcEEPvEEEEE8max_sizeB7v160006IS9_vvEEmRKS9_ called 0 returned 0% blocks executed 0%
function _ZNSt3__116allocator_traitsINS_9allocatorIN7testing12TestPropertyEEEE8max_sizeB7v160006IS4_vvEEmRKS4_ called 0 returned 0% blocks executed 0%
function _ZNSt3__116allocator_traitsINS_9allocatorIPN7testing8TestInfoEEEE8max_sizeB7v160006IS5_vvEEmRKS5_ called 10 returned 100% blocks executed 100%
function _ZNSt3__116allocator_traitsINS_9allocatorIiEEE8max_sizeB7v160006IS2_vvEEmRKS2_ called 12 returned 100% blocks executed 100%
function _ZNSt3__116allocator_traitsINS_9allocatorIPN7testing17TestEventListenerEEEE8max_sizeB7v160006IS5_vvEEmRKS5_ called 2 returned 100% blocks executed 100%
function _ZNSt3__116allocator_traitsINS_9allocatorIPN7testing11EnvironmentEEEE8max_sizeB7v160006IS5_vvEEmRKS5_ called 0 returned 0% blocks executed 0%
function _ZNSt3__116allocator_traitsINS_9allocatorIN7testing8internal9TraceInfoEEEE8max_sizeB7v160006IS5_vvEEmRKS5_ called 0 returned 0% blocks executed 0%
function _ZNSt3__116allocator_traitsINS_9allocatorIPN7testing9TestSuiteEEEE8max_sizeB7v160006IS5_vvEEmRKS5_ called 2 returned 100% blocks executed 100%
function _ZNSt3__116allocator_traitsINS_9allocatorINS_11__tree_nodeINS_12basic_stringIcNS_11char_traitsIcEENS1_IcEEEEPvEEEEE8max_sizeB7v160006ISA_vvEEmRKSA_ called 0 returned 0% blocks executed 0%
function _ZNSt3__116allocator_traitsINS_9allocatorINS_11__tree_nodeINS_12__value_typeINS_12basic_stringIcNS_11char_traitsIcEENS1_IcEEEEN7testing8internal34TypeParameterizedTestSuiteRegistry30TypeParameterizedTestSuiteInfoEEEPvEEEEE8max_sizeB7v160006ISG_vvEEmRKSG_ called 0 returned 0% blocks executed 0%
       84:  340:    static size_type max_size(const allocator_type&) _NOEXCEPT {
       84:  341:        return numeric_limits<size_type>::max() / sizeof(value_type);
    $$$$$:  341-block  0
       32:  341-block  1
       26:  341-block  2
    $$$$$:  341-block  3
    $$$$$:  341-block  4
    $$$$$:  341-block  5
    $$$$$:  341-block  6
    $$$$$:  341-block  7
    $$$$$:  341-block  8
    $$$$$:  341-block  9
    $$$$$:  341-block 10
    $$$$$:  341-block 11
    $$$$$:  341-block 12
    $$$$$:  341-block 13
       10:  341-block 14
       12:  341-block 15
        2:  341-block 16
    $$$$$:  341-block 17
    $$$$$:  341-block 18
        2:  341-block 19
    $$$$$:  341-block 20
    $$$$$:  341-block 21
        -:  342:    }
        -:  343:
        -:  344:    template <class _Ap = _Alloc, class =
        -:  345:        __enable_if_t<__has_select_on_container_copy_construction<const _Ap>::value> >
        -:  346:    _LIBCPP_INLINE_VISIBILITY _LIBCPP_CONSTEXPR_SINCE_CXX20
        -:  347:    static allocator_type select_on_container_copy_construction(const allocator_type& __a) {
        -:  348:        return __a.select_on_container_copy_construction();
        -:  349:    }
        -:  350:    template <class _Ap = _Alloc, class = void, class =
        -:  351:        __enable_if_t<!__has_select_on_container_copy_construction<const _Ap>::value> >
        -:  352:    _LIBCPP_INLINE_VISIBILITY _LIBCPP_CONSTEXPR_SINCE_CXX20
function _ZNSt3__116allocator_traitsINS_9allocatorIcEEE37select_on_container_copy_constructionB7v160006IS2_vvEES2_RKS2_ called 14 returned 100% blocks executed 100%
function _ZNSt3__116allocator_traitsINS_9allocatorINS_12basic_stringIcNS_11char_traitsIcEENS1_IcEEEEEEE37select_on_container_copy_constructionB7v160006IS7_vvEES7_RKS7_ called 2 returned 100% blocks executed 100%
function _ZNSt3__116allocator_traitsINS_9allocatorIdEEE37select_on_container_copy_constructionB7v160006IS2_vvEES2_RKS2_ called 0 returned 0% blocks executed 0%
function _ZNSt3__116allocator_traitsINS_9allocatorIN7testing8internal13edit_distance8EditTypeEEEE37select_on_container_copy_constructionB7v160006IS6_vvEES6_RKS6_ called 0 returned 0% blocks executed 0%
       16:  353:    static allocator_type select_on_container_copy_construction(const allocator_type& __a) {
       16:  354:        return __a;
       14:  354-block  0
        2:  354-block  1
    $$$$$:  354-block  2
    $$$$$:  354-block  3
        -:  355:    }
        -:  356:};
        -:  357:
        -:  358:#ifndef _LIBCPP_CXX03_LANG
        -:  359:template <class _Traits, class _Tp>
        -:  360:using __rebind_alloc _LIBCPP_NODEBUG = typename _Traits::template rebind_alloc<_Tp>;
        -:  361:#else
        -:  362:template <class _Traits, class _Tp>
        -:  363:using __rebind_alloc = typename _Traits::template rebind_alloc<_Tp>::other;
        -:  364:#endif
        -:  365:
        -:  366:// __is_default_allocator
        -:  367:template <class _Tp>
        -:  368:struct __is_default_allocator : false_type { };
        -:  369:
        -:  370:template <class> class allocator;
        -:  371:
        -:  372:template <class _Tp>
        -:  373:struct __is_default_allocator<allocator<_Tp> > : true_type { };
        -:  374:
        -:  375:// __is_cpp17_move_insertable
        -:  376:template <class _Alloc, class = void>
        -:  377:struct __is_cpp17_move_insertable
        -:  378:    : is_move_constructible<typename _Alloc::value_type>
        -:  379:{ };
        -:  380:
        -:  381:template <class _Alloc>
        -:  382:struct __is_cpp17_move_insertable<_Alloc, __enable_if_t<
        -:  383:    !__is_default_allocator<_Alloc>::value &&
        -:  384:    __has_construct<_Alloc, typename _Alloc::value_type*, typename _Alloc::value_type&&>::value
        -:  385:> > : true_type { };
        -:  386:
        -:  387:// __is_cpp17_copy_insertable
        -:  388:template <class _Alloc, class = void>
        -:  389:struct __is_cpp17_copy_insertable
        -:  390:    : integral_constant<bool,
        -:  391:        is_copy_constructible<typename _Alloc::value_type>::value &&
        -:  392:        __is_cpp17_move_insertable<_Alloc>::value
        -:  393:    >
        -:  394:{ };
        -:  395:
        -:  396:template <class _Alloc>
        -:  397:struct __is_cpp17_copy_insertable<_Alloc, __enable_if_t<
        -:  398:    !__is_default_allocator<_Alloc>::value &&
        -:  399:    __has_construct<_Alloc, typename _Alloc::value_type*, const typename _Alloc::value_type&>::value
        -:  400:> >
        -:  401:    : __is_cpp17_move_insertable<_Alloc>
        -:  402:{ };
        -:  403:
        -:  404:#undef _LIBCPP_ALLOCATOR_TRAITS_HAS_XXX
        -:  405:
        -:  406:_LIBCPP_END_NAMESPACE_STD
        -:  407:
        -:  408:_LIBCPP_POP_MACROS
        -:  409:
        -:  410:#endif // _LIBCPP___MEMORY_ALLOCATOR_TRAITS_H
