        -:    0:Source:/Library/Developer/CommandLineTools/SDKs/MacOSX14.2.sdk/usr/include/c++/v1/__memory/construct_at.h
        -:    0:Graph:/Users/ivanmovile/CLionProjects/Stack/cmake-build-debug/_deps/googletest-build/googletest/CMakeFiles/gtest.dir/src/gtest-all.cc.gcno
        -:    0:Data:/Users/ivanmovile/CLionProjects/Stack/cmake-build-debug/_deps/googletest-build/googletest/CMakeFiles/gtest.dir/src/gtest-all.cc.gcda
        -:    0:Runs:1
        -:    0:Programs:1
        -:    1:// -*- C++ -*-
        -:    2://===----------------------------------------------------------------------===//
        -:    3://
        -:    4:// Part of the LLVM Project, under the Apache License v2.0 with LLVM Exceptions.
        -:    5:// See https://llvm.org/LICENSE.txt for license information.
        -:    6:// SPDX-License-Identifier: Apache-2.0 WITH LLVM-exception
        -:    7://
        -:    8://===----------------------------------------------------------------------===//
        -:    9:
        -:   10:#ifndef _LIBCPP___MEMORY_CONSTRUCT_AT_H
        -:   11:#define _LIBCPP___MEMORY_CONSTRUCT_AT_H
        -:   12:
        -:   13:#include <__assert>
        -:   14:#include <__config>
        -:   15:#include <__iterator/access.h>
        -:   16:#include <__memory/addressof.h>
        -:   17:#include <__memory/voidify.h>
        -:   18:#include <__type_traits/enable_if.h>
        -:   19:#include <__type_traits/is_array.h>
        -:   20:#include <__utility/declval.h>
        -:   21:#include <__utility/forward.h>
        -:   22:#include <__utility/move.h>
        -:   23:#include <new>
        -:   24:
        -:   25:#if !defined(_LIBCPP_HAS_NO_PRAGMA_SYSTEM_HEADER)
        -:   26:#  pragma GCC system_header
        -:   27:#endif
        -:   28:
        -:   29:_LIBCPP_BEGIN_NAMESPACE_STD
        -:   30:
        -:   31:// construct_at
        -:   32:
        -:   33:#if _LIBCPP_STD_VER > 17
        -:   34:
        -:   35:template <class _Tp, class... _Args, class = decltype(::new(std::declval<void*>()) _Tp(std::declval<_Args>()...))>
function _ZNSt3__112construct_atB7v160006IPcJS1_EPS1_EEPT_S4_DpOT0_ called 0 returned 0% blocks executed 0%
function _ZNSt3__112construct_atB7v160006INS_12basic_stringIcNS_11char_traitsIcEENS_9allocatorIcEEEEJRS6_EPS6_EEPT_SA_DpOT0_ called 3 returned 100% blocks executed 100%
function _ZNSt3__112construct_atB7v160006INS_12basic_stringIcNS_11char_traitsIcEENS_9allocatorIcEEEEJRKS6_EPS6_EEPT_SB_DpOT0_ called 0 returned 0% blocks executed 0%
function _ZNSt3__112construct_atB7v160006IN7testing14TestPartResultEJRKS2_EPS2_EEPT_S7_DpOT0_ called 0 returned 0% blocks executed 0%
function _ZNSt3__112construct_atB7v160006IN7testing14TestPartResultEJS2_EPS2_EEPT_S5_DpOT0_ called 0 returned 0% blocks executed 0%
function _ZNSt3__112construct_atB7v160006INS_12basic_stringIcNS_11char_traitsIcEENS_9allocatorIcEEEEJS6_EPS6_EEPT_S9_DpOT0_ called 19 returned 100% blocks executed 100%
function _ZNSt3__112construct_atB7v160006IdJEPdEEPT_S3_DpOT0_ called 0 returned 0% blocks executed 0%
function _ZNSt3__112construct_atB7v160006INS_6vectorIdNS_9allocatorIdEEEEJRKS4_EPS4_EEPT_S9_DpOT0_ called 0 returned 0% blocks executed 0%
function _ZNSt3__112construct_atB7v160006IdJRdEPdEEPT_S4_DpOT0_ called 0 returned 0% blocks executed 0%
function _ZNSt3__112construct_atB7v160006IN7testing8internal13edit_distance8EditTypeEJEPS4_EEPT_S7_DpOT0_ called 0 returned 0% blocks executed 0%
function _ZNSt3__112construct_atB7v160006INS_6vectorIN7testing8internal13edit_distance8EditTypeENS_9allocatorIS5_EEEEJRKS8_EPS8_EEPT_SD_DpOT0_ called 0 returned 0% blocks executed 0%
function _ZNSt3__112construct_atB7v160006IN7testing8internal13edit_distance8EditTypeEJRS4_EPS4_EEPT_S8_DpOT0_ called 0 returned 0% blocks executed 0%
function _ZNSt3__112construct_atB7v160006IN7testing8internal13edit_distance8EditTypeEJRKS4_EPS4_EEPT_S9_DpOT0_ called 0 returned 0% blocks executed 0%
function _ZNSt3__112construct_atB7v160006ImJmEPmEEPT_S3_DpOT0_ called 0 returned 0% blocks executed 0%
function _ZNSt3__112construct_atB7v160006INS_4pairIKNS_12basic_stringIcNS_11char_traitsIcEENS_9allocatorIcEEEEmEEJRKNS_21piecewise_construct_tENS_5tupleIJRS8_EEENSD_IJEEEEPS9_EEPT_SJ_DpOT0_ called 0 returned 0% blocks executed 0%
function _ZNSt3__112construct_atB7v160006INS_4pairIcPKcEEJS4_EPS4_EEPT_S7_DpOT0_ called 0 returned 0% blocks executed 0%
function _ZNSt3__112construct_atB7v160006IN7testing12TestPropertyEJRKS2_EPS2_EEPT_S7_DpOT0_ called 0 returned 0% blocks executed 0%
function _ZNSt3__112construct_atB7v160006IN7testing12TestPropertyEJS2_EPS2_EEPT_S5_DpOT0_ called 0 returned 0% blocks executed 0%
function _ZNSt3__112construct_atB7v160006INS_12basic_stringIcNS_11char_traitsIcEENS_9allocatorIcEEEEJRKPKcEPS6_EEPT_SD_DpOT0_ called 0 returned 0% blocks executed 0%
function _ZNSt3__112construct_atB7v160006IPN7testing8TestInfoEJRKS3_EPS3_EEPT_S8_DpOT0_ called 14 returned 100% blocks executed 100%
function _ZNSt3__112construct_atB7v160006IiJiEPiEEPT_S3_DpOT0_ called 15 returned 100% blocks executed 100%
function _ZNSt3__112construct_atB7v160006IPN7testing17TestEventListenerEJRKS3_EPS3_EEPT_S8_DpOT0_ called 1 returned 100% blocks executed 100%
function _ZNSt3__112construct_atB7v160006IPN7testing11EnvironmentEJRKS3_EPS3_EEPT_S8_DpOT0_ called 0 returned 0% blocks executed 0%
function _ZNSt3__112construct_atB7v160006IN7testing8internal9TraceInfoEJRKS3_EPS3_EEPT_S8_DpOT0_ called 0 returned 0% blocks executed 0%
function _ZNSt3__112construct_atB7v160006IN7testing8internal9TraceInfoEJS3_EPS3_EEPT_S6_DpOT0_ called 0 returned 0% blocks executed 0%
function _ZNSt3__112construct_atB7v160006IPN7testing9TestSuiteEJRKS3_EPS3_EEPT_S8_DpOT0_ called 1 returned 100% blocks executed 100%
function _ZNSt3__112construct_atB7v160006IPN7testing9TestSuiteEJS3_EPS3_EEPT_S6_DpOT0_ called 0 returned 0% blocks executed 0%
function _ZNSt3__112construct_atB7v160006INS_4pairIKNS_12basic_stringIcNS_11char_traitsIcEENS_9allocatorIcEEEEN7testing8internal34TypeParameterizedTestSuiteRegistry30TypeParameterizedTestSuiteInfoEEEJS7_SC_EPSD_EEPT_SG_DpOT0_ called 0 returned 0% blocks executed 0%
       53:   36:_LIBCPP_HIDE_FROM_ABI constexpr _Tp* construct_at(_Tp* __location, _Args&&... __args) {
       53:   37:  _LIBCPP_ASSERT(__location != nullptr, "null pointer given to construct_at");
       53:   38:  return ::new (_VSTD::__voidify(*__location)) _Tp(_VSTD::forward<_Args>(__args)...);
    $$$$$:   38-block  0
        3:   38-block  1
    $$$$$:   38-block  2
    $$$$$:   38-block  3
    $$$$$:   38-block  4
       19:   38-block  5
    $$$$$:   38-block  6
    $$$$$:   38-block  7
    $$$$$:   38-block  8
    $$$$$:   38-block  9
    $$$$$:   38-block 10
    $$$$$:   38-block 11
    $$$$$:   38-block 12
    $$$$$:   38-block 13
    $$$$$:   38-block 14
    $$$$$:   38-block 15
    $$$$$:   38-block 16
    $$$$$:   38-block 17
    $$$$$:   38-block 18
       14:   38-block 19
       15:   38-block 20
        1:   38-block 21
    $$$$$:   38-block 22
    $$$$$:   38-block 23
    $$$$$:   38-block 24
        1:   38-block 25
    $$$$$:   38-block 26
    $$$$$:   38-block 27
        -:   39:}
        -:   40:
        -:   41:#endif
        -:   42:
        -:   43:template <class _Tp, class... _Args, class = decltype(::new(std::declval<void*>()) _Tp(std::declval<_Args>()...))>
        -:   44:_LIBCPP_HIDE_FROM_ABI _LIBCPP_CONSTEXPR _Tp* __construct_at(_Tp* __location, _Args&&... __args) {
        -:   45:#if _LIBCPP_STD_VER > 17
        -:   46:  return std::construct_at(__location, std::forward<_Args>(__args)...);
        -:   47:#else
        -:   48:  return _LIBCPP_ASSERT(__location != nullptr, "null pointer given to construct_at"),
        -:   49:         ::new (std::__voidify(*__location)) _Tp(std::forward<_Args>(__args)...);
        -:   50:#endif
        -:   51:}
        -:   52:
        -:   53:// destroy_at
        -:   54:
        -:   55:// The internal functions are available regardless of the language version (with the exception of the `__destroy_at`
        -:   56:// taking an array).
        -:   57:
        -:   58:template <class _ForwardIterator>
        -:   59:_LIBCPP_HIDE_FROM_ABI _LIBCPP_CONSTEXPR_SINCE_CXX20
        -:   60:_ForwardIterator __destroy(_ForwardIterator, _ForwardIterator);
        -:   61:
        -:   62:template <class _Tp, typename enable_if<!is_array<_Tp>::value, int>::type = 0>
        -:   63:_LIBCPP_HIDE_FROM_ABI _LIBCPP_CONSTEXPR_SINCE_CXX20
function _ZNSt3__112__destroy_atB7v160006IPcLi0EEEvPT_ called 0 returned 0% blocks executed 0%
function _ZNSt3__112__destroy_atB7v160006INS_12basic_stringIcNS_11char_traitsIcEENS_9allocatorIcEEEELi0EEEvPT_ called 19 returned 100% blocks executed 100%
function _ZNSt3__112__destroy_atB7v160006IN7testing14TestPartResultELi0EEEvPT_ called 0 returned 0% blocks executed 0%
function _ZNSt3__112__destroy_atB7v160006IdLi0EEEvPT_ called 0 returned 0% blocks executed 0%
function _ZNSt3__112__destroy_atB7v160006INS_6vectorIdNS_9allocatorIdEEEELi0EEEvPT_ called 0 returned 0% blocks executed 0%
function _ZNSt3__112__destroy_atB7v160006IN7testing8internal13edit_distance8EditTypeELi0EEEvPT_ called 0 returned 0% blocks executed 0%
function _ZNSt3__112__destroy_atB7v160006INS_6vectorIN7testing8internal13edit_distance8EditTypeENS_9allocatorIS5_EEEELi0EEEvPT_ called 0 returned 0% blocks executed 0%
function _ZNSt3__112__destroy_atB7v160006ImLi0EEEvPT_ called 0 returned 0% blocks executed 0%
function _ZNSt3__112__destroy_atB7v160006INS_4pairIKNS_12basic_stringIcNS_11char_traitsIcEENS_9allocatorIcEEEEmEELi0EEEvPT_ called 0 returned 0% blocks executed 0%
function _ZNSt3__112__destroy_atB7v160006INS_4pairIcPKcEELi0EEEvPT_ called 0 returned 0% blocks executed 0%
function _ZNSt3__112__destroy_atB7v160006IN7testing12TestPropertyELi0EEEvPT_ called 0 returned 0% blocks executed 0%
function _ZNSt3__112__destroy_atB7v160006IiLi0EEEvPT_ called 15 returned 100% blocks executed 100%
function _ZNSt3__112__destroy_atB7v160006IPN7testing8TestInfoELi0EEEvPT_ called 15 returned 100% blocks executed 100%
function _ZNSt3__112__destroy_atB7v160006IPN7testing17TestEventListenerELi0EEEvPT_ called 0 returned 0% blocks executed 0%
function _ZNSt3__112__destroy_atB7v160006IPN7testing11EnvironmentELi0EEEvPT_ called 0 returned 0% blocks executed 0%
function _ZNSt3__112__destroy_atB7v160006IN7testing8internal9TraceInfoELi0EEEvPT_ called 0 returned 0% blocks executed 0%
function _ZNSt3__112__destroy_atB7v160006INS_4pairIKNS_12basic_stringIcNS_11char_traitsIcEENS_9allocatorIcEEEEN7testing8internal34TypeParameterizedTestSuiteRegistry30TypeParameterizedTestSuiteInfoEEELi0EEEvPT_ called 0 returned 0% blocks executed 0%
function _ZNSt3__112__destroy_atB7v160006IPN7testing8internal30ParameterizedTestSuiteInfoBaseELi0EEEvPT_ called 0 returned 0% blocks executed 0%
function _ZNSt3__112__destroy_atB7v160006IPN7testing9TestSuiteELi0EEEvPT_ called 0 returned 0% blocks executed 0%
       49:   64:void __destroy_at(_Tp* __loc) {
       49:   65:    _LIBCPP_ASSERT(__loc != nullptr, "null pointer given to destroy_at");
       49:   66:    __loc->~_Tp();
       49:   67:}
    $$$$$:   67-block  0
       19:   67-block  1
    $$$$$:   67-block  2
    $$$$$:   67-block  3
    $$$$$:   67-block  4
    $$$$$:   67-block  5
    $$$$$:   67-block  6
    $$$$$:   67-block  7
    $$$$$:   67-block  8
    $$$$$:   67-block  9
    $$$$$:   67-block 10
       15:   67-block 11
       15:   67-block 12
    $$$$$:   67-block 13
    $$$$$:   67-block 14
    $$$$$:   67-block 15
    $$$$$:   67-block 16
    $$$$$:   67-block 17
    $$$$$:   67-block 18
        -:   68:
        -:   69:#if _LIBCPP_STD_VER > 17
        -:   70:template <class _Tp, typename enable_if<is_array<_Tp>::value, int>::type = 0>
        -:   71:_LIBCPP_HIDE_FROM_ABI _LIBCPP_CONSTEXPR_SINCE_CXX20
        -:   72:void __destroy_at(_Tp* __loc) {
        -:   73:    _LIBCPP_ASSERT(__loc != nullptr, "null pointer given to destroy_at");
        -:   74:    _VSTD::__destroy(_VSTD::begin(*__loc), _VSTD::end(*__loc));
        -:   75:}
        -:   76:#endif
        -:   77:
        -:   78:template <class _ForwardIterator>
        -:   79:_LIBCPP_HIDE_FROM_ABI _LIBCPP_CONSTEXPR_SINCE_CXX20
        -:   80:_ForwardIterator __destroy(_ForwardIterator __first, _ForwardIterator __last) {
        -:   81:    for (; __first != __last; ++__first)
        -:   82:        _VSTD::__destroy_at(_VSTD::addressof(*__first));
        -:   83:    return __first;
        -:   84:}
        -:   85:
        -:   86:template <class _BidirectionalIterator>
        -:   87:_LIBCPP_HIDE_FROM_ABI _LIBCPP_CONSTEXPR_SINCE_CXX20
        -:   88:_BidirectionalIterator __reverse_destroy(_BidirectionalIterator __first, _BidirectionalIterator __last) {
        -:   89:    while (__last != __first) {
        -:   90:        --__last;
        -:   91:        std::__destroy_at(std::addressof(*__last));
        -:   92:    }
        -:   93:    return __last;
        -:   94:}
        -:   95:
        -:   96:#if _LIBCPP_STD_VER > 14
        -:   97:
        -:   98:template <class _Tp, enable_if_t<!is_array_v<_Tp>, int> = 0>
        -:   99:_LIBCPP_HIDE_FROM_ABI _LIBCPP_CONSTEXPR_SINCE_CXX20
function _ZNSt3__110destroy_atB7v160006IPcLi0EEEvPT_ called 0 returned 0% blocks executed 0%
function _ZNSt3__110destroy_atB7v160006INS_12basic_stringIcNS_11char_traitsIcEENS_9allocatorIcEEEELi0EEEvPT_ called 19 returned 100% blocks executed 100%
function _ZNSt3__110destroy_atB7v160006IN7testing14TestPartResultELi0EEEvPT_ called 0 returned 0% blocks executed 0%
function _ZNSt3__110destroy_atB7v160006IdLi0EEEvPT_ called 0 returned 0% blocks executed 0%
function _ZNSt3__110destroy_atB7v160006INS_6vectorIdNS_9allocatorIdEEEELi0EEEvPT_ called 0 returned 0% blocks executed 0%
function _ZNSt3__110destroy_atB7v160006IN7testing8internal13edit_distance8EditTypeELi0EEEvPT_ called 0 returned 0% blocks executed 0%
function _ZNSt3__110destroy_atB7v160006INS_6vectorIN7testing8internal13edit_distance8EditTypeENS_9allocatorIS5_EEEELi0EEEvPT_ called 0 returned 0% blocks executed 0%
function _ZNSt3__110destroy_atB7v160006ImLi0EEEvPT_ called 0 returned 0% blocks executed 0%
function _ZNSt3__110destroy_atB7v160006INS_4pairIKNS_12basic_stringIcNS_11char_traitsIcEENS_9allocatorIcEEEEmEELi0EEEvPT_ called 0 returned 0% blocks executed 0%
function _ZNSt3__110destroy_atB7v160006INS_4pairIcPKcEELi0EEEvPT_ called 0 returned 0% blocks executed 0%
function _ZNSt3__110destroy_atB7v160006IN7testing12TestPropertyELi0EEEvPT_ called 0 returned 0% blocks executed 0%
function _ZNSt3__110destroy_atB7v160006IiLi0EEEvPT_ called 15 returned 100% blocks executed 100%
function _ZNSt3__110destroy_atB7v160006IPN7testing8TestInfoELi0EEEvPT_ called 15 returned 100% blocks executed 100%
function _ZNSt3__110destroy_atB7v160006IPN7testing17TestEventListenerELi0EEEvPT_ called 0 returned 0% blocks executed 0%
function _ZNSt3__110destroy_atB7v160006IPN7testing11EnvironmentELi0EEEvPT_ called 0 returned 0% blocks executed 0%
function _ZNSt3__110destroy_atB7v160006IN7testing8internal9TraceInfoELi0EEEvPT_ called 0 returned 0% blocks executed 0%
function _ZNSt3__110destroy_atB7v160006INS_4pairIKNS_12basic_stringIcNS_11char_traitsIcEENS_9allocatorIcEEEEN7testing8internal34TypeParameterizedTestSuiteRegistry30TypeParameterizedTestSuiteInfoEEELi0EEEvPT_ called 0 returned 0% blocks executed 0%
function _ZNSt3__110destroy_atB7v160006IPN7testing8internal30ParameterizedTestSuiteInfoBaseELi0EEEvPT_ called 0 returned 0% blocks executed 0%
function _ZNSt3__110destroy_atB7v160006IPN7testing9TestSuiteELi0EEEvPT_ called 0 returned 0% blocks executed 0%
       49:  100:void destroy_at(_Tp* __loc) {
       49:  101:    _VSTD::__destroy_at(__loc);
       49:  102:}
    $$$$$:  102-block  0
       19:  102-block  1
    $$$$$:  102-block  2
    $$$$$:  102-block  3
    $$$$$:  102-block  4
    $$$$$:  102-block  5
    $$$$$:  102-block  6
    $$$$$:  102-block  7
    $$$$$:  102-block  8
    $$$$$:  102-block  9
    $$$$$:  102-block 10
       15:  102-block 11
       15:  102-block 12
    $$$$$:  102-block 13
    $$$$$:  102-block 14
    $$$$$:  102-block 15
    $$$$$:  102-block 16
    $$$$$:  102-block 17
    $$$$$:  102-block 18
        -:  103:
        -:  104:#if _LIBCPP_STD_VER > 17
        -:  105:template <class _Tp, enable_if_t<is_array_v<_Tp>, int> = 0>
        -:  106:_LIBCPP_HIDE_FROM_ABI _LIBCPP_CONSTEXPR_SINCE_CXX20
        -:  107:void destroy_at(_Tp* __loc) {
        -:  108:  _VSTD::__destroy_at(__loc);
        -:  109:}
        -:  110:#endif
        -:  111:
        -:  112:template <class _ForwardIterator>
        -:  113:_LIBCPP_HIDE_FROM_ABI _LIBCPP_CONSTEXPR_SINCE_CXX20
        -:  114:void destroy(_ForwardIterator __first, _ForwardIterator __last) {
        -:  115:  (void)_VSTD::__destroy(_VSTD::move(__first), _VSTD::move(__last));
        -:  116:}
        -:  117:
        -:  118:template <class _ForwardIterator, class _Size>
        -:  119:_LIBCPP_HIDE_FROM_ABI _LIBCPP_CONSTEXPR_SINCE_CXX20
        -:  120:_ForwardIterator destroy_n(_ForwardIterator __first, _Size __n) {
        -:  121:    for (; __n > 0; (void)++__first, --__n)
        -:  122:        _VSTD::__destroy_at(_VSTD::addressof(*__first));
        -:  123:    return __first;
        -:  124:}
        -:  125:
        -:  126:#endif // _LIBCPP_STD_VER > 14
        -:  127:
        -:  128:_LIBCPP_END_NAMESPACE_STD
        -:  129:
        -:  130:#endif // _LIBCPP___MEMORY_CONSTRUCT_AT_H
