        -:    0:Source:/Library/Developer/CommandLineTools/SDKs/MacOSX14.2.sdk/usr/include/c++/v1/__algorithm/find_if.h
        -:    0:Graph:/Users/ivanmovile/CLionProjects/Stack/cmake-build-debug/_deps/googletest-build/googletest/CMakeFiles/gtest.dir/src/gtest-all.cc.gcno
        -:    0:Data:/Users/ivanmovile/CLionProjects/Stack/cmake-build-debug/_deps/googletest-build/googletest/CMakeFiles/gtest.dir/src/gtest-all.cc.gcda
        -:    0:Runs:1
        -:    0:Programs:1
        -:    1:// -*- C++ -*-
        -:    2://===----------------------------------------------------------------------===//
        -:    3://
        -:    4:// Part of the LLVM Project, under the Apache License v2.0 with LLVM Exceptions.
        -:    5:// See https://llvm.org/LICENSE.txt for license information.
        -:    6:// SPDX-License-Identifier: Apache-2.0 WITH LLVM-exception
        -:    7://
        -:    8://===----------------------------------------------------------------------===//
        -:    9:
        -:   10:#ifndef _LIBCPP___ALGORITHM_FIND_IF_H
        -:   11:#define _LIBCPP___ALGORITHM_FIND_IF_H
        -:   12:
        -:   13:#include <__config>
        -:   14:
        -:   15:#if !defined(_LIBCPP_HAS_NO_PRAGMA_SYSTEM_HEADER)
        -:   16:#  pragma GCC system_header
        -:   17:#endif
        -:   18:
        -:   19:_LIBCPP_BEGIN_NAMESPACE_STD
        -:   20:
        -:   21:template <class _InputIterator, class _Predicate>
        -:   22:_LIBCPP_NODISCARD_EXT inline _LIBCPP_INLINE_VISIBILITY _LIBCPP_CONSTEXPR_SINCE_CXX20 _InputIterator
function _ZNSt3__17find_ifB7v160006INS_11__wrap_iterIPN7testing12TestPropertyEEENS2_8internal17TestPropertyKeyIsEEET_S8_S8_T0_ called 0 returned 0% blocks executed 0%
function _ZNSt3__17find_ifB7v160006INS_16reverse_iteratorINS_11__wrap_iterIPPN7testing9TestSuiteEEEEENS3_8internal15TestSuiteNameIsEEET_SB_SB_T0_ called 14 returned 100% blocks executed 75%
       14:   23:find_if(_InputIterator __first, _InputIterator __last, _Predicate __pred) {
       14:   24:  for (; __first != __last; ++__first)
    $$$$$:   24-block  0
    $$$$$:   24-block  1
    $$$$$:   24-block  2
    $$$$$:   24-block  3
       14:   24-block  4
       13:   24-block  5
        1:   24-block  6
    $$$$$:   24-block  7
       13:   25:    if (__pred(*__first))
    $$$$$:   25-block  0
branch  0 never executed
branch  1 never executed
    $$$$$:   25-block  1
       13:   25-block  2
branch  2 taken 13
branch  3 taken 0
    $$$$$:   25-block  3
       13:   26:      break;
    $$$$$:   26-block  0
       13:   26-block  1
       14:   27:  return __first;
    $$$$$:   27-block  0
       14:   27-block  1
        -:   28:}
        -:   29:
        -:   30:_LIBCPP_END_NAMESPACE_STD
        -:   31:
        -:   32:#endif // _LIBCPP___ALGORITHM_FIND_IF_H
