        -:    0:Source:/Library/Developer/CommandLineTools/SDKs/MacOSX14.2.sdk/usr/include/c++/v1/__memory/voidify.h
        -:    0:Graph:/Users/ivanmovile/CLionProjects/Stack/cmake-build-debug/_deps/googletest-build/googletest/CMakeFiles/gtest.dir/src/gtest-all.cc.gcno
        -:    0:Data:/Users/ivanmovile/CLionProjects/Stack/cmake-build-debug/_deps/googletest-build/googletest/CMakeFiles/gtest.dir/src/gtest-all.cc.gcda
        -:    0:Runs:1
        -:    0:Programs:1
        -:    1:// -*- C++ -*-
        -:    2://===----------------------------------------------------------------------===//
        -:    3://
        -:    4:// Part of the LLVM Project, under the Apache License v2.0 with LLVM Exceptions.
        -:    5:// See https://llvm.org/LICENSE.txt for license information.
        -:    6:// SPDX-License-Identifier: Apache-2.0 WITH LLVM-exception
        -:    7://
        -:    8://===----------------------------------------------------------------------===//
        -:    9:
        -:   10:#ifndef _LIBCPP___MEMORY_VOIDIFY_H
        -:   11:#define _LIBCPP___MEMORY_VOIDIFY_H
        -:   12:
        -:   13:#include <__config>
        -:   14:#include <__memory/addressof.h>
        -:   15:
        -:   16:#if !defined(_LIBCPP_HAS_NO_PRAGMA_SYSTEM_HEADER)
        -:   17:#  pragma GCC system_header
        -:   18:#endif
        -:   19:
        -:   20:_LIBCPP_BEGIN_NAMESPACE_STD
        -:   21:
        -:   22:template <typename _Tp>
function _ZNSt3__19__voidifyB7v160006IPcEEPvRT_ called 0 returned 0% blocks executed 0%
function _ZNSt3__19__voidifyB7v160006INS_12basic_stringIcNS_11char_traitsIcEENS_9allocatorIcEEEEEEPvRT_ called 22 returned 100% blocks executed 100%
function _ZNSt3__19__voidifyB7v160006IN7testing14TestPartResultEEEPvRT_ called 0 returned 0% blocks executed 0%
function _ZNSt3__19__voidifyB7v160006IdEEPvRT_ called 0 returned 0% blocks executed 0%
function _ZNSt3__19__voidifyB7v160006INS_6vectorIdNS_9allocatorIdEEEEEEPvRT_ called 0 returned 0% blocks executed 0%
function _ZNSt3__19__voidifyB7v160006IN7testing8internal13edit_distance8EditTypeEEEPvRT_ called 0 returned 0% blocks executed 0%
function _ZNSt3__19__voidifyB7v160006INS_6vectorIN7testing8internal13edit_distance8EditTypeENS_9allocatorIS5_EEEEEEPvRT_ called 0 returned 0% blocks executed 0%
function _ZNSt3__19__voidifyB7v160006ImEEPvRT_ called 0 returned 0% blocks executed 0%
function _ZNSt3__19__voidifyB7v160006INS_4pairIKNS_12basic_stringIcNS_11char_traitsIcEENS_9allocatorIcEEEEmEEEEPvRT_ called 0 returned 0% blocks executed 0%
function _ZNSt3__19__voidifyB7v160006INS_4pairIcPKcEEEEPvRT_ called 0 returned 0% blocks executed 0%
function _ZNSt3__19__voidifyB7v160006IN7testing12TestPropertyEEEPvRT_ called 0 returned 0% blocks executed 0%
function _ZNSt3__19__voidifyB7v160006IPN7testing8TestInfoEEEPvRT_ called 14 returned 100% blocks executed 100%
function _ZNSt3__19__voidifyB7v160006IiEEPvRT_ called 15 returned 100% blocks executed 100%
function _ZNSt3__19__voidifyB7v160006IPN7testing17TestEventListenerEEEPvRT_ called 1 returned 100% blocks executed 100%
function _ZNSt3__19__voidifyB7v160006IPN7testing11EnvironmentEEEPvRT_ called 0 returned 0% blocks executed 0%
function _ZNSt3__19__voidifyB7v160006IN7testing8internal9TraceInfoEEEPvRT_ called 0 returned 0% blocks executed 0%
function _ZNSt3__19__voidifyB7v160006IPN7testing9TestSuiteEEEPvRT_ called 1 returned 100% blocks executed 100%
function _ZNSt3__19__voidifyB7v160006INS_4pairIKNS_12basic_stringIcNS_11char_traitsIcEENS_9allocatorIcEEEEN7testing8internal34TypeParameterizedTestSuiteRegistry30TypeParameterizedTestSuiteInfoEEEEEPvRT_ called 0 returned 0% blocks executed 0%
       53:   23:_LIBCPP_ALWAYS_INLINE _LIBCPP_HIDE_FROM_ABI _LIBCPP_CONSTEXPR_SINCE_CXX20 void* __voidify(_Tp& __from) {
        -:   24:  // Cast away cv-qualifiers to allow modifying elements of a range through const iterators.
       53:   25:  return const_cast<void*>(static_cast<const volatile void*>(_VSTD::addressof(__from)));
    $$$$$:   25-block  0
       22:   25-block  1
    $$$$$:   25-block  2
    $$$$$:   25-block  3
    $$$$$:   25-block  4
    $$$$$:   25-block  5
    $$$$$:   25-block  6
    $$$$$:   25-block  7
    $$$$$:   25-block  8
    $$$$$:   25-block  9
    $$$$$:   25-block 10
       14:   25-block 11
       15:   25-block 12
        1:   25-block 13
    $$$$$:   25-block 14
    $$$$$:   25-block 15
        1:   25-block 16
    $$$$$:   25-block 17
        -:   26:}
        -:   27:
        -:   28:_LIBCPP_END_NAMESPACE_STD
        -:   29:
        -:   30:#endif // _LIBCPP___MEMORY_VOIDIFY_H
