        -:    0:Source:/Library/Developer/CommandLineTools/SDKs/MacOSX14.2.sdk/usr/include/c++/v1/__memory/compressed_pair.h
        -:    0:Graph:/Users/ivanmovile/CLionProjects/Stack/cmake-build-debug/_deps/googletest-build/googletest/CMakeFiles/gtest.dir/src/gtest-all.cc.gcno
        -:    0:Data:/Users/ivanmovile/CLionProjects/Stack/cmake-build-debug/_deps/googletest-build/googletest/CMakeFiles/gtest.dir/src/gtest-all.cc.gcda
        -:    0:Runs:1
        -:    0:Programs:1
        -:    1:// -*- C++ -*-
        -:    2://===----------------------------------------------------------------------===//
        -:    3://
        -:    4:// Part of the LLVM Project, under the Apache License v2.0 with LLVM Exceptions.
        -:    5:// See https://llvm.org/LICENSE.txt for license information.
        -:    6:// SPDX-License-Identifier: Apache-2.0 WITH LLVM-exception
        -:    7://
        -:    8://===----------------------------------------------------------------------===//
        -:    9:
        -:   10:#ifndef _LIBCPP___MEMORY_COMPRESSED_PAIR_H
        -:   11:#define _LIBCPP___MEMORY_COMPRESSED_PAIR_H
        -:   12:
        -:   13:#include <__config>
        -:   14:#include <__fwd/get.h>
        -:   15:#include <__fwd/tuple.h>
        -:   16:#include <__tuple_dir/tuple_indices.h>
        -:   17:#include <__type_traits/decay.h>
        -:   18:#include <__type_traits/dependent_type.h>
        -:   19:#include <__type_traits/enable_if.h>
        -:   20:#include <__type_traits/is_default_constructible.h>
        -:   21:#include <__type_traits/is_empty.h>
        -:   22:#include <__type_traits/is_final.h>
        -:   23:#include <__type_traits/is_same.h>
        -:   24:#include <__type_traits/is_swappable.h>
        -:   25:#include <__utility/forward.h>
        -:   26:#include <__utility/move.h>
        -:   27:#include <__utility/piecewise_construct.h>
        -:   28:#include <cstddef>
        -:   29:
        -:   30:#if !defined(_LIBCPP_HAS_NO_PRAGMA_SYSTEM_HEADER)
        -:   31:#  pragma GCC system_header
        -:   32:#endif
        -:   33:
        -:   34:_LIBCPP_BEGIN_NAMESPACE_STD
        -:   35:
        -:   36:// Tag used to default initialize one or both of the pair's elements.
        -:   37:struct __default_init_tag {};
        -:   38:struct __value_init_tag {};
        -:   39:
        -:   40:template <class _Tp, int _Idx, bool _CanBeEmptyBase = is_empty<_Tp>::value && !__libcpp_is_final<_Tp>::value>
        -:   41:struct __compressed_pair_elem {
        -:   42:  using _ParamT = _Tp;
        -:   43:  using reference = _Tp&;
        -:   44:  using const_reference = const _Tp&;
        -:   45:
function _ZNSt3__122__compressed_pair_elemINS_12basic_stringIcNS_11char_traitsIcEENS_9allocatorIcEEE5__repELi0ELb0EEC2B7v160006ENS_18__default_init_tagE called 0 returned 0% blocks executed 0%
function _ZNSt3__122__compressed_pair_elemINS_12basic_stringIwNS_11char_traitsIwEENS_9allocatorIwEEE5__repELi0ELb0EEC2B7v160006ENS_18__default_init_tagE called 0 returned 0% blocks executed 0%
    #####:   46:  _LIBCPP_HIDE_FROM_ABI _LIBCPP_CONSTEXPR explicit __compressed_pair_elem(__default_init_tag) {}
    $$$$$:   46-block  0
    $$$$$:   46-block  1
function _ZNSt3__122__compressed_pair_elemIPPNS_16__hash_node_baseIPNS_11__hash_nodeINS_12basic_stringIcNS_11char_traitsIcEENS_9allocatorIcEEEEPvEEEELi0ELb0EEC2B7v160006ENS_16__value_init_tagE called 5 returned 100% blocks executed 100%
function _ZNSt3__122__compressed_pair_elemINS_25__bucket_list_deallocatorINS_9allocatorIPNS_16__hash_node_baseIPNS_11__hash_nodeINS_12basic_stringIcNS_11char_traitsIcEENS2_IcEEEEPvEEEEEEEELi1ELb0EEC2B7v160006ENS_16__value_init_tagE called 5 returned 100% blocks executed 100%
function _ZNSt3__122__compressed_pair_elemINS_16__hash_node_baseIPNS_11__hash_nodeINS_12basic_stringIcNS_11char_traitsIcEENS_9allocatorIcEEEEPvEEEELi0ELb0EEC2B7v160006ENS_16__value_init_tagE called 5 returned 100% blocks executed 100%
function _ZNSt3__122__compressed_pair_elemINS_15__tree_end_nodeIPNS_16__tree_node_baseIPvEEEELi0ELb0EEC2B7v160006ENS_16__value_init_tagE called 2 returned 100% blocks executed 100%
function _ZNSt3__122__compressed_pair_elemIPN7testing8internal24InternalRunDeathTestFlagELi0ELb0EEC2B7v160006ENS_16__value_init_tagE called 1 returned 100% blocks executed 100%
function _ZNSt3__122__compressed_pair_elemIPNS_12basic_stringIcNS_11char_traitsIcEENS_9allocatorIcEEEELi0ELb0EEC2B7v160006ENS_16__value_init_tagE called 23 returned 100% blocks executed 100%
       41:   47:  _LIBCPP_HIDE_FROM_ABI _LIBCPP_CONSTEXPR explicit __compressed_pair_elem(__value_init_tag) : __value_() {}
        5:   47-block  0
        5:   47-block  1
        5:   47-block  2
        2:   47-block  3
        1:   47-block  4
       23:   47-block  5
        -:   48:
        -:   49:  template <class _Up, class = __enable_if_t<!is_same<__compressed_pair_elem, typename decay<_Up>::type>::value> >
        -:   50:  _LIBCPP_HIDE_FROM_ABI _LIBCPP_CONSTEXPR
function _ZNSt3__122__compressed_pair_elemIPPcLi0ELb0EEC2B7v160006IDnvEEOT_ called 0 returned 0% blocks executed 0%
function _ZNSt3__122__compressed_pair_elemIRNS_9allocatorIPcEELi1ELb0EEC2B7v160006IS4_vEEOT_ called 0 returned 0% blocks executed 0%
function _ZNSt3__122__compressed_pair_elemIPNS_12basic_stringIcNS_11char_traitsIcEENS_9allocatorIcEEEELi0ELb0EEC2B7v160006IDnvEEOT_ called 27 returned 100% blocks executed 100%
function _ZNSt3__122__compressed_pair_elemIPN7testing14TestPartResultELi0ELb0EEC2B7v160006IDnvEEOT_ called 16 returned 100% blocks executed 100%
function _ZNSt3__122__compressed_pair_elemIRNS_9allocatorIN7testing14TestPartResultEEELi1ELb0EEC2B7v160006IS5_vEEOT_ called 0 returned 0% blocks executed 0%
function _ZNSt3__122__compressed_pair_elemImLi0ELb0EEC2B7v160006IivEEOT_ called 12 returned 100% blocks executed 100%
function _ZNSt3__122__compressed_pair_elemIfLi0ELb0EEC2B7v160006IfvEEOT_ called 5 returned 100% blocks executed 100%
function _ZNSt3__122__compressed_pair_elemIRNS_9allocatorINS_12basic_stringIcNS_11char_traitsIcEENS1_IcEEEEEELi1ELb0EEC2B7v160006IS8_vEEOT_ called 12 returned 100% blocks executed 100%
function _ZNSt3__122__compressed_pair_elemIPNS_11__hash_nodeINS_12basic_stringIcNS_11char_traitsIcEENS_9allocatorIcEEEEPvEELi0ELb0EEC2B7v160006IRSA_vEEOT_ called 0 returned 0% blocks executed 0%
function _ZNSt3__122__compressed_pair_elemINS_22__hash_node_destructorINS_9allocatorINS_11__hash_nodeINS_12basic_stringIcNS_11char_traitsIcEENS2_IcEEEEPvEEEEEELi1ELb0EEC2B7v160006ISC_vEEOT_ called 0 returned 0% blocks executed 0%
function _ZNSt3__122__compressed_pair_elemIPdLi0ELb0EEC2B7v160006IDnvEEOT_ called 0 returned 0% blocks executed 0%
function _ZNSt3__122__compressed_pair_elemIPNS_6vectorIdNS_9allocatorIdEEEELi0ELb0EEC2B7v160006IDnvEEOT_ called 0 returned 0% blocks executed 0%
function _ZNSt3__122__compressed_pair_elemIPN7testing8internal13edit_distance8EditTypeELi0ELb0EEC2B7v160006IDnvEEOT_ called 0 returned 0% blocks executed 0%
function _ZNSt3__122__compressed_pair_elemIPNS_6vectorIN7testing8internal13edit_distance8EditTypeENS_9allocatorIS5_EEEELi0ELb0EEC2B7v160006IDnvEEOT_ called 0 returned 0% blocks executed 0%
function _ZNSt3__122__compressed_pair_elemIRNS_9allocatorIN7testing8internal13edit_distance8EditTypeEEELi1ELb0EEC2B7v160006IS7_vEEOT_ called 0 returned 0% blocks executed 0%
function _ZNSt3__122__compressed_pair_elemIPmLi0ELb0EEC2B7v160006IDnvEEOT_ called 0 returned 0% blocks executed 0%
function _ZNSt3__122__compressed_pair_elemIRNS_9allocatorImEELi1ELb0EEC2B7v160006IS3_vEEOT_ called 0 returned 0% blocks executed 0%
function _ZNSt3__122__compressed_pair_elemIPNS_11__tree_nodeINS_12__value_typeINS_12basic_stringIcNS_11char_traitsIcEENS_9allocatorIcEEEEmEEPvEELi0ELb0EEC2B7v160006IRSC_vEEOT_ called 0 returned 0% blocks executed 0%
function _ZNSt3__122__compressed_pair_elemINS_22__tree_node_destructorINS_9allocatorINS_11__tree_nodeINS_12__value_typeINS_12basic_stringIcNS_11char_traitsIcEENS2_IcEEEEmEEPvEEEEEELi1ELb0EEC2B7v160006ISE_vEEOT_ called 0 returned 0% blocks executed 0%
function _ZNSt3__122__compressed_pair_elemIPNS_11__list_nodeINS_4pairIcPKcEEPvEELi0ELb0EEC2B7v160006IRS8_vEEOT_ called 0 returned 0% blocks executed 0%
function _ZNSt3__122__compressed_pair_elemINS_22__allocator_destructorINS_9allocatorINS_11__list_nodeINS_4pairIcPKcEEPvEEEEEELi1ELb0EEC2B7v160006ISB_vEEOT_ called 0 returned 0% blocks executed 0%
function _ZNSt3__122__compressed_pair_elemIPN7testing12TestPropertyELi0ELb0EEC2B7v160006IDnvEEOT_ called 16 returned 100% blocks executed 100%
function _ZNSt3__122__compressed_pair_elemIRNS_9allocatorIN7testing12TestPropertyEEELi1ELb0EEC2B7v160006IS5_vEEOT_ called 0 returned 0% blocks executed 0%
function _ZNSt3__122__compressed_pair_elemIPPN7testing8TestInfoELi0ELb0EEC2B7v160006IDnvEEOT_ called 6 returned 100% blocks executed 100%
function _ZNSt3__122__compressed_pair_elemIPiLi0ELb0EEC2B7v160006IDnvEEOT_ called 8 returned 100% blocks executed 100%
function _ZNSt3__122__compressed_pair_elemIRNS_9allocatorIPN7testing8TestInfoEEELi1ELb0EEC2B7v160006IS6_vEEOT_ called 5 returned 100% blocks executed 100%
function _ZNSt3__122__compressed_pair_elemIRNS_9allocatorIiEELi1ELb0EEC2B7v160006IS3_vEEOT_ called 6 returned 100% blocks executed 100%
function _ZNSt3__122__compressed_pair_elemIPPN7testing17TestEventListenerELi0ELb0EEC2B7v160006IDnvEEOT_ called 2 returned 100% blocks executed 100%
function _ZNSt3__122__compressed_pair_elemIRNS_9allocatorIPN7testing17TestEventListenerEEELi1ELb0EEC2B7v160006IS6_vEEOT_ called 1 returned 100% blocks executed 100%
function _ZNSt3__122__compressed_pair_elemIPPN7testing11EnvironmentELi0ELb0EEC2B7v160006IDnvEEOT_ called 1 returned 100% blocks executed 100%
function _ZNSt3__122__compressed_pair_elemIRNS_9allocatorIPN7testing11EnvironmentEEELi1ELb0EEC2B7v160006IS6_vEEOT_ called 0 returned 0% blocks executed 0%
function _ZNSt3__122__compressed_pair_elemIPN7testing8internal9TraceInfoELi0ELb0EEC2B7v160006IDnvEEOT_ called 0 returned 0% blocks executed 0%
function _ZNSt3__122__compressed_pair_elemIRNS_9allocatorIN7testing8internal9TraceInfoEEELi1ELb0EEC2B7v160006IS6_vEEOT_ called 0 returned 0% blocks executed 0%
function _ZNSt3__122__compressed_pair_elemIPPN7testing9TestSuiteELi0ELb0EEC2B7v160006IDnvEEOT_ called 2 returned 100% blocks executed 100%
function _ZNSt3__122__compressed_pair_elemIPPN7testing8internal30ParameterizedTestSuiteInfoBaseELi0ELb0EEC2B7v160006IDnvEEOT_ called 1 returned 100% blocks executed 100%
function _ZNSt3__122__compressed_pair_elemIRNS_9allocatorIPN7testing9TestSuiteEEELi1ELb0EEC2B7v160006IS6_vEEOT_ called 1 returned 100% blocks executed 100%
function _ZNSt3__122__compressed_pair_elemIPNS_18basic_stringstreamIcNS_11char_traitsIcEENS_9allocatorIcEEEELi0ELb0EEC2B7v160006IRS7_vEEOT_ called 70 returned 100% blocks executed 100%
function _ZNSt3__122__compressed_pair_elemIPNS_12basic_stringIcNS_11char_traitsIcEENS_9allocatorIcEEEELi0ELb0EEC2B7v160006IRS7_vEEOT_ called 0 returned 0% blocks executed 0%
function _ZNSt3__122__compressed_pair_elemIPNS_11__tree_nodeINS_12basic_stringIcNS_11char_traitsIcEENS_9allocatorIcEEEEPvEELi0ELb0EEC2B7v160006IRSA_vEEOT_ called 0 returned 0% blocks executed 0%
function _ZNSt3__122__compressed_pair_elemINS_22__tree_node_destructorINS_9allocatorINS_11__tree_nodeINS_12basic_stringIcNS_11char_traitsIcEENS2_IcEEEEPvEEEEEELi1ELb0EEC2B7v160006ISC_vEEOT_ called 0 returned 0% blocks executed 0%
function _ZNSt3__122__compressed_pair_elemIPNS_11__tree_nodeINS_12__value_typeINS_12basic_stringIcNS_11char_traitsIcEENS_9allocatorIcEEEEN7testing8internal34TypeParameterizedTestSuiteRegistry30TypeParameterizedTestSuiteInfoEEEPvEELi0ELb0EEC2B7v160006IRSG_vEEOT_ called 0 returned 0% blocks executed 0%
function _ZNSt3__122__compressed_pair_elemINS_22__tree_node_destructorINS_9allocatorINS_11__tree_nodeINS_12__value_typeINS_12basic_stringIcNS_11char_traitsIcEENS2_IcEEEEN7testing8internal34TypeParameterizedTestSuiteRegistry30TypeParameterizedTestSuiteInfoEEEPvEEEEEELi1ELb0EEC2B7v160006ISI_vEEOT_ called 0 returned 0% blocks executed 0%
function _ZNSt3__122__compressed_pair_elemIPN7testing8internal14GTestFlagSaverELi0ELb0EEC2B7v160006IRS4_vEEOT_ called 14 returned 100% blocks executed 100%
function _ZNSt3__122__compressed_pair_elemIPKNS_12basic_stringIcNS_11char_traitsIcEENS_9allocatorIcEEEELi0ELb0EEC2B7v160006IRS8_vEEOT_ called 29 returned 100% blocks executed 100%
function _ZNSt3__122__compressed_pair_elemIPN7testing8internal11ThreadLocalIPNS1_31TestPartResultReporterInterfaceEE18ValueHolderFactoryELi0ELb0EEC2B7v160006IRS8_vEEOT_ called 1 returned 100% blocks executed 100%
function _ZNSt3__122__compressed_pair_elemIPN7testing8internal16DeathTestFactoryELi0ELb0EEC2B7v160006IRS4_vEEOT_ called 1 returned 100% blocks executed 100%
function _ZNSt3__122__compressed_pair_elemIPN7testing8internal11ThreadLocalINS_6vectorINS2_9TraceInfoENS_9allocatorIS5_EEEEE18ValueHolderFactoryELi0ELb0EEC2B7v160006IRSB_vEEOT_ called 1 returned 100% blocks executed 100%
      237:   51:  explicit __compressed_pair_elem(_Up&& __u) : __value_(std::forward<_Up>(__u)) {}
    $$$$$:   51-block  0
    $$$$$:   51-block  1
       27:   51-block  2
       16:   51-block  3
    $$$$$:   51-block  4
       12:   51-block  5
        5:   51-block  6
       12:   51-block  7
    $$$$$:   51-block  8
    $$$$$:   51-block  9
    $$$$$:   51-block 10
    $$$$$:   51-block 11
    $$$$$:   51-block 12
    $$$$$:   51-block 13
    $$$$$:   51-block 14
    $$$$$:   51-block 15
    $$$$$:   51-block 16
    $$$$$:   51-block 17
    $$$$$:   51-block 18
    $$$$$:   51-block 19
    $$$$$:   51-block 20
       16:   51-block 21
    $$$$$:   51-block 22
        6:   51-block 23
        8:   51-block 24
        5:   51-block 25
        6:   51-block 26
        2:   51-block 27
        1:   51-block 28
        1:   51-block 29
    $$$$$:   51-block 30
    $$$$$:   51-block 31
    $$$$$:   51-block 32
        2:   51-block 33
        1:   51-block 34
        1:   51-block 35
       70:   51-block 36
    $$$$$:   51-block 37
    $$$$$:   51-block 38
    $$$$$:   51-block 39
    $$$$$:   51-block 40
    $$$$$:   51-block 41
       14:   51-block 42
       29:   51-block 43
        1:   51-block 44
        1:   51-block 45
        1:   51-block 46
        -:   52:
        -:   53:#ifndef _LIBCPP_CXX03_LANG
        -:   54:  template <class... _Args, size_t... _Indices>
        -:   55:  _LIBCPP_HIDE_FROM_ABI _LIBCPP_CONSTEXPR_SINCE_CXX17
        -:   56:  explicit __compressed_pair_elem(piecewise_construct_t, tuple<_Args...> __args, __tuple_indices<_Indices...>)
        -:   57:      : __value_(std::forward<_Args>(std::get<_Indices>(__args))...) {}
        -:   58:#endif
        -:   59:
function _ZNSt3__122__compressed_pair_elemIPNS_12basic_stringIcNS_11char_traitsIcEENS_9allocatorIcEEEELi0ELb0EE5__getB7v160006Ev called 0 returned 0% blocks executed 0%
function _ZNSt3__122__compressed_pair_elemINS_12basic_stringIcNS_11char_traitsIcEENS_9allocatorIcEEE5__repELi0ELb0EE5__getB7v160006Ev called 0 returned 0% blocks executed 0%
function _ZNSt3__122__compressed_pair_elemIPPcLi0ELb0EE5__getB7v160006Ev called 0 returned 0% blocks executed 0%
function _ZNSt3__122__compressed_pair_elemIRNS_9allocatorIPcEELi1ELb0EE5__getB7v160006Ev called 0 returned 0% blocks executed 0%
function _ZNSt3__122__compressed_pair_elemIPN7testing14TestPartResultELi0ELb0EE5__getB7v160006Ev called 0 returned 0% blocks executed 0%
function _ZNSt3__122__compressed_pair_elemIRNS_9allocatorIN7testing14TestPartResultEEELi1ELb0EE5__getB7v160006Ev called 0 returned 0% blocks executed 0%
function _ZNSt3__122__compressed_pair_elemIRNS_9allocatorINS_12basic_stringIcNS_11char_traitsIcEENS1_IcEEEEEELi1ELb0EE5__getB7v160006Ev called 21 returned 100% blocks executed 100%
function _ZNSt3__122__compressed_pair_elemINS_22__hash_node_destructorINS_9allocatorINS_11__hash_nodeINS_12basic_stringIcNS_11char_traitsIcEENS2_IcEEEEPvEEEEEELi1ELb0EE5__getB7v160006Ev called 0 returned 0% blocks executed 0%
function _ZNSt3__122__compressed_pair_elemImLi0ELb0EE5__getB7v160006Ev called 7 returned 100% blocks executed 100%
function _ZNSt3__122__compressed_pair_elemIfLi0ELb0EE5__getB7v160006Ev called 2 returned 100% blocks executed 100%
function _ZNSt3__122__compressed_pair_elemINS_25__bucket_list_deallocatorINS_9allocatorIPNS_16__hash_node_baseIPNS_11__hash_nodeINS_12basic_stringIcNS_11char_traitsIcEENS2_IcEEEEPvEEEEEEEELi1ELb0EE5__getB7v160006Ev called 5 returned 100% blocks executed 100%
function _ZNSt3__122__compressed_pair_elemIPPNS_16__hash_node_baseIPNS_11__hash_nodeINS_12basic_stringIcNS_11char_traitsIcEENS_9allocatorIcEEEEPvEEEELi0ELb0EE5__getB7v160006Ev called 14 returned 100% blocks executed 100%
function _ZNSt3__122__compressed_pair_elemINS_16__hash_node_baseIPNS_11__hash_nodeINS_12basic_stringIcNS_11char_traitsIcEENS_9allocatorIcEEEEPvEEEELi0ELb0EE5__getB7v160006Ev called 10 returned 100% blocks executed 100%
function _ZNSt3__122__compressed_pair_elemIPNS_11__hash_nodeINS_12basic_stringIcNS_11char_traitsIcEENS_9allocatorIcEEEEPvEELi0ELb0EE5__getB7v160006Ev called 0 returned 0% blocks executed 0%
function _ZNSt3__122__compressed_pair_elemIPdLi0ELb0EE5__getB7v160006Ev called 0 returned 0% blocks executed 0%
function _ZNSt3__122__compressed_pair_elemIPNS_6vectorIdNS_9allocatorIdEEEELi0ELb0EE5__getB7v160006Ev called 0 returned 0% blocks executed 0%
function _ZNSt3__122__compressed_pair_elemIPN7testing8internal13edit_distance8EditTypeELi0ELb0EE5__getB7v160006Ev called 0 returned 0% blocks executed 0%
function _ZNSt3__122__compressed_pair_elemIPNS_6vectorIN7testing8internal13edit_distance8EditTypeENS_9allocatorIS5_EEEELi0ELb0EE5__getB7v160006Ev called 0 returned 0% blocks executed 0%
function _ZNSt3__122__compressed_pair_elemIRNS_9allocatorIN7testing8internal13edit_distance8EditTypeEEELi1ELb0EE5__getB7v160006Ev called 0 returned 0% blocks executed 0%
function _ZNSt3__122__compressed_pair_elemINS_15__tree_end_nodeIPNS_16__tree_node_baseIPvEEEELi0ELb0EE5__getB7v160006Ev called 3 returned 100% blocks executed 100%
function _ZNSt3__122__compressed_pair_elemIPmLi0ELb0EE5__getB7v160006Ev called 0 returned 0% blocks executed 0%
function _ZNSt3__122__compressed_pair_elemIRNS_9allocatorImEELi1ELb0EE5__getB7v160006Ev called 0 returned 0% blocks executed 0%
function _ZNSt3__122__compressed_pair_elemINS_22__tree_node_destructorINS_9allocatorINS_11__tree_nodeINS_12__value_typeINS_12basic_stringIcNS_11char_traitsIcEENS2_IcEEEEmEEPvEEEEEELi1ELb0EE5__getB7v160006Ev called 0 returned 0% blocks executed 0%
function _ZNSt3__122__compressed_pair_elemIPNS_11__tree_nodeINS_12__value_typeINS_12basic_stringIcNS_11char_traitsIcEENS_9allocatorIcEEEEmEEPvEELi0ELb0EE5__getB7v160006Ev called 0 returned 0% blocks executed 0%
function _ZNSt3__122__compressed_pair_elemIPNS_11__list_nodeINS_4pairIcPKcEEPvEELi0ELb0EE5__getB7v160006Ev called 0 returned 0% blocks executed 0%
function _ZNSt3__122__compressed_pair_elemINS_22__allocator_destructorINS_9allocatorINS_11__list_nodeINS_4pairIcPKcEEPvEEEEEELi1ELb0EE5__getB7v160006Ev called 0 returned 0% blocks executed 0%
function _ZNSt3__122__compressed_pair_elemIPN7testing12TestPropertyELi0ELb0EE5__getB7v160006Ev called 0 returned 0% blocks executed 0%
function _ZNSt3__122__compressed_pair_elemIRNS_9allocatorIN7testing12TestPropertyEEELi1ELb0EE5__getB7v160006Ev called 0 returned 0% blocks executed 0%
function _ZNSt3__122__compressed_pair_elemIPPN7testing8TestInfoELi0ELb0EE5__getB7v160006Ev called 29 returned 100% blocks executed 100%
function _ZNSt3__122__compressed_pair_elemIRNS_9allocatorIPN7testing8TestInfoEEELi1ELb0EE5__getB7v160006Ev called 24 returned 100% blocks executed 100%
function _ZNSt3__122__compressed_pair_elemIPiLi0ELb0EE5__getB7v160006Ev called 33 returned 100% blocks executed 100%
function _ZNSt3__122__compressed_pair_elemIRNS_9allocatorIiEELi1ELb0EE5__getB7v160006Ev called 25 returned 100% blocks executed 100%
function _ZNSt3__122__compressed_pair_elemIPPN7testing17TestEventListenerELi0ELb0EE5__getB7v160006Ev called 4 returned 100% blocks executed 100%
function _ZNSt3__122__compressed_pair_elemIRNS_9allocatorIPN7testing17TestEventListenerEEELi1ELb0EE5__getB7v160006Ev called 1 returned 100% blocks executed 100%
function _ZNSt3__122__compressed_pair_elemIPPN7testing11EnvironmentELi0ELb0EE5__getB7v160006Ev called 0 returned 0% blocks executed 0%
function _ZNSt3__122__compressed_pair_elemIRNS_9allocatorIPN7testing11EnvironmentEEELi1ELb0EE5__getB7v160006Ev called 0 returned 0% blocks executed 0%
function _ZNSt3__122__compressed_pair_elemIPN7testing8internal9TraceInfoELi0ELb0EE5__getB7v160006Ev called 0 returned 0% blocks executed 0%
function _ZNSt3__122__compressed_pair_elemIRNS_9allocatorIN7testing8internal9TraceInfoEEELi1ELb0EE5__getB7v160006Ev called 0 returned 0% blocks executed 0%
function _ZNSt3__122__compressed_pair_elemIPN7testing8internal24InternalRunDeathTestFlagELi0ELb0EE5__getB7v160006Ev called 2 returned 100% blocks executed 100%
function _ZNSt3__122__compressed_pair_elemIPPN7testing9TestSuiteELi0ELb0EE5__getB7v160006Ev called 4 returned 100% blocks executed 100%
function _ZNSt3__122__compressed_pair_elemIRNS_9allocatorIPN7testing9TestSuiteEEELi1ELb0EE5__getB7v160006Ev called 1 returned 100% blocks executed 100%
function _ZNSt3__122__compressed_pair_elemIPNS_18basic_stringstreamIcNS_11char_traitsIcEENS_9allocatorIcEEEELi0ELb0EE5__getB7v160006Ev called 0 returned 0% blocks executed 0%
function _ZNSt3__122__compressed_pair_elemINS_22__tree_node_destructorINS_9allocatorINS_11__tree_nodeINS_12basic_stringIcNS_11char_traitsIcEENS2_IcEEEEPvEEEEEELi1ELb0EE5__getB7v160006Ev called 0 returned 0% blocks executed 0%
function _ZNSt3__122__compressed_pair_elemIPNS_11__tree_nodeINS_12basic_stringIcNS_11char_traitsIcEENS_9allocatorIcEEEEPvEELi0ELb0EE5__getB7v160006Ev called 0 returned 0% blocks executed 0%
function _ZNSt3__122__compressed_pair_elemINS_22__tree_node_destructorINS_9allocatorINS_11__tree_nodeINS_12__value_typeINS_12basic_stringIcNS_11char_traitsIcEENS2_IcEEEEN7testing8internal34TypeParameterizedTestSuiteRegistry30TypeParameterizedTestSuiteInfoEEEPvEEEEEELi1ELb0EE5__getB7v160006Ev called 0 returned 0% blocks executed 0%
function _ZNSt3__122__compressed_pair_elemIPNS_11__tree_nodeINS_12__value_typeINS_12basic_stringIcNS_11char_traitsIcEENS_9allocatorIcEEEEN7testing8internal34TypeParameterizedTestSuiteRegistry30TypeParameterizedTestSuiteInfoEEEPvEELi0ELb0EE5__getB7v160006Ev called 0 returned 0% blocks executed 0%
function _ZNSt3__122__compressed_pair_elemIPN7testing8internal14GTestFlagSaverELi0ELb0EE5__getB7v160006Ev called 28 returned 100% blocks executed 100%
function _ZNSt3__122__compressed_pair_elemIPKNS_12basic_stringIcNS_11char_traitsIcEENS_9allocatorIcEEEELi0ELb0EE5__getB7v160006Ev called 0 returned 0% blocks executed 0%
function _ZNSt3__122__compressed_pair_elemIPN7testing8internal11ThreadLocalIPNS1_31TestPartResultReporterInterfaceEE18ValueHolderFactoryELi0ELb0EE5__getB7v160006Ev called 0 returned 0% blocks executed 0%
function _ZNSt3__122__compressed_pair_elemIPN7testing8internal16DeathTestFactoryELi0ELb0EE5__getB7v160006Ev called 0 returned 0% blocks executed 0%
function _ZNSt3__122__compressed_pair_elemIPN7testing8internal11ThreadLocalINS_6vectorINS2_9TraceInfoENS_9allocatorIS5_EEEEE18ValueHolderFactoryELi0ELb0EE5__getB7v160006Ev called 0 returned 0% blocks executed 0%
      213:   60:  _LIBCPP_HIDE_FROM_ABI _LIBCPP_CONSTEXPR_SINCE_CXX14 reference __get() _NOEXCEPT { return __value_; }
    $$$$$:   60-block  0
    $$$$$:   60-block  1
    $$$$$:   60-block  2
    $$$$$:   60-block  3
    $$$$$:   60-block  4
    $$$$$:   60-block  5
       21:   60-block  6
    $$$$$:   60-block  7
        7:   60-block  8
        2:   60-block  9
        5:   60-block 10
       14:   60-block 11
       10:   60-block 12
    $$$$$:   60-block 13
    $$$$$:   60-block 14
    $$$$$:   60-block 15
    $$$$$:   60-block 16
    $$$$$:   60-block 17
    $$$$$:   60-block 18
        3:   60-block 19
    $$$$$:   60-block 20
    $$$$$:   60-block 21
    $$$$$:   60-block 22
    $$$$$:   60-block 23
    $$$$$:   60-block 24
    $$$$$:   60-block 25
    $$$$$:   60-block 26
    $$$$$:   60-block 27
       29:   60-block 28
       24:   60-block 29
       33:   60-block 30
       25:   60-block 31
        4:   60-block 32
        1:   60-block 33
    $$$$$:   60-block 34
    $$$$$:   60-block 35
    $$$$$:   60-block 36
    $$$$$:   60-block 37
        2:   60-block 38
        4:   60-block 39
        1:   60-block 40
    $$$$$:   60-block 41
    $$$$$:   60-block 42
    $$$$$:   60-block 43
    $$$$$:   60-block 44
    $$$$$:   60-block 45
       28:   60-block 46
    $$$$$:   60-block 47
    $$$$$:   60-block 48
    $$$$$:   60-block 49
    $$$$$:   60-block 50
function _ZNKSt3__122__compressed_pair_elemIPN7testing8internal16DeathTestFactoryELi0ELb0EE5__getB7v160006Ev called 0 returned 0% blocks executed 0%
function _ZNKSt3__122__compressed_pair_elemINS_12basic_stringIcNS_11char_traitsIcEENS_9allocatorIcEEE5__repELi0ELb0EE5__getB7v160006Ev called 0 returned 0% blocks executed 0%
function _ZNKSt3__122__compressed_pair_elemIPPcLi0ELb0EE5__getB7v160006Ev called 0 returned 0% blocks executed 0%
function _ZNKSt3__122__compressed_pair_elemIPNS_12basic_stringIcNS_11char_traitsIcEENS_9allocatorIcEEEELi0ELb0EE5__getB7v160006Ev called 0 returned 0% blocks executed 0%
function _ZNKSt3__122__compressed_pair_elemINS_12basic_stringIDuNS_11char_traitsIDuEENS_9allocatorIDuEEE5__repELi0ELb0EE5__getB7v160006Ev called 0 returned 0% blocks executed 0%
function _ZNKSt3__122__compressed_pair_elemINS_12basic_stringIDsNS_11char_traitsIDsEENS_9allocatorIDsEEE5__repELi0ELb0EE5__getB7v160006Ev called 0 returned 0% blocks executed 0%
function _ZNKSt3__122__compressed_pair_elemINS_12basic_stringIDiNS_11char_traitsIDiEENS_9allocatorIDiEEE5__repELi0ELb0EE5__getB7v160006Ev called 0 returned 0% blocks executed 0%
function _ZNKSt3__122__compressed_pair_elemINS_12basic_stringIwNS_11char_traitsIwEENS_9allocatorIwEEE5__repELi0ELb0EE5__getB7v160006Ev called 0 returned 0% blocks executed 0%
function _ZNKSt3__122__compressed_pair_elemIPN7testing14TestPartResultELi0ELb0EE5__getB7v160006Ev called 15 returned 100% blocks executed 100%
function _ZNKSt3__122__compressed_pair_elemINS_25__bucket_list_deallocatorINS_9allocatorIPNS_16__hash_node_baseIPNS_11__hash_nodeINS_12basic_stringIcNS_11char_traitsIcEENS2_IcEEEEPvEEEEEEEELi1ELb0EE5__getB7v160006Ev called 57 returned 100% blocks executed 100%
function _ZNKSt3__122__compressed_pair_elemImLi0ELb0EE5__getB7v160006Ev called 57 returned 100% blocks executed 100%
function _ZNKSt3__122__compressed_pair_elemIPPNS_16__hash_node_baseIPNS_11__hash_nodeINS_12basic_stringIcNS_11char_traitsIcEENS_9allocatorIcEEEEPvEEEELi0ELb0EE5__getB7v160006Ev called 0 returned 0% blocks executed 0%
function _ZNKSt3__122__compressed_pair_elemIPNS_11__hash_nodeINS_12basic_stringIcNS_11char_traitsIcEENS_9allocatorIcEEEEPvEELi0ELb0EE5__getB7v160006Ev called 0 returned 0% blocks executed 0%
function _ZNKSt3__122__compressed_pair_elemIPdLi0ELb0EE5__getB7v160006Ev called 0 returned 0% blocks executed 0%
function _ZNKSt3__122__compressed_pair_elemIPNS_6vectorIdNS_9allocatorIdEEEELi0ELb0EE5__getB7v160006Ev called 0 returned 0% blocks executed 0%
function _ZNKSt3__122__compressed_pair_elemIPN7testing8internal13edit_distance8EditTypeELi0ELb0EE5__getB7v160006Ev called 0 returned 0% blocks executed 0%
function _ZNKSt3__122__compressed_pair_elemIPNS_6vectorIN7testing8internal13edit_distance8EditTypeENS_9allocatorIS5_EEEELi0ELb0EE5__getB7v160006Ev called 0 returned 0% blocks executed 0%
function _ZNKSt3__122__compressed_pair_elemIPmLi0ELb0EE5__getB7v160006Ev called 0 returned 0% blocks executed 0%
function _ZNKSt3__122__compressed_pair_elemINS_15__tree_end_nodeIPNS_16__tree_node_baseIPvEEEELi0ELb0EE5__getB7v160006Ev called 0 returned 0% blocks executed 0%
function _ZNKSt3__122__compressed_pair_elemIPNS_11__tree_nodeINS_12__value_typeINS_12basic_stringIcNS_11char_traitsIcEENS_9allocatorIcEEEEmEEPvEELi0ELb0EE5__getB7v160006Ev called 0 returned 0% blocks executed 0%
function _ZNKSt3__122__compressed_pair_elemIPNS_11__list_nodeINS_4pairIcPKcEEPvEELi0ELb0EE5__getB7v160006Ev called 0 returned 0% blocks executed 0%
function _ZNKSt3__122__compressed_pair_elemIPN7testing12TestPropertyELi0ELb0EE5__getB7v160006Ev called 15 returned 100% blocks executed 100%
function _ZNKSt3__122__compressed_pair_elemIPiLi0ELb0EE5__getB7v160006Ev called 34 returned 100% blocks executed 100%
function _ZNKSt3__122__compressed_pair_elemIPPN7testing8TestInfoELi0ELb0EE5__getB7v160006Ev called 29 returned 100% blocks executed 100%
function _ZNKSt3__122__compressed_pair_elemIPKNS_12basic_stringIcNS_11char_traitsIcEENS_9allocatorIcEEEELi0ELb0EE5__getB7v160006Ev called 15 returned 100% blocks executed 100%
function _ZNKSt3__122__compressed_pair_elemIPPN7testing17TestEventListenerELi0ELb0EE5__getB7v160006Ev called 5 returned 100% blocks executed 100%
function _ZNKSt3__122__compressed_pair_elemIPPN7testing11EnvironmentELi0ELb0EE5__getB7v160006Ev called 0 returned 0% blocks executed 0%
function _ZNKSt3__122__compressed_pair_elemIPN7testing8internal11ThreadLocalINS_6vectorINS2_9TraceInfoENS_9allocatorIS5_EEEEE18ValueHolderFactoryELi0ELb0EE5__getB7v160006Ev called 0 returned 0% blocks executed 0%
function _ZNKSt3__122__compressed_pair_elemIPN7testing8internal9TraceInfoELi0ELb0EE5__getB7v160006Ev called 0 returned 0% blocks executed 0%
function _ZNKSt3__122__compressed_pair_elemIPPN7testing8internal30ParameterizedTestSuiteInfoBaseELi0ELb0EE5__getB7v160006Ev called 0 returned 0% blocks executed 0%
function _ZNKSt3__122__compressed_pair_elemIPPN7testing9TestSuiteELi0ELb0EE5__getB7v160006Ev called 5 returned 100% blocks executed 100%
function _ZNKSt3__122__compressed_pair_elemIPNS_18basic_stringstreamIcNS_11char_traitsIcEENS_9allocatorIcEEEELi0ELb0EE5__getB7v160006Ev called 624 returned 100% blocks executed 100%
function _ZNKSt3__122__compressed_pair_elemIPN7testing8internal24InternalRunDeathTestFlagELi0ELb0EE5__getB7v160006Ev called 2 returned 100% blocks executed 100%
function _ZNKSt3__122__compressed_pair_elemIPNS_11__tree_nodeINS_12basic_stringIcNS_11char_traitsIcEENS_9allocatorIcEEEEPvEELi0ELb0EE5__getB7v160006Ev called 0 returned 0% blocks executed 0%
function _ZNKSt3__122__compressed_pair_elemIPNS_11__tree_nodeINS_12__value_typeINS_12basic_stringIcNS_11char_traitsIcEENS_9allocatorIcEEEEN7testing8internal34TypeParameterizedTestSuiteRegistry30TypeParameterizedTestSuiteInfoEEEPvEELi0ELb0EE5__getB7v160006Ev called 0 returned 0% blocks executed 0%
function _ZNKSt3__122__compressed_pair_elemIPN7testing8internal11ThreadLocalIPNS1_31TestPartResultReporterInterfaceEE18ValueHolderFactoryELi0ELb0EE5__getB7v160006Ev called 0 returned 0% blocks executed 0%
      858:   61:  _LIBCPP_HIDE_FROM_ABI _LIBCPP_CONSTEXPR const_reference __get() const _NOEXCEPT { return __value_; }
    $$$$$:   61-block  0
    $$$$$:   61-block  1
    $$$$$:   61-block  2
    $$$$$:   61-block  3
    $$$$$:   61-block  4
    $$$$$:   61-block  5
    $$$$$:   61-block  6
    $$$$$:   61-block  7
       15:   61-block  8
       57:   61-block  9
       57:   61-block 10
    $$$$$:   61-block 11
    $$$$$:   61-block 12
    $$$$$:   61-block 13
    $$$$$:   61-block 14
    $$$$$:   61-block 15
    $$$$$:   61-block 16
    $$$$$:   61-block 17
    $$$$$:   61-block 18
    $$$$$:   61-block 19
    $$$$$:   61-block 20
       15:   61-block 21
       34:   61-block 22
       29:   61-block 23
       15:   61-block 24
        5:   61-block 25
    $$$$$:   61-block 26
    $$$$$:   61-block 27
    $$$$$:   61-block 28
    $$$$$:   61-block 29
        5:   61-block 30
      624:   61-block 31
        2:   61-block 32
    $$$$$:   61-block 33
    $$$$$:   61-block 34
    $$$$$:   61-block 35
        -:   62:
        -:   63:private:
        -:   64:  _Tp __value_;
        -:   65:};
        -:   66:
        -:   67:template <class _Tp, int _Idx>
        -:   68:struct __compressed_pair_elem<_Tp, _Idx, true> : private _Tp {
        -:   69:  using _ParamT = _Tp;
        -:   70:  using reference = _Tp&;
        -:   71:  using const_reference = const _Tp&;
        -:   72:  using __value_type = _Tp;
        -:   73:
        -:   74:  _LIBCPP_HIDE_FROM_ABI _LIBCPP_CONSTEXPR explicit __compressed_pair_elem() = default;
function _ZNSt3__122__compressed_pair_elemINS_9allocatorIcEELi1ELb1EEC2B7v160006ENS_18__default_init_tagE called 0 returned 0% blocks executed 0%
function _ZNSt3__122__compressed_pair_elemINS_9allocatorIPcEELi1ELb1EEC2B7v160006ENS_18__default_init_tagE called 0 returned 0% blocks executed 0%
function _ZNSt3__122__compressed_pair_elemINS_9allocatorINS_12basic_stringIcNS_11char_traitsIcEENS1_IcEEEEEELi1ELb1EEC2B7v160006ENS_18__default_init_tagE called 13 returned 100% blocks executed 100%
function _ZNSt3__122__compressed_pair_elemINS_9allocatorIPNS_16__hash_node_baseIPNS_11__hash_nodeINS_12basic_stringIcNS_11char_traitsIcEENS1_IcEEEEPvEEEEEELi1ELb1EEC2B7v160006ENS_18__default_init_tagE called 5 returned 100% blocks executed 100%
function _ZNSt3__122__compressed_pair_elemINS_4hashINS_12basic_stringIcNS_11char_traitsIcEENS_9allocatorIcEEEEEELi1ELb1EEC2B7v160006ENS_18__default_init_tagE called 5 returned 100% blocks executed 100%
function _ZNSt3__122__compressed_pair_elemINS_8equal_toINS_12basic_stringIcNS_11char_traitsIcEENS_9allocatorIcEEEEEELi1ELb1EEC2B7v160006ENS_18__default_init_tagE called 5 returned 100% blocks executed 100%
function _ZNSt3__122__compressed_pair_elemINS_9allocatorIdEELi1ELb1EEC2B7v160006ENS_18__default_init_tagE called 0 returned 0% blocks executed 0%
function _ZNSt3__122__compressed_pair_elemINS_9allocatorINS_6vectorIdNS1_IdEEEEEELi1ELb1EEC2B7v160006ENS_18__default_init_tagE called 0 returned 0% blocks executed 0%
function _ZNSt3__122__compressed_pair_elemINS_9allocatorIN7testing8internal13edit_distance8EditTypeEEELi1ELb1EEC2B7v160006ENS_18__default_init_tagE called 0 returned 0% blocks executed 0%
function _ZNSt3__122__compressed_pair_elemINS_9allocatorINS_6vectorIN7testing8internal13edit_distance8EditTypeENS1_IS6_EEEEEELi1ELb1EEC2B7v160006ENS_18__default_init_tagE called 0 returned 0% blocks executed 0%
function _ZNSt3__122__compressed_pair_elemINS_9allocatorImEELi1ELb1EEC2B7v160006ENS_18__default_init_tagE called 0 returned 0% blocks executed 0%
function _ZNSt3__122__compressed_pair_elemINS_9allocatorINS_11__list_nodeINS_4pairIcPKcEEPvEEEELi1ELb1EEC2B7v160006ENS_18__default_init_tagE called 0 returned 0% blocks executed 0%
function _ZNSt3__122__compressed_pair_elemINS_9allocatorIN7testing14TestPartResultEEELi1ELb1EEC2B7v160006ENS_18__default_init_tagE called 16 returned 100% blocks executed 100%
function _ZNSt3__122__compressed_pair_elemINS_9allocatorIN7testing12TestPropertyEEELi1ELb1EEC2B7v160006ENS_18__default_init_tagE called 16 returned 100% blocks executed 100%
function _ZNSt3__122__compressed_pair_elemINS_9allocatorIPN7testing8TestInfoEEELi1ELb1EEC2B7v160006ENS_18__default_init_tagE called 1 returned 100% blocks executed 100%
function _ZNSt3__122__compressed_pair_elemINS_9allocatorIiEELi1ELb1EEC2B7v160006ENS_18__default_init_tagE called 2 returned 100% blocks executed 100%
function _ZNSt3__122__compressed_pair_elemINS_9allocatorIPN7testing17TestEventListenerEEELi1ELb1EEC2B7v160006ENS_18__default_init_tagE called 1 returned 100% blocks executed 100%
function _ZNSt3__122__compressed_pair_elemINS_9allocatorIPN7testing11EnvironmentEEELi1ELb1EEC2B7v160006ENS_18__default_init_tagE called 1 returned 100% blocks executed 100%
function _ZNSt3__122__compressed_pair_elemINS_9allocatorIPN7testing9TestSuiteEEELi1ELb1EEC2B7v160006ENS_18__default_init_tagE called 1 returned 100% blocks executed 100%
function _ZNSt3__122__compressed_pair_elemINS_9allocatorIPN7testing8internal30ParameterizedTestSuiteInfoBaseEEELi1ELb1EEC2B7v160006ENS_18__default_init_tagE called 1 returned 100% blocks executed 100%
function _ZNSt3__122__compressed_pair_elemINS_9allocatorIwEELi1ELb1EEC2B7v160006ENS_18__default_init_tagE called 0 returned 0% blocks executed 0%
function _ZNSt3__122__compressed_pair_elemINS_9allocatorIN7testing8internal9TraceInfoEEELi1ELb1EEC2B7v160006ENS_18__default_init_tagE called 0 returned 0% blocks executed 0%
       67:   75:  _LIBCPP_HIDE_FROM_ABI _LIBCPP_CONSTEXPR explicit __compressed_pair_elem(__default_init_tag) {}
    $$$$$:   75-block  0
    $$$$$:   75-block  1
       13:   75-block  2
        5:   75-block  3
        5:   75-block  4
        5:   75-block  5
    $$$$$:   75-block  6
    $$$$$:   75-block  7
    $$$$$:   75-block  8
    $$$$$:   75-block  9
    $$$$$:   75-block 10
    $$$$$:   75-block 11
       16:   75-block 12
       16:   75-block 13
        1:   75-block 14
        2:   75-block 15
        1:   75-block 16
        1:   75-block 17
        1:   75-block 18
        1:   75-block 19
    $$$$$:   75-block 20
    $$$$$:   75-block 21
function _ZNSt3__122__compressed_pair_elemINS_9allocatorINS_11__hash_nodeINS_12basic_stringIcNS_11char_traitsIcEENS1_IcEEEEPvEEEELi1ELb1EEC2B7v160006ENS_16__value_init_tagE called 5 returned 100% blocks executed 100%
function _ZNSt3__122__compressed_pair_elemINS_9allocatorINS_11__tree_nodeINS_12__value_typeINS_12basic_stringIcNS_11char_traitsIcEENS1_IcEEEEmEEPvEEEELi1ELb1EEC2B7v160006ENS_16__value_init_tagE called 0 returned 0% blocks executed 0%
function _ZNSt3__122__compressed_pair_elemINS_9allocatorINS_11__tree_nodeINS_12__value_typeINS_12basic_stringIcNS_11char_traitsIcEENS1_IcEEEEN7testing8internal34TypeParameterizedTestSuiteRegistry30TypeParameterizedTestSuiteInfoEEEPvEEEELi1ELb1EEC2B7v160006ENS_16__value_init_tagE called 1 returned 100% blocks executed 100%
function _ZNSt3__122__compressed_pair_elemINS_14default_deleteIN7testing8internal24InternalRunDeathTestFlagEEELi1ELb1EEC2B7v160006ENS_16__value_init_tagE called 1 returned 100% blocks executed 100%
function _ZNSt3__122__compressed_pair_elemINS_14default_deleteINS_18basic_stringstreamIcNS_11char_traitsIcEENS_9allocatorIcEEEEEELi1ELb1EEC2B7v160006ENS_16__value_init_tagE called 70 returned 100% blocks executed 100%
function _ZNSt3__122__compressed_pair_elemINS_14default_deleteINS_12basic_stringIcNS_11char_traitsIcEENS_9allocatorIcEEEEEELi1ELb1EEC2B7v160006ENS_16__value_init_tagE called 23 returned 100% blocks executed 100%
function _ZNSt3__122__compressed_pair_elemINS_9allocatorINS_11__tree_nodeINS_12basic_stringIcNS_11char_traitsIcEENS1_IcEEEEPvEEEELi1ELb1EEC2B7v160006ENS_16__value_init_tagE called 1 returned 100% blocks executed 100%
function _ZNSt3__122__compressed_pair_elemINS_14default_deleteIN7testing8internal14GTestFlagSaverEEELi1ELb1EEC2B7v160006ENS_16__value_init_tagE called 14 returned 100% blocks executed 100%
function _ZNSt3__122__compressed_pair_elemINS_14default_deleteIKNS_12basic_stringIcNS_11char_traitsIcEENS_9allocatorIcEEEEEELi1ELb1EEC2B7v160006ENS_16__value_init_tagE called 29 returned 100% blocks executed 100%
function _ZNSt3__122__compressed_pair_elemINS_14default_deleteIN7testing8internal11ThreadLocalIPNS2_31TestPartResultReporterInterfaceEE18ValueHolderFactoryEEELi1ELb1EEC2B7v160006ENS_16__value_init_tagE called 1 returned 100% blocks executed 100%
function _ZNSt3__122__compressed_pair_elemINS_14default_deleteIN7testing8internal16DeathTestFactoryEEELi1ELb1EEC2B7v160006ENS_16__value_init_tagE called 1 returned 100% blocks executed 100%
function _ZNSt3__122__compressed_pair_elemINS_14default_deleteIN7testing8internal11ThreadLocalINS_6vectorINS3_9TraceInfoENS_9allocatorIS6_EEEEE18ValueHolderFactoryEEELi1ELb1EEC2B7v160006ENS_16__value_init_tagE called 1 returned 100% blocks executed 100%
      147:   76:  _LIBCPP_HIDE_FROM_ABI _LIBCPP_CONSTEXPR explicit __compressed_pair_elem(__value_init_tag) : __value_type() {}
        5:   76-block  0
    $$$$$:   76-block  1
        1:   76-block  2
        1:   76-block  3
       70:   76-block  4
       23:   76-block  5
        1:   76-block  6
       14:   76-block  7
       29:   76-block  8
        1:   76-block  9
        1:   76-block 10
        1:   76-block 11
        -:   77:
        -:   78:  template <class _Up, class = __enable_if_t<!is_same<__compressed_pair_elem, typename decay<_Up>::type>::value> >
        -:   79:  _LIBCPP_HIDE_FROM_ABI _LIBCPP_CONSTEXPR
function _ZNSt3__122__compressed_pair_elemINS_9allocatorIcEELi1ELb1EEC2B7v160006IRKS2_vEEOT_ called 14 returned 100% blocks executed 100%
function _ZNSt3__122__compressed_pair_elemINS_9allocatorINS_12basic_stringIcNS_11char_traitsIcEENS1_IcEEEEEELi1ELb1EEC2B7v160006IS7_vEEOT_ called 2 returned 100% blocks executed 100%
function _ZNSt3__122__compressed_pair_elemINS_9allocatorIdEELi1ELb1EEC2B7v160006IS2_vEEOT_ called 0 returned 0% blocks executed 0%
function _ZNSt3__122__compressed_pair_elemINS_9allocatorIN7testing8internal13edit_distance8EditTypeEEELi1ELb1EEC2B7v160006IS6_vEEOT_ called 0 returned 0% blocks executed 0%
function _ZNSt3__122__compressed_pair_elemINS_19__map_value_compareINS_12basic_stringIcNS_11char_traitsIcEENS_9allocatorIcEEEENS_12__value_typeIS7_mEENS_4lessIS7_EELb1EEELi1ELb1EEC2B7v160006IRKSC_vEEOT_ called 0 returned 0% blocks executed 0%
function _ZNSt3__122__compressed_pair_elemINS_19__map_value_compareINS_12basic_stringIcNS_11char_traitsIcEENS_9allocatorIcEEEENS_12__value_typeIS7_N7testing8internal34TypeParameterizedTestSuiteRegistry30TypeParameterizedTestSuiteInfoEEENS_4lessIS7_EELb1EEELi1ELb1EEC2B7v160006IRKSG_vEEOT_ called 1 returned 100% blocks executed 100%
function _ZNSt3__122__compressed_pair_elemINS_4lessINS_12basic_stringIcNS_11char_traitsIcEENS_9allocatorIcEEEEEELi1ELb1EEC2B7v160006IRKS8_vEEOT_ called 1 returned 100% blocks executed 100%
       18:   80:  explicit __compressed_pair_elem(_Up&& __u) : __value_type(std::forward<_Up>(__u)) {}
       14:   80-block  0
        2:   80-block  1
    $$$$$:   80-block  2
    $$$$$:   80-block  3
    $$$$$:   80-block  4
        1:   80-block  5
        1:   80-block  6
        -:   81:
        -:   82:#ifndef _LIBCPP_CXX03_LANG
        -:   83:  template <class... _Args, size_t... _Indices>
        -:   84:  _LIBCPP_HIDE_FROM_ABI _LIBCPP_CONSTEXPR_SINCE_CXX17
        -:   85:  __compressed_pair_elem(piecewise_construct_t, tuple<_Args...> __args, __tuple_indices<_Indices...>)
        -:   86:      : __value_type(std::forward<_Args>(std::get<_Indices>(__args))...) {}
        -:   87:#endif
        -:   88:
function _ZNSt3__122__compressed_pair_elemINS_14default_deleteINS_12basic_stringIcNS_11char_traitsIcEENS_9allocatorIcEEEEEELi1ELb1EE5__getB7v160006Ev called 0 returned 0% blocks executed 0%
function _ZNSt3__122__compressed_pair_elemINS_9allocatorIPcEELi1ELb1EE5__getB7v160006Ev called 0 returned 0% blocks executed 0%
function _ZNSt3__122__compressed_pair_elemINS_9allocatorINS_12basic_stringIcNS_11char_traitsIcEENS1_IcEEEEEELi1ELb1EE5__getB7v160006Ev called 63 returned 100% blocks executed 100%
function _ZNSt3__122__compressed_pair_elemINS_9allocatorIcEELi1ELb1EE5__getB7v160006Ev called 0 returned 0% blocks executed 0%
function _ZNSt3__122__compressed_pair_elemINS_9allocatorIN7testing14TestPartResultEEELi1ELb1EE5__getB7v160006Ev called 0 returned 0% blocks executed 0%
function _ZNSt3__122__compressed_pair_elemINS_4hashINS_12basic_stringIcNS_11char_traitsIcEENS_9allocatorIcEEEEEELi1ELb1EE5__getB7v160006Ev called 2 returned 100% blocks executed 100%
function _ZNSt3__122__compressed_pair_elemINS_8equal_toINS_12basic_stringIcNS_11char_traitsIcEENS_9allocatorIcEEEEEELi1ELb1EE5__getB7v160006Ev called 2 returned 100% blocks executed 100%
function _ZNSt3__122__compressed_pair_elemINS_9allocatorINS_11__hash_nodeINS_12basic_stringIcNS_11char_traitsIcEENS1_IcEEEEPvEEEELi1ELb1EE5__getB7v160006Ev called 7 returned 100% blocks executed 100%
function _ZNSt3__122__compressed_pair_elemINS_9allocatorIPNS_16__hash_node_baseIPNS_11__hash_nodeINS_12basic_stringIcNS_11char_traitsIcEENS1_IcEEEEPvEEEEEELi1ELb1EE5__getB7v160006Ev called 2 returned 100% blocks executed 100%
function _ZNSt3__122__compressed_pair_elemINS_9allocatorIdEELi1ELb1EE5__getB7v160006Ev called 0 returned 0% blocks executed 0%
function _ZNSt3__122__compressed_pair_elemINS_9allocatorINS_6vectorIdNS1_IdEEEEEELi1ELb1EE5__getB7v160006Ev called 0 returned 0% blocks executed 0%
function _ZNSt3__122__compressed_pair_elemINS_9allocatorIN7testing8internal13edit_distance8EditTypeEEELi1ELb1EE5__getB7v160006Ev called 0 returned 0% blocks executed 0%
function _ZNSt3__122__compressed_pair_elemINS_9allocatorINS_6vectorIN7testing8internal13edit_distance8EditTypeENS1_IS6_EEEEEELi1ELb1EE5__getB7v160006Ev called 0 returned 0% blocks executed 0%
function _ZNSt3__122__compressed_pair_elemINS_9allocatorImEELi1ELb1EE5__getB7v160006Ev called 0 returned 0% blocks executed 0%
function _ZNSt3__122__compressed_pair_elemINS_19__map_value_compareINS_12basic_stringIcNS_11char_traitsIcEENS_9allocatorIcEEEENS_12__value_typeIS7_mEENS_4lessIS7_EELb1EEELi1ELb1EE5__getB7v160006Ev called 0 returned 0% blocks executed 0%
function _ZNSt3__122__compressed_pair_elemINS_9allocatorINS_11__tree_nodeINS_12__value_typeINS_12basic_stringIcNS_11char_traitsIcEENS1_IcEEEEmEEPvEEEELi1ELb1EE5__getB7v160006Ev called 0 returned 0% blocks executed 0%
function _ZNSt3__122__compressed_pair_elemINS_9allocatorINS_11__list_nodeINS_4pairIcPKcEEPvEEEELi1ELb1EE5__getB7v160006Ev called 0 returned 0% blocks executed 0%
function _ZNSt3__122__compressed_pair_elemINS_9allocatorIN7testing12TestPropertyEEELi1ELb1EE5__getB7v160006Ev called 0 returned 0% blocks executed 0%
function _ZNSt3__122__compressed_pair_elemINS_9allocatorIiEELi1ELb1EE5__getB7v160006Ev called 21 returned 100% blocks executed 100%
function _ZNSt3__122__compressed_pair_elemINS_9allocatorIPN7testing8TestInfoEEELi1ELb1EE5__getB7v160006Ev called 19 returned 100% blocks executed 100%
function _ZNSt3__122__compressed_pair_elemINS_9allocatorIPN7testing17TestEventListenerEEELi1ELb1EE5__getB7v160006Ev called 2 returned 100% blocks executed 100%
function _ZNSt3__122__compressed_pair_elemINS_9allocatorIPN7testing11EnvironmentEEELi1ELb1EE5__getB7v160006Ev called 0 returned 0% blocks executed 0%
function _ZNSt3__122__compressed_pair_elemINS_9allocatorIN7testing8internal9TraceInfoEEELi1ELb1EE5__getB7v160006Ev called 0 returned 0% blocks executed 0%
function _ZNSt3__122__compressed_pair_elemINS_9allocatorINS_11__tree_nodeINS_12__value_typeINS_12basic_stringIcNS_11char_traitsIcEENS1_IcEEEEN7testing8internal34TypeParameterizedTestSuiteRegistry30TypeParameterizedTestSuiteInfoEEEPvEEEELi1ELb1EE5__getB7v160006Ev called 0 returned 0% blocks executed 0%
function _ZNSt3__122__compressed_pair_elemINS_9allocatorIPN7testing8internal30ParameterizedTestSuiteInfoBaseEEELi1ELb1EE5__getB7v160006Ev called 0 returned 0% blocks executed 0%
function _ZNSt3__122__compressed_pair_elemINS_9allocatorIPN7testing9TestSuiteEEELi1ELb1EE5__getB7v160006Ev called 2 returned 100% blocks executed 100%
function _ZNSt3__122__compressed_pair_elemINS_14default_deleteIN7testing8internal24InternalRunDeathTestFlagEEELi1ELb1EE5__getB7v160006Ev called 0 returned 0% blocks executed 0%
function _ZNSt3__122__compressed_pair_elemINS_14default_deleteINS_18basic_stringstreamIcNS_11char_traitsIcEENS_9allocatorIcEEEEEELi1ELb1EE5__getB7v160006Ev called 0 returned 0% blocks executed 0%
function _ZNSt3__122__compressed_pair_elemINS_9allocatorINS_11__tree_nodeINS_12basic_stringIcNS_11char_traitsIcEENS1_IcEEEEPvEEEELi1ELb1EE5__getB7v160006Ev called 0 returned 0% blocks executed 0%
function _ZNSt3__122__compressed_pair_elemINS_4lessINS_12basic_stringIcNS_11char_traitsIcEENS_9allocatorIcEEEEEELi1ELb1EE5__getB7v160006Ev called 0 returned 0% blocks executed 0%
function _ZNSt3__122__compressed_pair_elemINS_19__map_value_compareINS_12basic_stringIcNS_11char_traitsIcEENS_9allocatorIcEEEENS_12__value_typeIS7_N7testing8internal34TypeParameterizedTestSuiteRegistry30TypeParameterizedTestSuiteInfoEEENS_4lessIS7_EELb1EEELi1ELb1EE5__getB7v160006Ev called 0 returned 0% blocks executed 0%
function _ZNSt3__122__compressed_pair_elemINS_14default_deleteIN7testing8internal14GTestFlagSaverEEELi1ELb1EE5__getB7v160006Ev called 14 returned 100% blocks executed 100%
function _ZNSt3__122__compressed_pair_elemINS_14default_deleteIKNS_12basic_stringIcNS_11char_traitsIcEENS_9allocatorIcEEEEEELi1ELb1EE5__getB7v160006Ev called 0 returned 0% blocks executed 0%
function _ZNSt3__122__compressed_pair_elemINS_14default_deleteIN7testing8internal11ThreadLocalIPNS2_31TestPartResultReporterInterfaceEE18ValueHolderFactoryEEELi1ELb1EE5__getB7v160006Ev called 0 returned 0% blocks executed 0%
function _ZNSt3__122__compressed_pair_elemINS_14default_deleteIN7testing8internal16DeathTestFactoryEEELi1ELb1EE5__getB7v160006Ev called 0 returned 0% blocks executed 0%
function _ZNSt3__122__compressed_pair_elemINS_14default_deleteIN7testing8internal11ThreadLocalINS_6vectorINS3_9TraceInfoENS_9allocatorIS6_EEEEE18ValueHolderFactoryEEELi1ELb1EE5__getB7v160006Ev called 0 returned 0% blocks executed 0%
      134:   89:  _LIBCPP_HIDE_FROM_ABI _LIBCPP_CONSTEXPR_SINCE_CXX14 reference __get() _NOEXCEPT { return *this; }
    $$$$$:   89-block  0
    $$$$$:   89-block  1
       63:   89-block  2
    $$$$$:   89-block  3
    $$$$$:   89-block  4
        2:   89-block  5
        2:   89-block  6
        7:   89-block  7
        2:   89-block  8
    $$$$$:   89-block  9
    $$$$$:   89-block 10
    $$$$$:   89-block 11
    $$$$$:   89-block 12
    $$$$$:   89-block 13
    $$$$$:   89-block 14
    $$$$$:   89-block 15
    $$$$$:   89-block 16
    $$$$$:   89-block 17
       21:   89-block 18
       19:   89-block 19
        2:   89-block 20
    $$$$$:   89-block 21
    $$$$$:   89-block 22
    $$$$$:   89-block 23
    $$$$$:   89-block 24
        2:   89-block 25
    $$$$$:   89-block 26
    $$$$$:   89-block 27
    $$$$$:   89-block 28
    $$$$$:   89-block 29
    $$$$$:   89-block 30
       14:   89-block 31
    $$$$$:   89-block 32
    $$$$$:   89-block 33
    $$$$$:   89-block 34
    $$$$$:   89-block 35
function _ZNKSt3__122__compressed_pair_elemINS_9allocatorIPcEELi1ELb1EE5__getB7v160006Ev called 0 returned 0% blocks executed 0%
function _ZNKSt3__122__compressed_pair_elemINS_9allocatorIcEELi1ELb1EE5__getB7v160006Ev called 42 returned 100% blocks executed 100%
function _ZNKSt3__122__compressed_pair_elemINS_9allocatorINS_12basic_stringIcNS_11char_traitsIcEENS1_IcEEEEEELi1ELb1EE5__getB7v160006Ev called 15 returned 100% blocks executed 100%
function _ZNKSt3__122__compressed_pair_elemINS_9allocatorIN7testing14TestPartResultEEELi1ELb1EE5__getB7v160006Ev called 0 returned 0% blocks executed 0%
function _ZNKSt3__122__compressed_pair_elemINS_4hashINS_12basic_stringIcNS_11char_traitsIcEENS_9allocatorIcEEEEEELi1ELb1EE5__getB7v160006Ev called 57 returned 100% blocks executed 100%
function _ZNKSt3__122__compressed_pair_elemINS_8equal_toINS_12basic_stringIcNS_11char_traitsIcEENS_9allocatorIcEEEEEELi1ELb1EE5__getB7v160006Ev called 0 returned 0% blocks executed 0%
function _ZNKSt3__122__compressed_pair_elemINS_9allocatorIdEELi1ELb1EE5__getB7v160006Ev called 0 returned 0% blocks executed 0%
function _ZNKSt3__122__compressed_pair_elemINS_9allocatorINS_6vectorIdNS1_IdEEEEEELi1ELb1EE5__getB7v160006Ev called 0 returned 0% blocks executed 0%
function _ZNKSt3__122__compressed_pair_elemINS_9allocatorIN7testing8internal13edit_distance8EditTypeEEELi1ELb1EE5__getB7v160006Ev called 0 returned 0% blocks executed 0%
function _ZNKSt3__122__compressed_pair_elemINS_9allocatorINS_6vectorIN7testing8internal13edit_distance8EditTypeENS1_IS6_EEEEEELi1ELb1EE5__getB7v160006Ev called 0 returned 0% blocks executed 0%
function _ZNKSt3__122__compressed_pair_elemINS_9allocatorImEELi1ELb1EE5__getB7v160006Ev called 0 returned 0% blocks executed 0%
function _ZNKSt3__122__compressed_pair_elemINS_9allocatorIN7testing12TestPropertyEEELi1ELb1EE5__getB7v160006Ev called 0 returned 0% blocks executed 0%
function _ZNKSt3__122__compressed_pair_elemINS_9allocatorIPN7testing8TestInfoEEELi1ELb1EE5__getB7v160006Ev called 5 returned 100% blocks executed 100%
function _ZNKSt3__122__compressed_pair_elemINS_9allocatorIiEELi1ELb1EE5__getB7v160006Ev called 6 returned 100% blocks executed 100%
function _ZNKSt3__122__compressed_pair_elemINS_9allocatorIPN7testing17TestEventListenerEEELi1ELb1EE5__getB7v160006Ev called 1 returned 100% blocks executed 100%
function _ZNKSt3__122__compressed_pair_elemINS_9allocatorIPN7testing11EnvironmentEEELi1ELb1EE5__getB7v160006Ev called 0 returned 0% blocks executed 0%
function _ZNKSt3__122__compressed_pair_elemINS_9allocatorIN7testing8internal9TraceInfoEEELi1ELb1EE5__getB7v160006Ev called 0 returned 0% blocks executed 0%
function _ZNKSt3__122__compressed_pair_elemINS_9allocatorIPN7testing9TestSuiteEEELi1ELb1EE5__getB7v160006Ev called 1 returned 100% blocks executed 100%
function _ZNKSt3__122__compressed_pair_elemINS_19__map_value_compareINS_12basic_stringIcNS_11char_traitsIcEENS_9allocatorIcEEEENS_12__value_typeIS7_N7testing8internal12CodeLocationEEENS_4lessIvEELb1EEELi1ELb1EE5__getB7v160006Ev called 0 returned 0% blocks executed 0%
function _ZNKSt3__122__compressed_pair_elemINS_4lessINS_12basic_stringIcNS_11char_traitsIcEENS_9allocatorIcEEEEEELi1ELb1EE5__getB7v160006Ev called 0 returned 0% blocks executed 0%
      127:   90:  _LIBCPP_HIDE_FROM_ABI _LIBCPP_CONSTEXPR const_reference __get() const _NOEXCEPT { return *this; }
    $$$$$:   90-block  0
       42:   90-block  1
       15:   90-block  2
    $$$$$:   90-block  3
       57:   90-block  4
    $$$$$:   90-block  5
    $$$$$:   90-block  6
    $$$$$:   90-block  7
    $$$$$:   90-block  8
    $$$$$:   90-block  9
    $$$$$:   90-block 10
    $$$$$:   90-block 11
        5:   90-block 12
        6:   90-block 13
        1:   90-block 14
    $$$$$:   90-block 15
    $$$$$:   90-block 16
        1:   90-block 17
    $$$$$:   90-block 18
    $$$$$:   90-block 19
        -:   91:};
        -:   92:
        -:   93:template <class _T1, class _T2>
        -:   94:class __compressed_pair : private __compressed_pair_elem<_T1, 0>,
        -:   95:                          private __compressed_pair_elem<_T2, 1> {
        -:   96:public:
        -:   97:  // NOTE: This static assert should never fire because __compressed_pair
        -:   98:  // is *almost never* used in a scenario where it's possible for T1 == T2.
        -:   99:  // (The exception is std::function where it is possible that the function
        -:  100:  //  object and the allocator have the same type).
        -:  101:  static_assert((!is_same<_T1, _T2>::value),
        -:  102:    "__compressed_pair cannot be instantiated when T1 and T2 are the same type; "
        -:  103:    "The current implementation is NOT ABI-compatible with the previous implementation for this configuration");
        -:  104:
        -:  105:  using _Base1 _LIBCPP_NODEBUG = __compressed_pair_elem<_T1, 0>;
        -:  106:  using _Base2 _LIBCPP_NODEBUG = __compressed_pair_elem<_T2, 1>;
        -:  107:
        -:  108:  template <bool _Dummy = true,
        -:  109:    class = __enable_if_t<
        -:  110:        __dependent_type<is_default_constructible<_T1>, _Dummy>::value &&
        -:  111:        __dependent_type<is_default_constructible<_T2>, _Dummy>::value
        -:  112:    >
        -:  113:  >
        -:  114:  _LIBCPP_HIDE_FROM_ABI _LIBCPP_CONSTEXPR
function _ZNSt3__117__compressed_pairINS_16__hash_node_baseIPNS_11__hash_nodeINS_12basic_stringIcNS_11char_traitsIcEENS_9allocatorIcEEEEPvEEEENS6_ISA_EEEC1B7v160006ILb1EvEEv called 5 returned 100% blocks executed 100%
function _ZNSt3__117__compressed_pairINS_16__hash_node_baseIPNS_11__hash_nodeINS_12basic_stringIcNS_11char_traitsIcEENS_9allocatorIcEEEEPvEEEENS6_ISA_EEEC2B7v160006ILb1EvEEv called 5 returned 100% blocks executed 100%
function _ZNSt3__117__compressed_pairINS_15__tree_end_nodeIPNS_16__tree_node_baseIPvEEEENS_9allocatorINS_11__tree_nodeINS_12__value_typeINS_12basic_stringIcNS_11char_traitsIcEENS7_IcEEEEmEES3_EEEEEC1B7v160006ILb1EvEEv called 0 returned 0% blocks executed 0%
function _ZNSt3__117__compressed_pairINS_15__tree_end_nodeIPNS_16__tree_node_baseIPvEEEENS_9allocatorINS_11__tree_nodeINS_12__value_typeINS_12basic_stringIcNS_11char_traitsIcEENS7_IcEEEEmEES3_EEEEEC2B7v160006ILb1EvEEv called 0 returned 0% blocks executed 0%
function _ZNSt3__117__compressed_pairINS_15__tree_end_nodeIPNS_16__tree_node_baseIPvEEEENS_9allocatorINS_11__tree_nodeINS_12__value_typeINS_12basic_stringIcNS_11char_traitsIcEENS7_IcEEEEN7testing8internal34TypeParameterizedTestSuiteRegistry30TypeParameterizedTestSuiteInfoEEES3_EEEEEC1B7v160006ILb1EvEEv called 1 returned 100% blocks executed 100%
function _ZNSt3__117__compressed_pairINS_15__tree_end_nodeIPNS_16__tree_node_baseIPvEEEENS_9allocatorINS_11__tree_nodeINS_12__value_typeINS_12basic_stringIcNS_11char_traitsIcEENS7_IcEEEEN7testing8internal34TypeParameterizedTestSuiteRegistry30TypeParameterizedTestSuiteInfoEEES3_EEEEEC2B7v160006ILb1EvEEv called 1 returned 100% blocks executed 100%
function _ZNSt3__117__compressed_pairINS_15__tree_end_nodeIPNS_16__tree_node_baseIPvEEEENS_9allocatorINS_11__tree_nodeINS_12basic_stringIcNS_11char_traitsIcEENS7_IcEEEES3_EEEEEC1B7v160006ILb1EvEEv called 1 returned 100% blocks executed 100%
function _ZNSt3__117__compressed_pairINS_15__tree_end_nodeIPNS_16__tree_node_baseIPvEEEENS_9allocatorINS_11__tree_nodeINS_12basic_stringIcNS_11char_traitsIcEENS7_IcEEEES3_EEEEEC2B7v160006ILb1EvEEv called 1 returned 100% blocks executed 100%
       14:  115:  explicit __compressed_pair() : _Base1(__value_init_tag()), _Base2(__value_init_tag()) {}
        5:  115-block  0
        5:  115-block  1
    $$$$$:  115-block  2
    $$$$$:  115-block  3
        1:  115-block  4
        1:  115-block  5
        1:  115-block  6
        1:  115-block  7
        -:  116:
        -:  117:  template <class _U1, class _U2>
        -:  118:  _LIBCPP_HIDE_FROM_ABI _LIBCPP_CONSTEXPR
function _ZNSt3__117__compressed_pairINS_12basic_stringIcNS_11char_traitsIcEENS_9allocatorIcEEE5__repES5_EC1B7v160006INS_18__default_init_tagESA_EEOT_OT0_ called 0 returned 0% blocks executed 0%
function _ZNSt3__117__compressed_pairINS_12basic_stringIcNS_11char_traitsIcEENS_9allocatorIcEEE5__repES5_EC2B7v160006INS_18__default_init_tagESA_EEOT_OT0_ called 0 returned 0% blocks executed 0%
function _ZNSt3__117__compressed_pairIPPcNS_9allocatorIS1_EEEC1B7v160006IDnNS_18__default_init_tagEEEOT_OT0_ called 0 returned 0% blocks executed 0%
function _ZNSt3__117__compressed_pairIPPcNS_9allocatorIS1_EEEC2B7v160006IDnNS_18__default_init_tagEEEOT_OT0_ called 0 returned 0% blocks executed 0%
function _ZNSt3__117__compressed_pairIPPcRNS_9allocatorIS1_EEEC1B7v160006IDnS5_EEOT_OT0_ called 0 returned 0% blocks executed 0%
function _ZNSt3__117__compressed_pairIPPcRNS_9allocatorIS1_EEEC2B7v160006IDnS5_EEOT_OT0_ called 0 returned 0% blocks executed 0%
function _ZNSt3__117__compressed_pairIPNS_12basic_stringIcNS_11char_traitsIcEENS_9allocatorIcEEEENS4_IS6_EEEC1B7v160006IDnNS_18__default_init_tagEEEOT_OT0_ called 13 returned 100% blocks executed 100%
function _ZNSt3__117__compressed_pairIPNS_12basic_stringIcNS_11char_traitsIcEENS_9allocatorIcEEEENS4_IS6_EEEC2B7v160006IDnNS_18__default_init_tagEEEOT_OT0_ called 13 returned 100% blocks executed 100%
function _ZNSt3__117__compressed_pairINS_12basic_stringIcNS_11char_traitsIcEENS_9allocatorIcEEE5__repES5_EC1B7v160006INS_18__default_init_tagERKS5_EEOT_OT0_ called 14 returned 100% blocks executed 100%
function _ZNSt3__117__compressed_pairINS_12basic_stringIcNS_11char_traitsIcEENS_9allocatorIcEEE5__repES5_EC2B7v160006INS_18__default_init_tagERKS5_EEOT_OT0_ called 14 returned 100% blocks executed 100%
function _ZNSt3__117__compressed_pairIPNS_12basic_stringIcNS_11char_traitsIcEENS_9allocatorIcEEEENS4_IS6_EEEC1B7v160006IDnS8_EEOT_OT0_ called 2 returned 100% blocks executed 100%
function _ZNSt3__117__compressed_pairIPNS_12basic_stringIcNS_11char_traitsIcEENS_9allocatorIcEEEENS4_IS6_EEEC2B7v160006IDnS8_EEOT_OT0_ called 2 returned 100% blocks executed 100%
function _ZNSt3__117__compressed_pairIPN7testing14TestPartResultERNS_9allocatorIS2_EEEC1B7v160006IDnS6_EEOT_OT0_ called 0 returned 0% blocks executed 0%
function _ZNSt3__117__compressed_pairIPN7testing14TestPartResultERNS_9allocatorIS2_EEEC2B7v160006IDnS6_EEOT_OT0_ called 0 returned 0% blocks executed 0%
function _ZNSt3__117__compressed_pairImNS_4hashINS_12basic_stringIcNS_11char_traitsIcEENS_9allocatorIcEEEEEEEC1B7v160006IiNS_18__default_init_tagEEEOT_OT0_ called 5 returned 100% blocks executed 100%
function _ZNSt3__117__compressed_pairIfNS_8equal_toINS_12basic_stringIcNS_11char_traitsIcEENS_9allocatorIcEEEEEEEC1B7v160006IfNS_18__default_init_tagEEEOT_OT0_ called 5 returned 100% blocks executed 100%
function _ZNSt3__117__compressed_pairIPPNS_16__hash_node_baseIPNS_11__hash_nodeINS_12basic_stringIcNS_11char_traitsIcEENS_9allocatorIcEEEEPvEEEENS_25__bucket_list_deallocatorINS6_ISD_EEEEEC1B7v160006INS_16__value_init_tagESK_EEOT_OT0_ called 5 returned 100% blocks executed 100%
function _ZNSt3__117__compressed_pairIPPNS_16__hash_node_baseIPNS_11__hash_nodeINS_12basic_stringIcNS_11char_traitsIcEENS_9allocatorIcEEEEPvEEEENS_25__bucket_list_deallocatorINS6_ISD_EEEEEC2B7v160006INS_16__value_init_tagESK_EEOT_OT0_ called 5 returned 100% blocks executed 100%
function _ZNSt3__117__compressed_pairImNS_9allocatorIPNS_16__hash_node_baseIPNS_11__hash_nodeINS_12basic_stringIcNS_11char_traitsIcEENS1_IcEEEEPvEEEEEEEC1B7v160006IiNS_18__default_init_tagEEEOT_OT0_ called 5 returned 100% blocks executed 100%
function _ZNSt3__117__compressed_pairImNS_9allocatorIPNS_16__hash_node_baseIPNS_11__hash_nodeINS_12basic_stringIcNS_11char_traitsIcEENS1_IcEEEEPvEEEEEEEC2B7v160006IiNS_18__default_init_tagEEEOT_OT0_ called 5 returned 100% blocks executed 100%
function _ZNSt3__117__compressed_pairImNS_4hashINS_12basic_stringIcNS_11char_traitsIcEENS_9allocatorIcEEEEEEEC2B7v160006IiNS_18__default_init_tagEEEOT_OT0_ called 5 returned 100% blocks executed 100%
function _ZNSt3__117__compressed_pairIfNS_8equal_toINS_12basic_stringIcNS_11char_traitsIcEENS_9allocatorIcEEEEEEEC2B7v160006IfNS_18__default_init_tagEEEOT_OT0_ called 5 returned 100% blocks executed 100%
function _ZNSt3__117__compressed_pairIPNS_12basic_stringIcNS_11char_traitsIcEENS_9allocatorIcEEEERNS4_IS6_EEEC1B7v160006IDnS9_EEOT_OT0_ called 12 returned 100% blocks executed 100%
function _ZNSt3__117__compressed_pairIPNS_12basic_stringIcNS_11char_traitsIcEENS_9allocatorIcEEEERNS4_IS6_EEEC2B7v160006IDnS9_EEOT_OT0_ called 12 returned 100% blocks executed 100%
function _ZNSt3__117__compressed_pairIPNS_11__hash_nodeINS_12basic_stringIcNS_11char_traitsIcEENS_9allocatorIcEEEEPvEENS_22__hash_node_destructorINS5_IS9_EEEEEC1B7v160006IRSA_SD_EEOT_OT0_ called 0 returned 0% blocks executed 0%
function _ZNSt3__117__compressed_pairIPNS_11__hash_nodeINS_12basic_stringIcNS_11char_traitsIcEENS_9allocatorIcEEEEPvEENS_22__hash_node_destructorINS5_IS9_EEEEEC2B7v160006IRSA_SD_EEOT_OT0_ called 0 returned 0% blocks executed 0%
function _ZNSt3__117__compressed_pairIPdNS_9allocatorIdEEEC1B7v160006IDnNS_18__default_init_tagEEEOT_OT0_ called 0 returned 0% blocks executed 0%
function _ZNSt3__117__compressed_pairIPdNS_9allocatorIdEEEC2B7v160006IDnNS_18__default_init_tagEEEOT_OT0_ called 0 returned 0% blocks executed 0%
function _ZNSt3__117__compressed_pairIPNS_6vectorIdNS_9allocatorIdEEEENS2_IS4_EEEC1B7v160006IDnNS_18__default_init_tagEEEOT_OT0_ called 0 returned 0% blocks executed 0%
function _ZNSt3__117__compressed_pairIPNS_6vectorIdNS_9allocatorIdEEEENS2_IS4_EEEC2B7v160006IDnNS_18__default_init_tagEEEOT_OT0_ called 0 returned 0% blocks executed 0%
function _ZNSt3__117__compressed_pairIPdNS_9allocatorIdEEEC1B7v160006IDnS3_EEOT_OT0_ called 0 returned 0% blocks executed 0%
function _ZNSt3__117__compressed_pairIPdNS_9allocatorIdEEEC2B7v160006IDnS3_EEOT_OT0_ called 0 returned 0% blocks executed 0%
function _ZNSt3__117__compressed_pairIPN7testing8internal13edit_distance8EditTypeENS_9allocatorIS4_EEEC1B7v160006IDnNS_18__default_init_tagEEEOT_OT0_ called 0 returned 0% blocks executed 0%
function _ZNSt3__117__compressed_pairIPN7testing8internal13edit_distance8EditTypeENS_9allocatorIS4_EEEC2B7v160006IDnNS_18__default_init_tagEEEOT_OT0_ called 0 returned 0% blocks executed 0%
function _ZNSt3__117__compressed_pairIPNS_6vectorIN7testing8internal13edit_distance8EditTypeENS_9allocatorIS5_EEEENS6_IS8_EEEC1B7v160006IDnNS_18__default_init_tagEEEOT_OT0_ called 0 returned 0% blocks executed 0%
function _ZNSt3__117__compressed_pairIPNS_6vectorIN7testing8internal13edit_distance8EditTypeENS_9allocatorIS5_EEEENS6_IS8_EEEC2B7v160006IDnNS_18__default_init_tagEEEOT_OT0_ called 0 returned 0% blocks executed 0%
function _ZNSt3__117__compressed_pairIPN7testing8internal13edit_distance8EditTypeENS_9allocatorIS4_EEEC1B7v160006IDnS7_EEOT_OT0_ called 0 returned 0% blocks executed 0%
function _ZNSt3__117__compressed_pairIPN7testing8internal13edit_distance8EditTypeENS_9allocatorIS4_EEEC2B7v160006IDnS7_EEOT_OT0_ called 0 returned 0% blocks executed 0%
function _ZNSt3__117__compressed_pairIPN7testing8internal13edit_distance8EditTypeERNS_9allocatorIS4_EEEC1B7v160006IDnS8_EEOT_OT0_ called 0 returned 0% blocks executed 0%
function _ZNSt3__117__compressed_pairIPN7testing8internal13edit_distance8EditTypeERNS_9allocatorIS4_EEEC2B7v160006IDnS8_EEOT_OT0_ called 0 returned 0% blocks executed 0%
function _ZNSt3__117__compressed_pairIPmNS_9allocatorImEEEC1B7v160006IDnNS_18__default_init_tagEEEOT_OT0_ called 0 returned 0% blocks executed 0%
function _ZNSt3__117__compressed_pairIPmNS_9allocatorImEEEC2B7v160006IDnNS_18__default_init_tagEEEOT_OT0_ called 0 returned 0% blocks executed 0%
function _ZNSt3__117__compressed_pairImNS_19__map_value_compareINS_12basic_stringIcNS_11char_traitsIcEENS_9allocatorIcEEEENS_12__value_typeIS7_mEENS_4lessIS7_EELb1EEEEC1B7v160006IiRKSC_EEOT_OT0_ called 0 returned 0% blocks executed 0%
function _ZNSt3__117__compressed_pairImNS_19__map_value_compareINS_12basic_stringIcNS_11char_traitsIcEENS_9allocatorIcEEEENS_12__value_typeIS7_mEENS_4lessIS7_EELb1EEEEC2B7v160006IiRKSC_EEOT_OT0_ called 0 returned 0% blocks executed 0%
function _ZNSt3__117__compressed_pairIPmRNS_9allocatorImEEEC1B7v160006IDnS4_EEOT_OT0_ called 0 returned 0% blocks executed 0%
function _ZNSt3__117__compressed_pairIPmRNS_9allocatorImEEEC2B7v160006IDnS4_EEOT_OT0_ called 0 returned 0% blocks executed 0%
function _ZNSt3__117__compressed_pairIPNS_11__tree_nodeINS_12__value_typeINS_12basic_stringIcNS_11char_traitsIcEENS_9allocatorIcEEEEmEEPvEENS_22__tree_node_destructorINS6_ISB_EEEEEC1B7v160006IRSC_SF_EEOT_OT0_ called 0 returned 0% blocks executed 0%
function _ZNSt3__117__compressed_pairIPNS_11__tree_nodeINS_12__value_typeINS_12basic_stringIcNS_11char_traitsIcEENS_9allocatorIcEEEEmEEPvEENS_22__tree_node_destructorINS6_ISB_EEEEEC2B7v160006IRSC_SF_EEOT_OT0_ called 0 returned 0% blocks executed 0%
function _ZNSt3__117__compressed_pairImNS_9allocatorINS_11__list_nodeINS_4pairIcPKcEEPvEEEEEC1B7v160006IiNS_18__default_init_tagEEEOT_OT0_ called 0 returned 0% blocks executed 0%
function _ZNSt3__117__compressed_pairImNS_9allocatorINS_11__list_nodeINS_4pairIcPKcEEPvEEEEEC2B7v160006IiNS_18__default_init_tagEEEOT_OT0_ called 0 returned 0% blocks executed 0%
function _ZNSt3__117__compressed_pairIPNS_11__list_nodeINS_4pairIcPKcEEPvEENS_22__allocator_destructorINS_9allocatorIS7_EEEEEC1B7v160006IRS8_SC_EEOT_OT0_ called 0 returned 0% blocks executed 0%
function _ZNSt3__117__compressed_pairIPNS_11__list_nodeINS_4pairIcPKcEEPvEENS_22__allocator_destructorINS_9allocatorIS7_EEEEEC2B7v160006IRS8_SC_EEOT_OT0_ called 0 returned 0% blocks executed 0%
function _ZNSt3__117__compressed_pairIPN7testing14TestPartResultENS_9allocatorIS2_EEEC1B7v160006IDnNS_18__default_init_tagEEEOT_OT0_ called 16 returned 100% blocks executed 100%
function _ZNSt3__117__compressed_pairIPN7testing14TestPartResultENS_9allocatorIS2_EEEC2B7v160006IDnNS_18__default_init_tagEEEOT_OT0_ called 16 returned 100% blocks executed 100%
function _ZNSt3__117__compressed_pairIPN7testing12TestPropertyENS_9allocatorIS2_EEEC1B7v160006IDnNS_18__default_init_tagEEEOT_OT0_ called 16 returned 100% blocks executed 100%
function _ZNSt3__117__compressed_pairIPN7testing12TestPropertyENS_9allocatorIS2_EEEC2B7v160006IDnNS_18__default_init_tagEEEOT_OT0_ called 16 returned 100% blocks executed 100%
function _ZNSt3__117__compressed_pairIPN7testing12TestPropertyERNS_9allocatorIS2_EEEC1B7v160006IDnS6_EEOT_OT0_ called 0 returned 0% blocks executed 0%
function _ZNSt3__117__compressed_pairIPN7testing12TestPropertyERNS_9allocatorIS2_EEEC2B7v160006IDnS6_EEOT_OT0_ called 0 returned 0% blocks executed 0%
function _ZNSt3__117__compressed_pairIPPN7testing8TestInfoENS_9allocatorIS3_EEEC1B7v160006IDnNS_18__default_init_tagEEEOT_OT0_ called 1 returned 100% blocks executed 100%
function _ZNSt3__117__compressed_pairIPPN7testing8TestInfoENS_9allocatorIS3_EEEC2B7v160006IDnNS_18__default_init_tagEEEOT_OT0_ called 1 returned 100% blocks executed 100%
function _ZNSt3__117__compressed_pairIPiNS_9allocatorIiEEEC1B7v160006IDnNS_18__default_init_tagEEEOT_OT0_ called 2 returned 100% blocks executed 100%
function _ZNSt3__117__compressed_pairIPiNS_9allocatorIiEEEC2B7v160006IDnNS_18__default_init_tagEEEOT_OT0_ called 2 returned 100% blocks executed 100%
function _ZNSt3__117__compressed_pairIPPN7testing8TestInfoERNS_9allocatorIS3_EEEC1B7v160006IDnS7_EEOT_OT0_ called 5 returned 100% blocks executed 100%
function _ZNSt3__117__compressed_pairIPPN7testing8TestInfoERNS_9allocatorIS3_EEEC2B7v160006IDnS7_EEOT_OT0_ called 5 returned 100% blocks executed 100%
function _ZNSt3__117__compressed_pairIPiRNS_9allocatorIiEEEC1B7v160006IDnS4_EEOT_OT0_ called 6 returned 100% blocks executed 100%
function _ZNSt3__117__compressed_pairIPiRNS_9allocatorIiEEEC2B7v160006IDnS4_EEOT_OT0_ called 6 returned 100% blocks executed 100%
function _ZNSt3__117__compressed_pairIPPN7testing17TestEventListenerERNS_9allocatorIS3_EEEC1B7v160006IDnS7_EEOT_OT0_ called 1 returned 100% blocks executed 100%
function _ZNSt3__117__compressed_pairIPPN7testing17TestEventListenerERNS_9allocatorIS3_EEEC2B7v160006IDnS7_EEOT_OT0_ called 1 returned 100% blocks executed 100%
function _ZNSt3__117__compressed_pairIPPN7testing17TestEventListenerENS_9allocatorIS3_EEEC1B7v160006IDnNS_18__default_init_tagEEEOT_OT0_ called 1 returned 100% blocks executed 100%
function _ZNSt3__117__compressed_pairIPPN7testing17TestEventListenerENS_9allocatorIS3_EEEC2B7v160006IDnNS_18__default_init_tagEEEOT_OT0_ called 1 returned 100% blocks executed 100%
function _ZNSt3__117__compressed_pairIPPN7testing11EnvironmentERNS_9allocatorIS3_EEEC1B7v160006IDnS7_EEOT_OT0_ called 0 returned 0% blocks executed 0%
function _ZNSt3__117__compressed_pairIPPN7testing11EnvironmentERNS_9allocatorIS3_EEEC2B7v160006IDnS7_EEOT_OT0_ called 0 returned 0% blocks executed 0%
function _ZNSt3__117__compressed_pairIPN7testing8internal9TraceInfoERNS_9allocatorIS3_EEEC1B7v160006IDnS7_EEOT_OT0_ called 0 returned 0% blocks executed 0%
function _ZNSt3__117__compressed_pairIPN7testing8internal9TraceInfoERNS_9allocatorIS3_EEEC2B7v160006IDnS7_EEOT_OT0_ called 0 returned 0% blocks executed 0%
function _ZNSt3__117__compressed_pairIPPN7testing11EnvironmentENS_9allocatorIS3_EEEC1B7v160006IDnNS_18__default_init_tagEEEOT_OT0_ called 1 returned 100% blocks executed 100%
function _ZNSt3__117__compressed_pairIPPN7testing11EnvironmentENS_9allocatorIS3_EEEC2B7v160006IDnNS_18__default_init_tagEEEOT_OT0_ called 1 returned 100% blocks executed 100%
function _ZNSt3__117__compressed_pairIPPN7testing9TestSuiteENS_9allocatorIS3_EEEC1B7v160006IDnNS_18__default_init_tagEEEOT_OT0_ called 1 returned 100% blocks executed 100%
function _ZNSt3__117__compressed_pairIPPN7testing9TestSuiteENS_9allocatorIS3_EEEC2B7v160006IDnNS_18__default_init_tagEEEOT_OT0_ called 1 returned 100% blocks executed 100%
function _ZNSt3__117__compressed_pairIPPN7testing8internal30ParameterizedTestSuiteInfoBaseENS_9allocatorIS4_EEEC1B7v160006IDnNS_18__default_init_tagEEEOT_OT0_ called 1 returned 100% blocks executed 100%
function _ZNSt3__117__compressed_pairIPPN7testing8internal30ParameterizedTestSuiteInfoBaseENS_9allocatorIS4_EEEC2B7v160006IDnNS_18__default_init_tagEEEOT_OT0_ called 1 returned 100% blocks executed 100%
function _ZNSt3__117__compressed_pairImNS_19__map_value_compareINS_12basic_stringIcNS_11char_traitsIcEENS_9allocatorIcEEEENS_12__value_typeIS7_N7testing8internal34TypeParameterizedTestSuiteRegistry30TypeParameterizedTestSuiteInfoEEENS_4lessIS7_EELb1EEEEC1B7v160006IiRKSG_EEOT_OT0_ called 1 returned 100% blocks executed 100%
function _ZNSt3__117__compressed_pairImNS_19__map_value_compareINS_12basic_stringIcNS_11char_traitsIcEENS_9allocatorIcEEEENS_12__value_typeIS7_N7testing8internal34TypeParameterizedTestSuiteRegistry30TypeParameterizedTestSuiteInfoEEENS_4lessIS7_EELb1EEEEC2B7v160006IiRKSG_EEOT_OT0_ called 1 returned 100% blocks executed 100%
function _ZNSt3__117__compressed_pairIPN7testing8internal24InternalRunDeathTestFlagENS_14default_deleteIS3_EEEC1B7v160006INS_16__value_init_tagES9_EEOT_OT0_ called 1 returned 100% blocks executed 100%
function _ZNSt3__117__compressed_pairIPN7testing8internal24InternalRunDeathTestFlagENS_14default_deleteIS3_EEEC2B7v160006INS_16__value_init_tagES9_EEOT_OT0_ called 1 returned 100% blocks executed 100%
function _ZNSt3__117__compressed_pairIPPN7testing9TestSuiteERNS_9allocatorIS3_EEEC1B7v160006IDnS7_EEOT_OT0_ called 1 returned 100% blocks executed 100%
function _ZNSt3__117__compressed_pairIPPN7testing9TestSuiteERNS_9allocatorIS3_EEEC2B7v160006IDnS7_EEOT_OT0_ called 1 returned 100% blocks executed 100%
function _ZNSt3__117__compressed_pairIPNS_18basic_stringstreamIcNS_11char_traitsIcEENS_9allocatorIcEEEENS_14default_deleteIS6_EEEC1B7v160006IRS7_NS_16__value_init_tagEEEOT_OT0_ called 70 returned 100% blocks executed 100%
function _ZNSt3__117__compressed_pairIPNS_18basic_stringstreamIcNS_11char_traitsIcEENS_9allocatorIcEEEENS_14default_deleteIS6_EEEC2B7v160006IRS7_NS_16__value_init_tagEEEOT_OT0_ called 70 returned 100% blocks executed 100%
function _ZNSt3__117__compressed_pairINS_12basic_stringIwNS_11char_traitsIwEENS_9allocatorIwEEE5__repES5_EC1B7v160006INS_18__default_init_tagESA_EEOT_OT0_ called 0 returned 0% blocks executed 0%
function _ZNSt3__117__compressed_pairINS_12basic_stringIwNS_11char_traitsIwEENS_9allocatorIwEEE5__repES5_EC2B7v160006INS_18__default_init_tagESA_EEOT_OT0_ called 0 returned 0% blocks executed 0%
function _ZNSt3__117__compressed_pairIPNS_12basic_stringIcNS_11char_traitsIcEENS_9allocatorIcEEEENS_14default_deleteIS6_EEEC1B7v160006IRS7_NS_16__value_init_tagEEEOT_OT0_ called 0 returned 0% blocks executed 0%
function _ZNSt3__117__compressed_pairIPNS_12basic_stringIcNS_11char_traitsIcEENS_9allocatorIcEEEENS_14default_deleteIS6_EEEC2B7v160006IRS7_NS_16__value_init_tagEEEOT_OT0_ called 0 returned 0% blocks executed 0%
function _ZNSt3__117__compressed_pairIPNS_12basic_stringIcNS_11char_traitsIcEENS_9allocatorIcEEEENS_14default_deleteIS6_EEEC1B7v160006INS_16__value_init_tagESC_EEOT_OT0_ called 23 returned 100% blocks executed 100%
function _ZNSt3__117__compressed_pairIPNS_12basic_stringIcNS_11char_traitsIcEENS_9allocatorIcEEEENS_14default_deleteIS6_EEEC2B7v160006INS_16__value_init_tagESC_EEOT_OT0_ called 23 returned 100% blocks executed 100%
function _ZNSt3__117__compressed_pairImNS_4lessINS_12basic_stringIcNS_11char_traitsIcEENS_9allocatorIcEEEEEEEC1B7v160006IiRKS8_EEOT_OT0_ called 1 returned 100% blocks executed 100%
function _ZNSt3__117__compressed_pairImNS_4lessINS_12basic_stringIcNS_11char_traitsIcEENS_9allocatorIcEEEEEEEC2B7v160006IiRKS8_EEOT_OT0_ called 1 returned 100% blocks executed 100%
function _ZNSt3__117__compressed_pairIPNS_11__tree_nodeINS_12basic_stringIcNS_11char_traitsIcEENS_9allocatorIcEEEEPvEENS_22__tree_node_destructorINS5_IS9_EEEEEC1B7v160006IRSA_SD_EEOT_OT0_ called 0 returned 0% blocks executed 0%
function _ZNSt3__117__compressed_pairIPNS_11__tree_nodeINS_12basic_stringIcNS_11char_traitsIcEENS_9allocatorIcEEEEPvEENS_22__tree_node_destructorINS5_IS9_EEEEEC2B7v160006IRSA_SD_EEOT_OT0_ called 0 returned 0% blocks executed 0%
function _ZNSt3__117__compressed_pairIPNS_11__tree_nodeINS_12__value_typeINS_12basic_stringIcNS_11char_traitsIcEENS_9allocatorIcEEEEN7testing8internal34TypeParameterizedTestSuiteRegistry30TypeParameterizedTestSuiteInfoEEEPvEENS_22__tree_node_destructorINS6_ISF_EEEEEC1B7v160006IRSG_SJ_EEOT_OT0_ called 0 returned 0% blocks executed 0%
function _ZNSt3__117__compressed_pairIPNS_11__tree_nodeINS_12__value_typeINS_12basic_stringIcNS_11char_traitsIcEENS_9allocatorIcEEEEN7testing8internal34TypeParameterizedTestSuiteRegistry30TypeParameterizedTestSuiteInfoEEEPvEENS_22__tree_node_destructorINS6_ISF_EEEEEC2B7v160006IRSG_SJ_EEOT_OT0_ called 0 returned 0% blocks executed 0%
function _ZNSt3__117__compressed_pairIPN7testing8internal14GTestFlagSaverENS_14default_deleteIS3_EEEC1B7v160006IRS4_NS_16__value_init_tagEEEOT_OT0_ called 14 returned 100% blocks executed 100%
function _ZNSt3__117__compressed_pairIPN7testing8internal14GTestFlagSaverENS_14default_deleteIS3_EEEC2B7v160006IRS4_NS_16__value_init_tagEEEOT_OT0_ called 14 returned 100% blocks executed 100%
function _ZNSt3__117__compressed_pairIPKNS_12basic_stringIcNS_11char_traitsIcEENS_9allocatorIcEEEENS_14default_deleteIS7_EEEC1B7v160006IRS8_NS_16__value_init_tagEEEOT_OT0_ called 29 returned 100% blocks executed 100%
function _ZNSt3__117__compressed_pairIPKNS_12basic_stringIcNS_11char_traitsIcEENS_9allocatorIcEEEENS_14default_deleteIS7_EEEC2B7v160006IRS8_NS_16__value_init_tagEEEOT_OT0_ called 29 returned 100% blocks executed 100%
function _ZNSt3__117__compressed_pairIPN7testing8internal11ThreadLocalIPNS1_31TestPartResultReporterInterfaceEE18ValueHolderFactoryENS_14default_deleteIS7_EEEC1B7v160006IRS8_NS_16__value_init_tagEEEOT_OT0_ called 1 returned 100% blocks executed 100%
function _ZNSt3__117__compressed_pairIPN7testing8internal11ThreadLocalIPNS1_31TestPartResultReporterInterfaceEE18ValueHolderFactoryENS_14default_deleteIS7_EEEC2B7v160006IRS8_NS_16__value_init_tagEEEOT_OT0_ called 1 returned 100% blocks executed 100%
function _ZNSt3__117__compressed_pairIPN7testing8internal16DeathTestFactoryENS_14default_deleteIS3_EEEC1B7v160006IRS4_NS_16__value_init_tagEEEOT_OT0_ called 1 returned 100% blocks executed 100%
function _ZNSt3__117__compressed_pairIPN7testing8internal16DeathTestFactoryENS_14default_deleteIS3_EEEC2B7v160006IRS4_NS_16__value_init_tagEEEOT_OT0_ called 1 returned 100% blocks executed 100%
function _ZNSt3__117__compressed_pairIPN7testing8internal9TraceInfoENS_9allocatorIS3_EEEC1B7v160006IDnNS_18__default_init_tagEEEOT_OT0_ called 0 returned 0% blocks executed 0%
function _ZNSt3__117__compressed_pairIPN7testing8internal9TraceInfoENS_9allocatorIS3_EEEC2B7v160006IDnNS_18__default_init_tagEEEOT_OT0_ called 0 returned 0% blocks executed 0%
function _ZNSt3__117__compressed_pairIPN7testing8internal11ThreadLocalINS_6vectorINS2_9TraceInfoENS_9allocatorIS5_EEEEE18ValueHolderFactoryENS_14default_deleteISA_EEEC1B7v160006IRSB_NS_16__value_init_tagEEEOT_OT0_ called 1 returned 100% blocks executed 100%
function _ZNSt3__117__compressed_pairIPN7testing8internal11ThreadLocalINS_6vectorINS2_9TraceInfoENS_9allocatorIS5_EEEEE18ValueHolderFactoryENS_14default_deleteISA_EEEC2B7v160006IRSB_NS_16__value_init_tagEEEOT_OT0_ called 1 returned 100% blocks executed 100%
      510:  119:  explicit __compressed_pair(_U1&& __t1, _U2&& __t2) : _Base1(std::forward<_U1>(__t1)), _Base2(std::forward<_U2>(__t2)) {}
    $$$$$:  119-block  0
    $$$$$:  119-block  1
    $$$$$:  119-block  2
    $$$$$:  119-block  3
    $$$$$:  119-block  4
    $$$$$:  119-block  5
       13:  119-block  6
       13:  119-block  7
       14:  119-block  8
       14:  119-block  9
        2:  119-block 10
        2:  119-block 11
    $$$$$:  119-block 12
    $$$$$:  119-block 13
        5:  119-block 14
        5:  119-block 15
        5:  119-block 16
        5:  119-block 17
        5:  119-block 18
        5:  119-block 19
        5:  119-block 20
        5:  119-block 21
       12:  119-block 22
       12:  119-block 23
    $$$$$:  119-block 24
[...]
function _ZNKSt3__117__compressed_pairINS_15__tree_end_nodeIPNS_16__tree_node_baseIPvEEEENS_9allocatorINS_11__tree_nodeINS_12__value_typeINS_12basic_stringIcNS_11char_traitsIcEENS7_IcEEEEN7testing8internal12CodeLocationEEES3_EEEEE5firstB7v160006Ev called 0 returned 0% blocks executed 0%
function _ZNKSt3__117__compressed_pairIPN7testing8internal24InternalRunDeathTestFlagENS_14default_deleteIS3_EEE5firstB7v160006Ev called 2 returned 100% blocks executed 100%
function _ZNKSt3__117__compressed_pairINS_15__tree_end_nodeIPNS_16__tree_node_baseIPvEEEENS_9allocatorINS_11__tree_nodeINS_12basic_stringIcNS_11char_traitsIcEENS7_IcEEEES3_EEEEE5firstB7v160006Ev called 0 returned 0% blocks executed 0%
function _ZNKSt3__117__compressed_pairIPNS_11__tree_nodeINS_12basic_stringIcNS_11char_traitsIcEENS_9allocatorIcEEEEPvEENS_22__tree_node_destructorINS5_IS9_EEEEE5firstB7v160006Ev called 0 returned 0% blocks executed 0%
function _ZNKSt3__117__compressed_pairIPNS_11__tree_nodeINS_12__value_typeINS_12basic_stringIcNS_11char_traitsIcEENS_9allocatorIcEEEEN7testing8internal34TypeParameterizedTestSuiteRegistry30TypeParameterizedTestSuiteInfoEEEPvEENS_22__tree_node_destructorINS6_ISF_EEEEE5firstB7v160006Ev called 0 returned 0% blocks executed 0%
function _ZNKSt3__117__compressed_pairIPN7testing8internal11ThreadLocalIPNS1_31TestPartResultReporterInterfaceEE18ValueHolderFactoryENS_14default_deleteIS7_EEE5firstB7v160006Ev called 0 returned 0% blocks executed 0%
      906:  136:  typename _Base1::const_reference first() const _NOEXCEPT {
      906:  137:    return static_cast<_Base1 const&>(*this).__get();
    $$$$$:  137-block  0
    $$$$$:  137-block  1
    $$$$$:  137-block  2
    $$$$$:  137-block  3
      101:  137-block  4
    $$$$$:  137-block  5
    $$$$$:  137-block  6
    $$$$$:  137-block  7
    $$$$$:  137-block  8
       15:  137-block  9
    $$$$$:  137-block 10
        4:  137-block 11
       57:  137-block 12
    $$$$$:  137-block 13
    $$$$$:  137-block 14
    $$$$$:  137-block 15
    $$$$$:  137-block 16
    $$$$$:  137-block 17
    $$$$$:  137-block 18
    $$$$$:  137-block 19
    $$$$$:  137-block 20
    $$$$$:  137-block 21
    $$$$$:  137-block 22
    $$$$$:  137-block 23
    $$$$$:  137-block 24
    $$$$$:  137-block 25
    $$$$$:  137-block 26
    $$$$$:  137-block 27
       15:  137-block 28
    $$$$$:  137-block 29
       30:  137-block 30
       25:  137-block 31
        4:  137-block 32
        4:  137-block 33
       15:  137-block 34
        5:  137-block 35
    $$$$$:  137-block 36
    $$$$$:  137-block 37
    $$$$$:  137-block 38
    $$$$$:  137-block 39
    $$$$$:  137-block 40
    $$$$$:  137-block 41
    $$$$$:  137-block 42
    $$$$$:  137-block 43
        5:  137-block 44
    $$$$$:  137-block 45
      624:  137-block 46
    $$$$$:  137-block 47
        2:  137-block 48
    $$$$$:  137-block 49
    $$$$$:  137-block 50
    $$$$$:  137-block 51
    $$$$$:  137-block 52
        -:  138:  }
        -:  139:
        -:  140:  _LIBCPP_HIDE_FROM_ABI _LIBCPP_CONSTEXPR_SINCE_CXX14
function _ZNSt3__117__compressed_pairIPNS_12basic_stringIcNS_11char_traitsIcEENS_9allocatorIcEEEENS_14default_deleteIS6_EEE6secondB7v160006Ev called 0 returned 0% blocks executed 0%
function _ZNSt3__117__compressed_pairIPPcNS_9allocatorIS1_EEE6secondB7v160006Ev called 0 returned 0% blocks executed 0%
function _ZNSt3__117__compressed_pairIPPcRNS_9allocatorIS1_EEE6secondB7v160006Ev called 0 returned 0% blocks executed 0%
function _ZNSt3__117__compressed_pairIPNS_12basic_stringIcNS_11char_traitsIcEENS_9allocatorIcEEEENS4_IS6_EEE6secondB7v160006Ev called 63 returned 100% blocks executed 100%
function _ZNSt3__117__compressed_pairINS_12basic_stringIcNS_11char_traitsIcEENS_9allocatorIcEEE5__repES5_E6secondB7v160006Ev called 0 returned 0% blocks executed 0%
function _ZNSt3__117__compressed_pairIPN7testing14TestPartResultENS_9allocatorIS2_EEE6secondB7v160006Ev called 0 returned 0% blocks executed 0%
function _ZNSt3__117__compressed_pairIPN7testing14TestPartResultERNS_9allocatorIS2_EEE6secondB7v160006Ev called 0 returned 0% blocks executed 0%
function _ZNSt3__117__compressed_pairIPNS_12basic_stringIcNS_11char_traitsIcEENS_9allocatorIcEEEERNS4_IS6_EEE6secondB7v160006Ev called 21 returned 100% blocks executed 100%
function _ZNSt3__117__compressed_pairImNS_4hashINS_12basic_stringIcNS_11char_traitsIcEENS_9allocatorIcEEEEEEE6secondB7v160006Ev called 2 returned 100% blocks executed 100%
function _ZNSt3__117__compressed_pairIfNS_8equal_toINS_12basic_stringIcNS_11char_traitsIcEENS_9allocatorIcEEEEEEE6secondB7v160006Ev called 2 returned 100% blocks executed 100%
function _ZNSt3__117__compressed_pairINS_16__hash_node_baseIPNS_11__hash_nodeINS_12basic_stringIcNS_11char_traitsIcEENS_9allocatorIcEEEEPvEEEENS6_ISA_EEE6secondB7v160006Ev called 7 returned 100% blocks executed 100%
function _ZNSt3__117__compressed_pairIPNS_11__hash_nodeINS_12basic_stringIcNS_11char_traitsIcEENS_9allocatorIcEEEEPvEENS_22__hash_node_destructorINS5_IS9_EEEEE6secondB7v160006Ev called 0 returned 0% blocks executed 0%
function _ZNSt3__117__compressed_pairIPPNS_16__hash_node_baseIPNS_11__hash_nodeINS_12basic_stringIcNS_11char_traitsIcEENS_9allocatorIcEEEEPvEEEENS_25__bucket_list_deallocatorINS6_ISD_EEEEE6secondB7v160006Ev called 5 returned 100% blocks executed 100%
function _ZNSt3__117__compressed_pairImNS_9allocatorIPNS_16__hash_node_baseIPNS_11__hash_nodeINS_12basic_stringIcNS_11char_traitsIcEENS1_IcEEEEPvEEEEEEE6secondB7v160006Ev called 2 returned 100% blocks executed 100%
function _ZNSt3__117__compressed_pairIPdNS_9allocatorIdEEE6secondB7v160006Ev called 0 returned 0% blocks executed 0%
function _ZNSt3__117__compressed_pairIPNS_6vectorIdNS_9allocatorIdEEEENS2_IS4_EEE6secondB7v160006Ev called 0 returned 0% blocks executed 0%
function _ZNSt3__117__compressed_pairIPN7testing8internal13edit_distance8EditTypeENS_9allocatorIS4_EEE6secondB7v160006Ev called 0 returned 0% blocks executed 0%
function _ZNSt3__117__compressed_pairIPNS_6vectorIN7testing8internal13edit_distance8EditTypeENS_9allocatorIS5_EEEENS6_IS8_EEE6secondB7v160006Ev called 0 returned 0% blocks executed 0%
function _ZNSt3__117__compressed_pairIPN7testing8internal13edit_distance8EditTypeERNS_9allocatorIS4_EEE6secondB7v160006Ev called 0 returned 0% blocks executed 0%
function _ZNSt3__117__compressed_pairIPmNS_9allocatorImEEE6secondB7v160006Ev called 0 returned 0% blocks executed 0%
function _ZNSt3__117__compressed_pairIPmRNS_9allocatorImEEE6secondB7v160006Ev called 0 returned 0% blocks executed 0%
function _ZNSt3__117__compressed_pairImNS_19__map_value_compareINS_12basic_stringIcNS_11char_traitsIcEENS_9allocatorIcEEEENS_12__value_typeIS7_mEENS_4lessIS7_EELb1EEEE6secondB7v160006Ev called 0 returned 0% blocks executed 0%
function _ZNSt3__117__compressed_pairINS_15__tree_end_nodeIPNS_16__tree_node_baseIPvEEEENS_9allocatorINS_11__tree_nodeINS_12__value_typeINS_12basic_stringIcNS_11char_traitsIcEENS7_IcEEEEmEES3_EEEEE6secondB7v160006Ev called 0 returned 0% blocks executed 0%
function _ZNSt3__117__compressed_pairIPNS_11__tree_nodeINS_12__value_typeINS_12basic_stringIcNS_11char_traitsIcEENS_9allocatorIcEEEEmEEPvEENS_22__tree_node_destructorINS6_ISB_EEEEE6secondB7v160006Ev called 0 returned 0% blocks executed 0%
function _ZNSt3__117__compressed_pairImNS_9allocatorINS_11__list_nodeINS_4pairIcPKcEEPvEEEEE6secondB7v160006Ev called 0 returned 0% blocks executed 0%
function _ZNSt3__117__compressed_pairIPNS_11__list_nodeINS_4pairIcPKcEEPvEENS_22__allocator_destructorINS_9allocatorIS7_EEEEE6secondB7v160006Ev called 0 returned 0% blocks executed 0%
function _ZNSt3__117__compressed_pairIPN7testing12TestPropertyENS_9allocatorIS2_EEE6secondB7v160006Ev called 0 returned 0% blocks executed 0%
function _ZNSt3__117__compressed_pairIPN7testing12TestPropertyERNS_9allocatorIS2_EEE6secondB7v160006Ev called 0 returned 0% blocks executed 0%
function _ZNSt3__117__compressed_pairIPiNS_9allocatorIiEEE6secondB7v160006Ev called 21 returned 100% blocks executed 100%
function _ZNSt3__117__compressed_pairIPPN7testing8TestInfoENS_9allocatorIS3_EEE6secondB7v160006Ev called 19 returned 100% blocks executed 100%
function _ZNSt3__117__compressed_pairIPPN7testing8TestInfoERNS_9allocatorIS3_EEE6secondB7v160006Ev called 24 returned 100% blocks executed 100%
function _ZNSt3__117__compressed_pairIPiRNS_9allocatorIiEEE6secondB7v160006Ev called 25 returned 100% blocks executed 100%
function _ZNSt3__117__compressed_pairIPPN7testing17TestEventListenerENS_9allocatorIS3_EEE6secondB7v160006Ev called 2 returned 100% blocks executed 100%
function _ZNSt3__117__compressed_pairIPPN7testing17TestEventListenerERNS_9allocatorIS3_EEE6secondB7v160006Ev called 1 returned 100% blocks executed 100%
function _ZNSt3__117__compressed_pairIPPN7testing11EnvironmentENS_9allocatorIS3_EEE6secondB7v160006Ev called 0 returned 0% blocks executed 0%
function _ZNSt3__117__compressed_pairIPPN7testing11EnvironmentERNS_9allocatorIS3_EEE6secondB7v160006Ev called 0 returned 0% blocks executed 0%
function _ZNSt3__117__compressed_pairIPN7testing8internal9TraceInfoENS_9allocatorIS3_EEE6secondB7v160006Ev called 0 returned 0% blocks executed 0%
function _ZNSt3__117__compressed_pairIPN7testing8internal9TraceInfoERNS_9allocatorIS3_EEE6secondB7v160006Ev called 0 returned 0% blocks executed 0%
function _ZNSt3__117__compressed_pairINS_15__tree_end_nodeIPNS_16__tree_node_baseIPvEEEENS_9allocatorINS_11__tree_nodeINS_12__value_typeINS_12basic_stringIcNS_11char_traitsIcEENS7_IcEEEEN7testing8internal34TypeParameterizedTestSuiteRegistry30TypeParameterizedTestSuiteInfoEEES3_EEEEE6secondB7v160006Ev called 0 returned 0% blocks executed 0%
function _ZNSt3__117__compressed_pairIPPN7testing8internal30ParameterizedTestSuiteInfoBaseENS_9allocatorIS4_EEE6secondB7v160006Ev called 0 returned 0% blocks executed 0%
function _ZNSt3__117__compressed_pairIPPN7testing9TestSuiteENS_9allocatorIS3_EEE6secondB7v160006Ev called 2 returned 100% blocks executed 100%
function _ZNSt3__117__compressed_pairIPN7testing8internal24InternalRunDeathTestFlagENS_14default_deleteIS3_EEE6secondB7v160006Ev called 0 returned 0% blocks executed 0%
function _ZNSt3__117__compressed_pairIPPN7testing9TestSuiteERNS_9allocatorIS3_EEE6secondB7v160006Ev called 1 returned 100% blocks executed 100%
function _ZNSt3__117__compressed_pairIPNS_18basic_stringstreamIcNS_11char_traitsIcEENS_9allocatorIcEEEENS_14default_deleteIS6_EEE6secondB7v160006Ev called 0 returned 0% blocks executed 0%
function _ZNSt3__117__compressed_pairINS_15__tree_end_nodeIPNS_16__tree_node_baseIPvEEEENS_9allocatorINS_11__tree_nodeINS_12basic_stringIcNS_11char_traitsIcEENS7_IcEEEES3_EEEEE6secondB7v160006Ev called 0 returned 0% blocks executed 0%
function _ZNSt3__117__compressed_pairImNS_4lessINS_12basic_stringIcNS_11char_traitsIcEENS_9allocatorIcEEEEEEE6secondB7v160006Ev called 0 returned 0% blocks executed 0%
function _ZNSt3__117__compressed_pairIPNS_11__tree_nodeINS_12basic_stringIcNS_11char_traitsIcEENS_9allocatorIcEEEEPvEENS_22__tree_node_destructorINS5_IS9_EEEEE6secondB7v160006Ev called 0 returned 0% blocks executed 0%
function _ZNSt3__117__compressed_pairImNS_19__map_value_compareINS_12basic_stringIcNS_11char_traitsIcEENS_9allocatorIcEEEENS_12__value_typeIS7_N7testing8internal34TypeParameterizedTestSuiteRegistry30TypeParameterizedTestSuiteInfoEEENS_4lessIS7_EELb1EEEE6secondB7v160006Ev called 0 returned 0% blocks executed 0%
function _ZNSt3__117__compressed_pairIPNS_11__tree_nodeINS_12__value_typeINS_12basic_stringIcNS_11char_traitsIcEENS_9allocatorIcEEEEN7testing8internal34TypeParameterizedTestSuiteRegistry30TypeParameterizedTestSuiteInfoEEEPvEENS_22__tree_node_destructorINS6_ISF_EEEEE6secondB7v160006Ev called 0 returned 0% blocks executed 0%
function _ZNSt3__117__compressed_pairIPN7testing8internal14GTestFlagSaverENS_14default_deleteIS3_EEE6secondB7v160006Ev called 14 returned 100% blocks executed 100%
function _ZNSt3__117__compressed_pairIPKNS_12basic_stringIcNS_11char_traitsIcEENS_9allocatorIcEEEENS_14default_deleteIS7_EEE6secondB7v160006Ev called 0 returned 0% blocks executed 0%
function _ZNSt3__117__compressed_pairIPN7testing8internal11ThreadLocalIPNS1_31TestPartResultReporterInterfaceEE18ValueHolderFactoryENS_14default_deleteIS7_EEE6secondB7v160006Ev called 0 returned 0% blocks executed 0%
function _ZNSt3__117__compressed_pairIPN7testing8internal16DeathTestFactoryENS_14default_deleteIS3_EEE6secondB7v160006Ev called 0 returned 0% blocks executed 0%
function _ZNSt3__117__compressed_pairIPN7testing8internal11ThreadLocalINS_6vectorINS2_9TraceInfoENS_9allocatorIS5_EEEEE18ValueHolderFactoryENS_14default_deleteISA_EEE6secondB7v160006Ev called 0 returned 0% blocks executed 0%
      211:  141:  typename _Base2::reference second() _NOEXCEPT {
      211:  142:    return static_cast<_Base2&>(*this).__get();
    $$$$$:  142-block  0
    $$$$$:  142-block  1
    $$$$$:  142-block  2
       63:  142-block  3
    $$$$$:  142-block  4
    $$$$$:  142-block  5
    $$$$$:  142-block  6
       21:  142-block  7
        2:  142-block  8
        2:  142-block  9
        7:  142-block 10
    $$$$$:  142-block 11
        5:  142-block 12
        2:  142-block 13
    $$$$$:  142-block 14
    $$$$$:  142-block 15
    $$$$$:  142-block 16
    $$$$$:  142-block 17
    $$$$$:  142-block 18
    $$$$$:  142-block 19
    $$$$$:  142-block 20
    $$$$$:  142-block 21
    $$$$$:  142-block 22
    $$$$$:  142-block 23
    $$$$$:  142-block 24
    $$$$$:  142-block 25
    $$$$$:  142-block 26
    $$$$$:  142-block 27
       21:  142-block 28
       19:  142-block 29
       24:  142-block 30
       25:  142-block 31
        2:  142-block 32
        1:  142-block 33
    $$$$$:  142-block 34
    $$$$$:  142-block 35
    $$$$$:  142-block 36
    $$$$$:  142-block 37
    $$$$$:  142-block 38
    $$$$$:  142-block 39
        2:  142-block 40
    $$$$$:  142-block 41
        1:  142-block 42
    $$$$$:  142-block 43
    $$$$$:  142-block 44
    $$$$$:  142-block 45
    $$$$$:  142-block 46
    $$$$$:  142-block 47
    $$$$$:  142-block 48
       14:  142-block 49
    $$$$$:  142-block 50
    $$$$$:  142-block 51
    $$$$$:  142-block 52
    $$$$$:  142-block 53
        -:  143:  }
        -:  144:
        -:  145:  _LIBCPP_HIDE_FROM_ABI _LIBCPP_CONSTEXPR
function _ZNKSt3__117__compressed_pairIPPcNS_9allocatorIS1_EEE6secondB7v160006Ev called 0 returned 0% blocks executed 0%
function _ZNKSt3__117__compressed_pairINS_12basic_stringIcNS_11char_traitsIcEENS_9allocatorIcEEE5__repES5_E6secondB7v160006Ev called 42 returned 100% blocks executed 100%
function _ZNKSt3__117__compressed_pairIPNS_12basic_stringIcNS_11char_traitsIcEENS_9allocatorIcEEEENS4_IS6_EEE6secondB7v160006Ev called 15 returned 100% blocks executed 100%
function _ZNKSt3__117__compressed_pairIPN7testing14TestPartResultENS_9allocatorIS2_EEE6secondB7v160006Ev called 0 returned 0% blocks executed 0%
function _ZNKSt3__117__compressed_pairIPPNS_16__hash_node_baseIPNS_11__hash_nodeINS_12basic_stringIcNS_11char_traitsIcEENS_9allocatorIcEEEEPvEEEENS_25__bucket_list_deallocatorINS6_ISD_EEEEE6secondB7v160006Ev called 57 returned 100% blocks executed 100%
function _ZNKSt3__117__compressed_pairImNS_4hashINS_12basic_stringIcNS_11char_traitsIcEENS_9allocatorIcEEEEEEE6secondB7v160006Ev called 57 returned 100% blocks executed 100%
function _ZNKSt3__117__compressed_pairIfNS_8equal_toINS_12basic_stringIcNS_11char_traitsIcEENS_9allocatorIcEEEEEEE6secondB7v160006Ev called 0 returned 0% blocks executed 0%
function _ZNKSt3__117__compressed_pairIPdNS_9allocatorIdEEE6secondB7v160006Ev called 0 returned 0% blocks executed 0%
function _ZNKSt3__117__compressed_pairIPNS_6vectorIdNS_9allocatorIdEEEENS2_IS4_EEE6secondB7v160006Ev called 0 returned 0% blocks executed 0%
function _ZNKSt3__117__compressed_pairIPN7testing8internal13edit_distance8EditTypeENS_9allocatorIS4_EEE6secondB7v160006Ev called 0 returned 0% blocks executed 0%
function _ZNKSt3__117__compressed_pairIPNS_6vectorIN7testing8internal13edit_distance8EditTypeENS_9allocatorIS5_EEEENS6_IS8_EEE6secondB7v160006Ev called 0 returned 0% blocks executed 0%
function _ZNKSt3__117__compressed_pairIPmNS_9allocatorImEEE6secondB7v160006Ev called 0 returned 0% blocks executed 0%
function _ZNKSt3__117__compressed_pairIPN7testing12TestPropertyENS_9allocatorIS2_EEE6secondB7v160006Ev called 0 returned 0% blocks executed 0%
function _ZNKSt3__117__compressed_pairIPPN7testing8TestInfoENS_9allocatorIS3_EEE6secondB7v160006Ev called 5 returned 100% blocks executed 100%
function _ZNKSt3__117__compressed_pairIPiNS_9allocatorIiEEE6secondB7v160006Ev called 6 returned 100% blocks executed 100%
function _ZNKSt3__117__compressed_pairIPPN7testing17TestEventListenerENS_9allocatorIS3_EEE6secondB7v160006Ev called 1 returned 100% blocks executed 100%
function _ZNKSt3__117__compressed_pairIPPN7testing11EnvironmentENS_9allocatorIS3_EEE6secondB7v160006Ev called 0 returned 0% blocks executed 0%
function _ZNKSt3__117__compressed_pairIPN7testing8internal9TraceInfoENS_9allocatorIS3_EEE6secondB7v160006Ev called 0 returned 0% blocks executed 0%
function _ZNKSt3__117__compressed_pairIPPN7testing9TestSuiteENS_9allocatorIS3_EEE6secondB7v160006Ev called 1 returned 100% blocks executed 100%
function _ZNKSt3__117__compressed_pairImNS_19__map_value_compareINS_12basic_stringIcNS_11char_traitsIcEENS_9allocatorIcEEEENS_12__value_typeIS7_N7testing8internal12CodeLocationEEENS_4lessIvEELb1EEEE6secondB7v160006Ev called 0 returned 0% blocks executed 0%
function _ZNKSt3__117__compressed_pairImNS_4lessINS_12basic_stringIcNS_11char_traitsIcEENS_9allocatorIcEEEEEEE6secondB7v160006Ev called 0 returned 0% blocks executed 0%
      184:  146:  typename _Base2::const_reference second() const _NOEXCEPT {
      184:  147:    return static_cast<_Base2 const&>(*this).__get();
    $$$$$:  147-block  0
       42:  147-block  1
       15:  147-block  2
    $$$$$:  147-block  3
       57:  147-block  4
       57:  147-block  5
    $$$$$:  147-block  6
    $$$$$:  147-block  7
    $$$$$:  147-block  8
    $$$$$:  147-block  9
    $$$$$:  147-block 10
    $$$$$:  147-block 11
    $$$$$:  147-block 12
        5:  147-block 13
        6:  147-block 14
        1:  147-block 15
    $$$$$:  147-block 16
    $$$$$:  147-block 17
        1:  147-block 18
    $$$$$:  147-block 19
    $$$$$:  147-block 20
        -:  148:  }
        -:  149:
        -:  150:  _LIBCPP_HIDE_FROM_ABI _LIBCPP_CONSTEXPR static
        -:  151:  _Base1* __get_first_base(__compressed_pair* __pair) _NOEXCEPT {
        -:  152:    return static_cast<_Base1*>(__pair);
        -:  153:  }
        -:  154:  _LIBCPP_HIDE_FROM_ABI _LIBCPP_CONSTEXPR static
        -:  155:  _Base2* __get_second_base(__compressed_pair* __pair) _NOEXCEPT {
        -:  156:    return static_cast<_Base2*>(__pair);
        -:  157:  }
        -:  158:
        -:  159:  _LIBCPP_HIDE_FROM_ABI _LIBCPP_CONSTEXPR_SINCE_CXX14
function _ZNSt3__117__compressed_pairIPNS_12basic_stringIcNS_11char_traitsIcEENS_9allocatorIcEEEENS_14default_deleteIS6_EEE4swapB7v160006ERSA_ called 0 returned 0% blocks executed 0%
    #####:  160:  void swap(__compressed_pair& __x)
        -:  161:      _NOEXCEPT_(__is_nothrow_swappable<_T1>::value && __is_nothrow_swappable<_T2>::value) {
        -:  162:    using std::swap;
    #####:  163:    swap(first(), __x.first());
    #####:  164:    swap(second(), __x.second());
    #####:  165:  }
    $$$$$:  165-block  0
        -:  166:};
        -:  167:
        -:  168:template <class _T1, class _T2>
        -:  169:inline _LIBCPP_HIDE_FROM_ABI _LIBCPP_CONSTEXPR_SINCE_CXX14
        -:  170:void swap(__compressed_pair<_T1, _T2>& __x, __compressed_pair<_T1, _T2>& __y)
        -:  171:    _NOEXCEPT_(__is_nothrow_swappable<_T1>::value && __is_nothrow_swappable<_T2>::value) {
        -:  172:  __x.swap(__y);
        -:  173:}
        -:  174:
        -:  175:_LIBCPP_END_NAMESPACE_STD
        -:  176:
        -:  177:#endif // _LIBCPP___MEMORY_COMPRESSED_PAIR_H
