        -:    0:Source:/Library/Developer/CommandLineTools/SDKs/MacOSX14.2.sdk/usr/include/c++/v1/__algorithm/unwrap_range.h
        -:    0:Graph:/Users/ivanmovile/CLionProjects/Stack/cmake-build-debug/_deps/googletest-build/googletest/CMakeFiles/gtest.dir/src/gtest-all.cc.gcno
        -:    0:Data:/Users/ivanmovile/CLionProjects/Stack/cmake-build-debug/_deps/googletest-build/googletest/CMakeFiles/gtest.dir/src/gtest-all.cc.gcda
        -:    0:Runs:1
        -:    0:Programs:1
        -:    1://===----------------------------------------------------------------------===//
        -:    2://
        -:    3:// Part of the LLVM Project, under the Apache License v2.0 with LLVM Exceptions.
        -:    4:// See https://llvm.org/LICENSE.txt for license information.
        -:    5:// SPDX-License-Identifier: Apache-2.0 WITH LLVM-exception
        -:    6://
        -:    7://===----------------------------------------------------------------------===//
        -:    8:
        -:    9:#ifndef _LIBCPP___ALGORITHM_UNWRAP_RANGE_H
        -:   10:#define _LIBCPP___ALGORITHM_UNWRAP_RANGE_H
        -:   11:
        -:   12:#include <__algorithm/unwrap_iter.h>
        -:   13:#include <__concepts/constructible.h>
        -:   14:#include <__config>
        -:   15:#include <__iterator/concepts.h>
        -:   16:#include <__iterator/next.h>
        -:   17:#include <__utility/declval.h>
        -:   18:#include <__utility/move.h>
        -:   19:#include <__utility/pair.h>
        -:   20:
        -:   21:#if !defined(_LIBCPP_HAS_NO_PRAGMA_SYSTEM_HEADER)
        -:   22:#  pragma GCC system_header
        -:   23:#endif
        -:   24:
        -:   25:_LIBCPP_BEGIN_NAMESPACE_STD
        -:   26:
        -:   27:// __unwrap_range and __rewrap_range are used to unwrap ranges which may have different iterator and sentinel types.
        -:   28:// __unwrap_iter and __rewrap_iter don't work for this, because they assume that the iterator and sentinel have
        -:   29:// the same type. __unwrap_range tries to get two iterators and then forward to __unwrap_iter.
        -:   30:
        -:   31:#if _LIBCPP_STD_VER > 17
        -:   32:template <class _Iter, class _Sent>
        -:   33:struct __unwrap_range_impl {
        -:   34:  _LIBCPP_HIDE_FROM_ABI static constexpr auto __unwrap(_Iter __first, _Sent __sent)
        -:   35:    requires random_access_iterator<_Iter> && sized_sentinel_for<_Sent, _Iter>
        -:   36:  {
        -:   37:    auto __last = ranges::next(__first, __sent);
        -:   38:    return pair{std::__unwrap_iter(std::move(__first)), std::__unwrap_iter(std::move(__last))};
        -:   39:  }
        -:   40:
        -:   41:  _LIBCPP_HIDE_FROM_ABI static constexpr auto __unwrap(_Iter __first, _Sent __last) {
        -:   42:    return pair{std::move(__first), std::move(__last)};
        -:   43:  }
        -:   44:
        -:   45:  _LIBCPP_HIDE_FROM_ABI static constexpr auto
        -:   46:  __rewrap(_Iter __orig_iter, decltype(std::__unwrap_iter(__orig_iter)) __iter)
        -:   47:    requires random_access_iterator<_Iter> && sized_sentinel_for<_Sent, _Iter>
        -:   48:  {
        -:   49:    return std::__rewrap_iter(std::move(__orig_iter), std::move(__iter));
        -:   50:  }
        -:   51:
        -:   52:  _LIBCPP_HIDE_FROM_ABI static constexpr auto __rewrap(const _Iter&, _Iter __iter)
        -:   53:    requires (!(random_access_iterator<_Iter> && sized_sentinel_for<_Sent, _Iter>))
        -:   54:  {
        -:   55:    return __iter;
        -:   56:  }
        -:   57:};
        -:   58:
        -:   59:template <class _Iter>
        -:   60:struct __unwrap_range_impl<_Iter, _Iter> {
function _ZNSt3__119__unwrap_range_implINS_16reverse_iteratorIPPcEES4_E8__unwrapB7v160006ES4_S4_ called 0 returned 0% blocks executed 0%
function _ZNSt3__119__unwrap_range_implIPPcS2_E8__unwrapB7v160006ES2_S2_ called 0 returned 0% blocks executed 0%
function _ZNSt3__119__unwrap_range_implIPKcS2_E8__unwrapB7v160006ES2_S2_ called 28 returned 100% blocks executed 100%
function _ZNSt3__119__unwrap_range_implINS_11__wrap_iterIPNS_12basic_stringIcNS_11char_traitsIcEENS_9allocatorIcEEEEEES9_E8__unwrapB7v160006ES9_S9_ called 6 returned 100% blocks executed 100%
function _ZNSt3__119__unwrap_range_implIPNS_12basic_stringIcNS_11char_traitsIcEENS_9allocatorIcEEEES7_E8__unwrapB7v160006ES7_S7_ called 0 returned 0% blocks executed 0%
function _ZNSt3__119__unwrap_range_implINS_16reverse_iteratorIPN7testing8internal13edit_distance8EditTypeEEES7_E8__unwrapB7v160006ES7_S7_ called 0 returned 0% blocks executed 0%
function _ZNSt3__119__unwrap_range_implINS_16reverse_iteratorIPmEES3_E8__unwrapB7v160006ES3_S3_ called 0 returned 0% blocks executed 0%
function _ZNSt3__119__unwrap_range_implINS_16reverse_iteratorIPPN7testing8TestInfoEEES6_E8__unwrapB7v160006ES6_S6_ called 5 returned 100% blocks executed 100%
function _ZNSt3__119__unwrap_range_implINS_16reverse_iteratorIPiEES3_E8__unwrapB7v160006ES3_S3_ called 6 returned 100% blocks executed 100%
function _ZNSt3__119__unwrap_range_implINS_16reverse_iteratorIPPN7testing17TestEventListenerEEES6_E8__unwrapB7v160006ES6_S6_ called 1 returned 100% blocks executed 100%
function _ZNSt3__119__unwrap_range_implIPPN7testing17TestEventListenerES4_E8__unwrapB7v160006ES4_S4_ called 0 returned 0% blocks executed 0%
function _ZNSt3__119__unwrap_range_implINS_16reverse_iteratorIPPN7testing11EnvironmentEEES6_E8__unwrapB7v160006ES6_S6_ called 0 returned 0% blocks executed 0%
function _ZNSt3__119__unwrap_range_implIPPN7testing9TestSuiteES4_E8__unwrapB7v160006ES4_S4_ called 0 returned 0% blocks executed 0%
function _ZNSt3__119__unwrap_range_implINS_16reverse_iteratorIPPN7testing9TestSuiteEEES6_E8__unwrapB7v160006ES6_S6_ called 1 returned 100% blocks executed 100%
       47:   61:  _LIBCPP_HIDE_FROM_ABI static constexpr auto __unwrap(_Iter __first, _Iter __last) {
       47:   62:    return pair{std::__unwrap_iter(std::move(__first)), std::__unwrap_iter(std::move(__last))};
    $$$$$:   62-block  0
    $$$$$:   62-block  1
       28:   62-block  2
        6:   62-block  3
    $$$$$:   62-block  4
    $$$$$:   62-block  5
    $$$$$:   62-block  6
        5:   62-block  7
        6:   62-block  8
        1:   62-block  9
    $$$$$:   62-block 10
    $$$$$:   62-block 11
    $$$$$:   62-block 12
        1:   62-block 13
        -:   63:  }
        -:   64:
        -:   65:  _LIBCPP_HIDE_FROM_ABI static constexpr auto
function _ZNSt3__119__unwrap_range_implINS_16reverse_iteratorIPPcEES4_E8__rewrapB7v160006ES4_S4_ called 0 returned 0% blocks executed 0%
function _ZNSt3__119__unwrap_range_implIPPcS2_E8__rewrapB7v160006ES2_S2_ called 0 returned 0% blocks executed 0%
function _ZNSt3__119__unwrap_range_implIPKcS2_E8__rewrapB7v160006ES2_S2_ called 28 returned 100% blocks executed 100%
function _ZNSt3__119__unwrap_range_implIPNS_12basic_stringIcNS_11char_traitsIcEENS_9allocatorIcEEEES7_E8__rewrapB7v160006ES7_S7_ called 0 returned 0% blocks executed 0%
function _ZNSt3__119__unwrap_range_implINS_11__wrap_iterIPNS_12basic_stringIcNS_11char_traitsIcEENS_9allocatorIcEEEEEES9_E8__rewrapB7v160006ES9_S8_ called 6 returned 100% blocks executed 100%
function _ZNSt3__119__unwrap_range_implINS_16reverse_iteratorIPN7testing8internal13edit_distance8EditTypeEEES7_E8__rewrapB7v160006ES7_S7_ called 0 returned 0% blocks executed 0%
function _ZNSt3__119__unwrap_range_implINS_16reverse_iteratorIPmEES3_E8__rewrapB7v160006ES3_S3_ called 0 returned 0% blocks executed 0%
function _ZNSt3__119__unwrap_range_implINS_16reverse_iteratorIPPN7testing8TestInfoEEES6_E8__rewrapB7v160006ES6_S6_ called 5 returned 100% blocks executed 100%
function _ZNSt3__119__unwrap_range_implINS_16reverse_iteratorIPiEES3_E8__rewrapB7v160006ES3_S3_ called 6 returned 100% blocks executed 100%
function _ZNSt3__119__unwrap_range_implINS_16reverse_iteratorIPPN7testing17TestEventListenerEEES6_E8__rewrapB7v160006ES6_S6_ called 1 returned 100% blocks executed 100%
function _ZNSt3__119__unwrap_range_implIPPN7testing17TestEventListenerES4_E8__rewrapB7v160006ES4_S4_ called 0 returned 0% blocks executed 0%
function _ZNSt3__119__unwrap_range_implINS_16reverse_iteratorIPPN7testing11EnvironmentEEES6_E8__rewrapB7v160006ES6_S6_ called 0 returned 0% blocks executed 0%
function _ZNSt3__119__unwrap_range_implIPPN7testing9TestSuiteES4_E8__rewrapB7v160006ES4_S4_ called 0 returned 0% blocks executed 0%
function _ZNSt3__119__unwrap_range_implINS_16reverse_iteratorIPPN7testing9TestSuiteEEES6_E8__rewrapB7v160006ES6_S6_ called 1 returned 100% blocks executed 100%
       47:   66:  __rewrap(_Iter __orig_iter, decltype(std::__unwrap_iter(__orig_iter)) __iter) {
       47:   67:    return std::__rewrap_iter(std::move(__orig_iter), std::move(__iter));
    $$$$$:   67-block  0
    $$$$$:   67-block  1
       28:   67-block  2
    $$$$$:   67-block  3
        6:   67-block  4
    $$$$$:   67-block  5
    $$$$$:   67-block  6
        5:   67-block  7
        6:   67-block  8
        1:   67-block  9
    $$$$$:   67-block 10
    $$$$$:   67-block 11
    $$$$$:   67-block 12
        1:   67-block 13
        -:   68:  }
        -:   69:};
        -:   70:
        -:   71:template <class _Iter, class _Sent>
function _ZNSt3__114__unwrap_rangeB7v160006INS_16reverse_iteratorIPPcEES4_EEDaT_T0_ called 0 returned 0% blocks executed 0%
function _ZNSt3__114__unwrap_rangeB7v160006IPPcS2_EEDaT_T0_ called 0 returned 0% blocks executed 0%
function _ZNSt3__114__unwrap_rangeB7v160006IPKcS2_EEDaT_T0_ called 28 returned 100% blocks executed 100%
function _ZNSt3__114__unwrap_rangeB7v160006INS_11__wrap_iterIPNS_12basic_stringIcNS_11char_traitsIcEENS_9allocatorIcEEEEEES9_EEDaT_T0_ called 6 returned 100% blocks executed 100%
function _ZNSt3__114__unwrap_rangeB7v160006IPNS_12basic_stringIcNS_11char_traitsIcEENS_9allocatorIcEEEES7_EEDaT_T0_ called 0 returned 0% blocks executed 0%
function _ZNSt3__114__unwrap_rangeB7v160006INS_16reverse_iteratorIPN7testing8internal13edit_distance8EditTypeEEES7_EEDaT_T0_ called 0 returned 0% blocks executed 0%
function _ZNSt3__114__unwrap_rangeB7v160006INS_16reverse_iteratorIPmEES3_EEDaT_T0_ called 0 returned 0% blocks executed 0%
function _ZNSt3__114__unwrap_rangeB7v160006INS_16reverse_iteratorIPPN7testing8TestInfoEEES6_EEDaT_T0_ called 5 returned 100% blocks executed 100%
function _ZNSt3__114__unwrap_rangeB7v160006INS_16reverse_iteratorIPiEES3_EEDaT_T0_ called 6 returned 100% blocks executed 100%
function _ZNSt3__114__unwrap_rangeB7v160006INS_16reverse_iteratorIPPN7testing17TestEventListenerEEES6_EEDaT_T0_ called 1 returned 100% blocks executed 100%
function _ZNSt3__114__unwrap_rangeB7v160006IPPN7testing17TestEventListenerES4_EEDaT_T0_ called 0 returned 0% blocks executed 0%
function _ZNSt3__114__unwrap_rangeB7v160006INS_16reverse_iteratorIPPN7testing11EnvironmentEEES6_EEDaT_T0_ called 0 returned 0% blocks executed 0%
function _ZNSt3__114__unwrap_rangeB7v160006IPPN7testing9TestSuiteES4_EEDaT_T0_ called 0 returned 0% blocks executed 0%
function _ZNSt3__114__unwrap_rangeB7v160006INS_16reverse_iteratorIPPN7testing9TestSuiteEEES6_EEDaT_T0_ called 1 returned 100% blocks executed 100%
       47:   72:_LIBCPP_HIDE_FROM_ABI constexpr auto __unwrap_range(_Iter __first, _Sent __last) {
       47:   73:  return __unwrap_range_impl<_Iter, _Sent>::__unwrap(std::move(__first), std::move(__last));
    $$$$$:   73-block  0
    $$$$$:   73-block  1
       28:   73-block  2
        6:   73-block  3
    $$$$$:   73-block  4
    $$$$$:   73-block  5
    $$$$$:   73-block  6
        5:   73-block  7
        6:   73-block  8
        1:   73-block  9
    $$$$$:   73-block 10
    $$$$$:   73-block 11
    $$$$$:   73-block 12
        1:   73-block 13
        -:   74:}
        -:   75:
        -:   76:template <
        -:   77:    class _Sent,
        -:   78:    class _Iter,
        -:   79:    class _Unwrapped = decltype(std::__unwrap_range(std::declval<_Iter>(), std::declval<_Sent>()))>
function _ZNSt3__114__rewrap_rangeB7v160006INS_16reverse_iteratorIPPcEES4_S4_EET0_S5_T1_ called 0 returned 0% blocks executed 0%
function _ZNSt3__114__rewrap_rangeB7v160006IPPcS2_S2_EET0_S3_T1_ called 0 returned 0% blocks executed 0%
function _ZNSt3__114__rewrap_rangeB7v160006IPKcS2_S2_EET0_S3_T1_ called 28 returned 100% blocks executed 100%
function _ZNSt3__114__rewrap_rangeB7v160006INS_11__wrap_iterIPNS_12basic_stringIcNS_11char_traitsIcEENS_9allocatorIcEEEEEES9_S8_EET0_SA_T1_ called 6 returned 100% blocks executed 100%
function _ZNSt3__114__rewrap_rangeB7v160006IPNS_12basic_stringIcNS_11char_traitsIcEENS_9allocatorIcEEEES7_S7_EET0_S8_T1_ called 0 returned 0% blocks executed 0%
function _ZNSt3__114__rewrap_rangeB7v160006INS_16reverse_iteratorIPN7testing8internal13edit_distance8EditTypeEEES7_S7_EET0_S8_T1_ called 0 returned 0% blocks executed 0%
function _ZNSt3__114__rewrap_rangeB7v160006INS_16reverse_iteratorIPmEES3_S3_EET0_S4_T1_ called 0 returned 0% blocks executed 0%
function _ZNSt3__114__rewrap_rangeB7v160006INS_16reverse_iteratorIPPN7testing8TestInfoEEES6_S6_EET0_S7_T1_ called 5 returned 100% blocks executed 100%
function _ZNSt3__114__rewrap_rangeB7v160006INS_16reverse_iteratorIPiEES3_S3_EET0_S4_T1_ called 6 returned 100% blocks executed 100%
function _ZNSt3__114__rewrap_rangeB7v160006INS_16reverse_iteratorIPPN7testing17TestEventListenerEEES6_S6_EET0_S7_T1_ called 1 returned 100% blocks executed 100%
function _ZNSt3__114__rewrap_rangeB7v160006IPPN7testing17TestEventListenerES4_S4_EET0_S5_T1_ called 0 returned 0% blocks executed 0%
function _ZNSt3__114__rewrap_rangeB7v160006INS_16reverse_iteratorIPPN7testing11EnvironmentEEES6_S6_EET0_S7_T1_ called 0 returned 0% blocks executed 0%
function _ZNSt3__114__rewrap_rangeB7v160006IPPN7testing9TestSuiteES4_S4_EET0_S5_T1_ called 0 returned 0% blocks executed 0%
function _ZNSt3__114__rewrap_rangeB7v160006INS_16reverse_iteratorIPPN7testing9TestSuiteEEES6_S6_EET0_S7_T1_ called 1 returned 100% blocks executed 100%
       47:   80:_LIBCPP_HIDE_FROM_ABI constexpr _Iter __rewrap_range(_Iter __orig_iter, _Unwrapped __iter) {
       47:   81:  return __unwrap_range_impl<_Iter, _Sent>::__rewrap(std::move(__orig_iter), std::move(__iter));
    $$$$$:   81-block  0
    $$$$$:   81-block  1
       28:   81-block  2
        6:   81-block  3
    $$$$$:   81-block  4
    $$$$$:   81-block  5
    $$$$$:   81-block  6
        5:   81-block  7
        6:   81-block  8
        1:   81-block  9
    $$$$$:   81-block 10
    $$$$$:   81-block 11
    $$$$$:   81-block 12
        1:   81-block 13
        -:   82:}
        -:   83:#else  // _LIBCPP_STD_VER > 17
        -:   84:template <class _Iter, class _Unwrapped = decltype(std::__unwrap_iter(std::declval<_Iter>()))>
        -:   85:_LIBCPP_HIDE_FROM_ABI _LIBCPP_CONSTEXPR pair<_Unwrapped, _Unwrapped> __unwrap_range(_Iter __first, _Iter __last) {
        -:   86:  return std::make_pair(std::__unwrap_iter(std::move(__first)), std::__unwrap_iter(std::move(__last)));
        -:   87:}
        -:   88:
        -:   89:template <class _Iter, class _Unwrapped = decltype(std::__unwrap_iter(std::declval<_Iter>()))>
        -:   90:_LIBCPP_HIDE_FROM_ABI _LIBCPP_CONSTEXPR _Iter __rewrap_range(_Iter __orig_iter, _Unwrapped __iter) {
        -:   91:  return std::__rewrap_iter(std::move(__orig_iter), std::move(__iter));
        -:   92:}
        -:   93:#endif // _LIBCPP_STD_VER > 17
        -:   94:
        -:   95:_LIBCPP_END_NAMESPACE_STD
        -:   96:
        -:   97:#endif // _LIBCPP___ALGORITHM_UNWRAP_RANGE_H
