        -:    0:Source:/Library/Developer/CommandLineTools/SDKs/MacOSX14.2.sdk/usr/include/c++/v1/__utility/swap.h
        -:    0:Graph:/Users/ivanmovile/CLionProjects/Stack/cmake-build-debug/_deps/googletest-build/googletest/CMakeFiles/gtest.dir/src/gtest-all.cc.gcno
        -:    0:Data:/Users/ivanmovile/CLionProjects/Stack/cmake-build-debug/_deps/googletest-build/googletest/CMakeFiles/gtest.dir/src/gtest-all.cc.gcda
        -:    0:Runs:1
        -:    0:Programs:1
        -:    1://===----------------------------------------------------------------------===//
        -:    2://
        -:    3:// Part of the LLVM Project, under the Apache License v2.0 with LLVM Exceptions.
        -:    4:// See https://llvm.org/LICENSE.txt for license information.
        -:    5:// SPDX-License-Identifier: Apache-2.0 WITH LLVM-exception
        -:    6://
        -:    7://===----------------------------------------------------------------------===//
        -:    8:
        -:    9:#ifndef _LIBCPP___UTILITY_SWAP_H
        -:   10:#define _LIBCPP___UTILITY_SWAP_H
        -:   11:
        -:   12:#include <__config>
        -:   13:#include <__type_traits/is_move_assignable.h>
        -:   14:#include <__type_traits/is_move_constructible.h>
        -:   15:#include <__type_traits/is_nothrow_move_assignable.h>
        -:   16:#include <__type_traits/is_nothrow_move_constructible.h>
        -:   17:#include <__type_traits/is_swappable.h>
        -:   18:#include <__utility/declval.h>
        -:   19:#include <__utility/move.h>
        -:   20:#include <cstddef>
        -:   21:
        -:   22:#if !defined(_LIBCPP_HAS_NO_PRAGMA_SYSTEM_HEADER)
        -:   23:#  pragma GCC system_header
        -:   24:#endif
        -:   25:
        -:   26:_LIBCPP_BEGIN_NAMESPACE_STD
        -:   27:
        -:   28:#ifndef _LIBCPP_CXX03_LANG
        -:   29:template <class _Tp>
        -:   30:using __swap_result_t = typename enable_if<is_move_constructible<_Tp>::value && is_move_assignable<_Tp>::value>::type;
        -:   31:#else
        -:   32:template <class>
        -:   33:using __swap_result_t = void;
        -:   34:#endif
        -:   35:
        -:   36:template <class _Tp>
function _ZNSt3__14swapB7v160006IbEENS_9enable_ifIXaasr21is_move_constructibleIT_EE5valuesr18is_move_assignableIS2_EE5valueEvE4typeERS2_S5_ called 0 returned 0% blocks executed 0%
function _ZNSt3__14swapB7v160006IPPcEENS_9enable_ifIXaasr21is_move_constructibleIT_EE5valuesr18is_move_assignableIS4_EE5valueEvE4typeERS4_S7_ called 0 returned 0% blocks executed 0%
function _ZNSt3__14swapB7v160006IPN7testing14TestPartResultEEENS_9enable_ifIXaasr21is_move_constructibleIT_EE5valuesr18is_move_assignableIS5_EE5valueEvE4typeERS5_S8_ called 0 returned 0% blocks executed 0%
function _ZNSt3__14swapB7v160006IPNS_12basic_stringIcNS_11char_traitsIcEENS_9allocatorIcEEEEEENS_9enable_ifIXaasr21is_move_constructibleIT_EE5valuesr18is_move_assignableIS9_EE5valueEvE4typeERS9_SC_ called 48 returned 100% blocks executed 100%
function _ZNSt3__14swapB7v160006ImEENS_9enable_ifIXaasr21is_move_constructibleIT_EE5valuesr18is_move_assignableIS2_EE5valueEvE4typeERS2_S5_ called 0 returned 0% blocks executed 0%
function _ZNSt3__14swapB7v160006IPN7testing8internal13edit_distance8EditTypeEEENS_9enable_ifIXaasr21is_move_constructibleIT_EE5valuesr18is_move_assignableIS7_EE5valueEvE4typeERS7_SA_ called 0 returned 0% blocks executed 0%
function _ZNSt3__14swapB7v160006IN7testing8internal13edit_distance8EditTypeEEENS_9enable_ifIXaasr21is_move_constructibleIT_EE5valuesr18is_move_assignableIS6_EE5valueEvE4typeERS6_S9_ called 0 returned 0% blocks executed 0%
function _ZNSt3__14swapB7v160006IPmEENS_9enable_ifIXaasr21is_move_constructibleIT_EE5valuesr18is_move_assignableIS3_EE5valueEvE4typeERS3_S6_ called 0 returned 0% blocks executed 0%
function _ZNSt3__14swapB7v160006IPN7testing12TestPropertyEEENS_9enable_ifIXaasr21is_move_constructibleIT_EE5valuesr18is_move_assignableIS5_EE5valueEvE4typeERS5_S8_ called 0 returned 0% blocks executed 0%
function _ZNSt3__14swapB7v160006IPPN7testing8TestInfoEEENS_9enable_ifIXaasr21is_move_constructibleIT_EE5valuesr18is_move_assignableIS6_EE5valueEvE4typeERS6_S9_ called 15 returned 100% blocks executed 100%
function _ZNSt3__14swapB7v160006IPiEENS_9enable_ifIXaasr21is_move_constructibleIT_EE5valuesr18is_move_assignableIS3_EE5valueEvE4typeERS3_S6_ called 18 returned 100% blocks executed 100%
function _ZNSt3__14swapB7v160006IPPN7testing17TestEventListenerEEENS_9enable_ifIXaasr21is_move_constructibleIT_EE5valuesr18is_move_assignableIS6_EE5valueEvE4typeERS6_S9_ called 3 returned 100% blocks executed 100%
function _ZNSt3__14swapB7v160006IPPN7testing11EnvironmentEEENS_9enable_ifIXaasr21is_move_constructibleIT_EE5valuesr18is_move_assignableIS6_EE5valueEvE4typeERS6_S9_ called 0 returned 0% blocks executed 0%
function _ZNSt3__14swapB7v160006IPN7testing8internal9TraceInfoEEENS_9enable_ifIXaasr21is_move_constructibleIT_EE5valuesr18is_move_assignableIS6_EE5valueEvE4typeERS6_S9_ called 0 returned 0% blocks executed 0%
function _ZNSt3__14swapB7v160006IPPN7testing9TestSuiteEEENS_9enable_ifIXaasr21is_move_constructibleIT_EE5valuesr18is_move_assignableIS6_EE5valueEvE4typeERS6_S9_ called 3 returned 100% blocks executed 100%
function _ZNSt3__14swapB7v160006INS_12basic_stringIcNS_11char_traitsIcEENS_9allocatorIcEEE5__repEEENS_9enable_ifIXaasr21is_move_constructibleIT_EE5valuesr18is_move_assignableIS9_EE5valueEvE4typeERS9_SC_ called 0 returned 0% blocks executed 0%
function _ZNSt3__14swapB7v160006INS_14default_deleteINS_12basic_stringIcNS_11char_traitsIcEENS_9allocatorIcEEEEEEEENS_9enable_ifIXaasr21is_move_constructibleIT_EE5valuesr18is_move_assignableISA_EE5valueEvE4typeERSA_SD_ called 0 returned 0% blocks executed 0%
function _ZNSt3__14swapB7v160006IiEENS_9enable_ifIXaasr21is_move_constructibleIT_EE5valuesr18is_move_assignableIS2_EE5valueEvE4typeERS2_S5_ called 0 returned 0% blocks executed 0%
       87:   37:inline _LIBCPP_INLINE_VISIBILITY __swap_result_t<_Tp> _LIBCPP_CONSTEXPR_SINCE_CXX20 swap(_Tp& __x, _Tp& __y)
        -:   38:    _NOEXCEPT_(is_nothrow_move_constructible<_Tp>::value&& is_nothrow_move_assignable<_Tp>::value) {
       87:   39:  _Tp __t(_VSTD::move(__x));
       87:   40:  __x = _VSTD::move(__y);
       87:   41:  __y = _VSTD::move(__t);
       87:   42:}
    $$$$$:   42-block  0
    $$$$$:   42-block  1
    $$$$$:   42-block  2
       48:   42-block  3
    $$$$$:   42-block  4
    $$$$$:   42-block  5
    $$$$$:   42-block  6
    $$$$$:   42-block  7
    $$$$$:   42-block  8
       15:   42-block  9
       18:   42-block 10
        3:   42-block 11
    $$$$$:   42-block 12
    $$$$$:   42-block 13
        3:   42-block 14
    $$$$$:   42-block 15
    $$$$$:   42-block 16
    $$$$$:   42-block 17
        -:   43:
        -:   44:template <class _Tp, size_t _Np>
        -:   45:inline _LIBCPP_INLINE_VISIBILITY _LIBCPP_CONSTEXPR_SINCE_CXX20 typename enable_if<__is_swappable<_Tp>::value>::type
        -:   46:swap(_Tp (&__a)[_Np], _Tp (&__b)[_Np]) _NOEXCEPT_(__is_nothrow_swappable<_Tp>::value) {
        -:   47:  for (size_t __i = 0; __i != _Np; ++__i) {
        -:   48:    swap(__a[__i], __b[__i]);
        -:   49:  }
        -:   50:}
        -:   51:
        -:   52:_LIBCPP_END_NAMESPACE_STD
        -:   53:
        -:   54:#endif // _LIBCPP___UTILITY_SWAP_H
