        -:    0:Source:/Library/Developer/CommandLineTools/SDKs/MacOSX14.2.sdk/usr/include/c++/v1/__algorithm/find.h
        -:    0:Graph:/Users/ivanmovile/CLionProjects/Stack/cmake-build-debug/_deps/googletest-build/googletest/CMakeFiles/gtest.dir/src/gtest-all.cc.gcno
        -:    0:Data:/Users/ivanmovile/CLionProjects/Stack/cmake-build-debug/_deps/googletest-build/googletest/CMakeFiles/gtest.dir/src/gtest-all.cc.gcda
        -:    0:Runs:1
        -:    0:Programs:1
        -:    1:// -*- C++ -*-
        -:    2://===----------------------------------------------------------------------===//
        -:    3://
        -:    4:// Part of the LLVM Project, under the Apache License v2.0 with LLVM Exceptions.
        -:    5:// See https://llvm.org/LICENSE.txt for license information.
        -:    6:// SPDX-License-Identifier: Apache-2.0 WITH LLVM-exception
        -:    7://
        -:    8://===----------------------------------------------------------------------===//
        -:    9:
        -:   10:#ifndef _LIBCPP___ALGORITHM_FIND_H
        -:   11:#define _LIBCPP___ALGORITHM_FIND_H
        -:   12:
        -:   13:#include <__config>
        -:   14:
        -:   15:#if !defined(_LIBCPP_HAS_NO_PRAGMA_SYSTEM_HEADER)
        -:   16:#  pragma GCC system_header
        -:   17:#endif
        -:   18:
        -:   19:_LIBCPP_BEGIN_NAMESPACE_STD
        -:   20:
        -:   21:template <class _InputIterator, class _Tp>
        -:   22:_LIBCPP_NODISCARD_EXT inline _LIBCPP_INLINE_VISIBILITY _LIBCPP_CONSTEXPR_SINCE_CXX20 _InputIterator
function _ZNSt3__14findB7v160006INS_11__wrap_iterIPKNS_12basic_stringIcNS_11char_traitsIcEENS_9allocatorIcEEEEEES7_EET_SB_SB_RKT0_ called 0 returned 0% blocks executed 0%
    #####:   23:find(_InputIterator __first, _InputIterator __last, const _Tp& __value) {
    #####:   24:  for (; __first != __last; ++__first)
    $$$$$:   24-block  0
    $$$$$:   24-block  1
    $$$$$:   24-block  2
    $$$$$:   24-block  3
    #####:   25:    if (*__first == __value)
    $$$$$:   25-block  0
branch  0 never executed
branch  1 never executed
    $$$$$:   25-block  1
    #####:   26:      break;
    $$$$$:   26-block  0
    #####:   27:  return __first;
    $$$$$:   27-block  0
        -:   28:}
        -:   29:
        -:   30:_LIBCPP_END_NAMESPACE_STD
        -:   31:
        -:   32:#endif // _LIBCPP___ALGORITHM_FIND_H
